Started by user Nana Adeku
Running as SYSTEM
Building in workspace /var/jenkins_home/workspace/my_first_job
The recommended git tool is: NONE
using credential ffe5ede3-62ef-4697-98b4-2c3e21bb606a
 > git rev-parse --is-inside-work-tree # timeout=10
Fetching changes from the remote Git repository
 > git config remote.origin.url https://github.com/Nanahawau/Ecommerce-Application.git # timeout=10
Fetching upstream changes from https://github.com/Nanahawau/Ecommerce-Application.git
 > git --version # timeout=10
 > git --version # 'git version 2.26.2'
using GIT_SSH to set credentials jenkins_ec2
 > git fetch --tags --force --progress -- https://github.com/Nanahawau/Ecommerce-Application.git +refs/heads/*:refs/remotes/origin/* # timeout=10
 > git rev-parse refs/remotes/origin/main^{commit} # timeout=10
Checking out Revision 525e12065bfe9103b2e3a01bb356a19cb23ce348 (refs/remotes/origin/main)
 > git config core.sparsecheckout # timeout=10
 > git checkout -f 525e12065bfe9103b2e3a01bb356a19cb23ce348 # timeout=10
Commit message: "comment out jenkinsfile"
 > git rev-list --no-walk 525e12065bfe9103b2e3a01bb356a19cb23ce348 # timeout=10
[my_first_job] $ mvn -f pom.xml package
[INFO] Scanning for projects...
[INFO] 
[INFO] ----------------------< com.example:auth-course >-----------------------
[INFO] Building auth-course 0.0.1-SNAPSHOT
[INFO] --------------------------------[ jar ]---------------------------------
[INFO] 
[INFO] --- maven-resources-plugin:3.1.0:resources (default-resources) @ auth-course ---
[INFO] Using 'UTF-8' encoding to copy filtered resources.
[INFO] Copying 1 resource
[INFO] Copying 4 resources
[INFO] 
[INFO] --- maven-compiler-plugin:3.8.1:compile (default-compile) @ auth-course ---
[INFO] Changes detected - recompiling the module!
[INFO] Compiling 20 source files to /var/jenkins_home/workspace/my_first_job/target/classes
[INFO] 
[INFO] --- maven-resources-plugin:3.1.0:testResources (default-testResources) @ auth-course ---
[INFO] Using 'UTF-8' encoding to copy filtered resources.
[INFO] skip non existing resourceDirectory /var/jenkins_home/workspace/my_first_job/src/test/resources
[INFO] 
[INFO] --- maven-compiler-plugin:3.8.1:testCompile (default-testCompile) @ auth-course ---
[INFO] Changes detected - recompiling the module!
[INFO] Compiling 6 source files to /var/jenkins_home/workspace/my_first_job/target/test-classes
[INFO] 
[INFO] --- maven-surefire-plugin:2.22.2:test (default-test) @ auth-course ---
[INFO] 
[INFO] -------------------------------------------------------
[INFO]  T E S T S
[INFO] -------------------------------------------------------
[INFO] Running com.example.demo.controllers.CartControllerTest
[INFO] Tests run: 6, Failures: 0, Errors: 0, Skipped: 0, Time elapsed: 1.332 s - in com.example.demo.controllers.CartControllerTest
[INFO] Running com.example.demo.controllers.ItemControllerTest
[INFO] Tests run: 5, Failures: 0, Errors: 0, Skipped: 0, Time elapsed: 0.001 s - in com.example.demo.controllers.ItemControllerTest
[INFO] Running com.example.demo.controllers.OrderControllerTest
SLF4J: Class path contains multiple SLF4J bindings.
SLF4J: Found binding in [jar:file:/root/.m2/repository/ch/qos/logback/logback-classic/1.2.3/logback-classic-1.2.3.jar!/org/slf4j/impl/StaticLoggerBinder.class]
SLF4J: Found binding in [jar:file:/root/.m2/repository/org/slf4j/slf4j-log4j12/1.7.25/slf4j-log4j12-1.7.25.jar!/org/slf4j/impl/StaticLoggerBinder.class]
SLF4J: See http://www.slf4j.org/codes.html#multiple_bindings for an explanation.
SLF4J: Actual binding is of type [ch.qos.logback.classic.util.ContextSelectorStaticBinder]
17:26:08.305 [main] INFO com.example.demo.controllers.OrderController - orderrequestsfailures =User is null
17:26:08.313 [main] INFO com.example.demo.controllers.OrderController - Purchasefetchedsuccessful =[com.example.demo.model.persistence.UserOrder@1205bd62]
17:26:08.315 [main] INFO com.example.demo.controllers.OrderController - purchasehistory =User is null
17:26:08.317 [main] INFO com.example.demo.controllers.OrderController - orderrequestssuccesses =com.example.demo.model.persistence.UserOrder@7ef27d7f
[INFO] Tests run: 4, Failures: 0, Errors: 0, Skipped: 0, Time elapsed: 0.221 s - in com.example.demo.controllers.OrderControllerTest
[INFO] Running com.example.demo.controllers.UserControllerTest
User{id=0, username='Hello', password='null', cart=null}user
17:26:08.398 [main] INFO com.example.demo.controllers.UserController - Username name set with = Hello
17:26:08.399 [main] INFO com.example.demo.controllers.UserController - CreateUserrequestfailures = Password length is either less than 7 or Password is not equal to ConfirmPassword
17:26:08.406 [main] INFO com.example.demo.controllers.UserController - Username name set with = Hello
17:26:08.407 [main] INFO com.example.demo.controllers.UserController - CreateUserrequestsuccesses = User{id=0, username='Hello', password='thisishashed', cart=com.example.demo.model.persistence.Cart@5a5338df}
17:26:08.409 [main] INFO com.example.demo.controllers.UserController - Username name set with = Hello
17:26:08.410 [main] INFO com.example.demo.controllers.UserController - CreateUserrequestfailures = Password length is either less than 7 or Password is not equal to ConfirmPassword
[INFO] Tests run: 5, Failures: 0, Errors: 0, Skipped: 0, Time elapsed: 0.079 s - in com.example.demo.controllers.UserControllerTest
[INFO] Running com.example.demo.SareetaApplicationTests
17:26:08.493 [main] DEBUG org.springframework.test.context.junit4.SpringJUnit4ClassRunner - SpringJUnit4ClassRunner constructor called with [class com.example.demo.SareetaApplicationTests]
17:26:08.497 [main] DEBUG org.springframework.test.context.BootstrapUtils - Instantiating CacheAwareContextLoaderDelegate from class [org.springframework.test.context.cache.DefaultCacheAwareContextLoaderDelegate]
17:26:08.519 [main] DEBUG org.springframework.test.context.BootstrapUtils - Instantiating BootstrapContext using constructor [public org.springframework.test.context.support.DefaultBootstrapContext(java.lang.Class,org.springframework.test.context.CacheAwareContextLoaderDelegate)]
17:26:08.567 [main] DEBUG org.springframework.test.context.BootstrapUtils - Instantiating TestContextBootstrapper for test class [com.example.demo.SareetaApplicationTests] from class [org.springframework.boot.test.context.SpringBootTestContextBootstrapper]
17:26:08.602 [main] INFO org.springframework.boot.test.context.SpringBootTestContextBootstrapper - Neither @ContextConfiguration nor @ContextHierarchy found for test class [com.example.demo.SareetaApplicationTests], using SpringBootContextLoader
17:26:08.614 [main] DEBUG org.springframework.test.context.support.AbstractContextLoader - Did not detect default resource location for test class [com.example.demo.SareetaApplicationTests]: class path resource [com/example/demo/SareetaApplicationTests-context.xml] does not exist
17:26:08.622 [main] DEBUG org.springframework.test.context.support.AbstractContextLoader - Did not detect default resource location for test class [com.example.demo.SareetaApplicationTests]: class path resource [com/example/demo/SareetaApplicationTestsContext.groovy] does not exist
17:26:08.624 [main] INFO org.springframework.test.context.support.AbstractContextLoader - Could not detect default resource locations for test class [com.example.demo.SareetaApplicationTests]: no resource found for suffixes {-context.xml, Context.groovy}.
17:26:08.626 [main] INFO org.springframework.test.context.support.AnnotationConfigContextLoaderUtils - Could not detect default configuration classes for test class [com.example.demo.SareetaApplicationTests]: SareetaApplicationTests does not declare any static, non-private, non-final, nested classes annotated with @Configuration.
17:26:08.738 [main] DEBUG org.springframework.test.context.support.ActiveProfilesUtils - Could not find an 'annotation declaring class' for annotation type [org.springframework.test.context.ActiveProfiles] and class [com.example.demo.SareetaApplicationTests]
17:26:08.923 [main] DEBUG org.springframework.context.annotation.ClassPathScanningCandidateComponentProvider - Identified candidate component class: file [/var/jenkins_home/workspace/my_first_job/target/classes/com/example/demo/SareetaApplication.class]
17:26:08.930 [main] INFO org.springframework.boot.test.context.SpringBootTestContextBootstrapper - Found @SpringBootConfiguration com.example.demo.SareetaApplication for test class com.example.demo.SareetaApplicationTests
17:26:09.096 [main] DEBUG org.springframework.boot.test.context.SpringBootTestContextBootstrapper - @TestExecutionListeners is not present for class [com.example.demo.SareetaApplicationTests]: using defaults.
17:26:09.102 [main] INFO org.springframework.boot.test.context.SpringBootTestContextBootstrapper - Loaded default TestExecutionListener class names from location [META-INF/spring.factories]: [org.springframework.boot.test.mock.mockito.MockitoTestExecutionListener, org.springframework.boot.test.mock.mockito.ResetMocksTestExecutionListener, org.springframework.boot.test.autoconfigure.restdocs.RestDocsTestExecutionListener, org.springframework.boot.test.autoconfigure.web.client.MockRestServiceServerResetTestExecutionListener, org.springframework.boot.test.autoconfigure.web.servlet.MockMvcPrintOnlyOnFailureTestExecutionListener, org.springframework.boot.test.autoconfigure.web.servlet.WebDriverTestExecutionListener, org.springframework.test.context.web.ServletTestExecutionListener, org.springframework.test.context.support.DirtiesContextBeforeModesTestExecutionListener, org.springframework.test.context.support.DependencyInjectionTestExecutionListener, org.springframework.test.context.support.DirtiesContextTestExecutionListener, org.springframework.test.context.transaction.TransactionalTestExecutionListener, org.springframework.test.context.jdbc.SqlScriptsTestExecutionListener]
17:26:09.154 [main] INFO org.springframework.boot.test.context.SpringBootTestContextBootstrapper - Using TestExecutionListeners: [org.springframework.test.context.web.ServletTestExecutionListener@4fc5e095, org.springframework.test.context.support.DirtiesContextBeforeModesTestExecutionListener@435871cb, org.springframework.boot.test.mock.mockito.MockitoTestExecutionListener@609640d5, org.springframework.boot.test.autoconfigure.SpringBootDependencyInjectionTestExecutionListener@79da1ec0, org.springframework.test.context.support.DirtiesContextTestExecutionListener@19fb8826, org.springframework.test.context.transaction.TransactionalTestExecutionListener@192d74fb, org.springframework.test.context.jdbc.SqlScriptsTestExecutionListener@4bef0fe3, org.springframework.boot.test.mock.mockito.ResetMocksTestExecutionListener@62ea3440, org.springframework.boot.test.autoconfigure.restdocs.RestDocsTestExecutionListener@27953a83, org.springframework.boot.test.autoconfigure.web.client.MockRestServiceServerResetTestExecutionListener@556d0826, org.springframework.boot.test.autoconfigure.web.servlet.MockMvcPrintOnlyOnFailureTestExecutionListener@66ce957f, org.springframework.boot.test.autoconfigure.web.servlet.WebDriverTestExecutionListener@55b5f5d2]
17:26:09.161 [main] DEBUG org.springframework.test.annotation.ProfileValueUtils - Retrieved @ProfileValueSourceConfiguration [null] for test class [com.example.demo.SareetaApplicationTests]
17:26:09.162 [main] DEBUG org.springframework.test.annotation.ProfileValueUtils - Retrieved ProfileValueSource type [class org.springframework.test.annotation.SystemProfileValueSource] for class [com.example.demo.SareetaApplicationTests]
17:26:09.163 [main] DEBUG org.springframework.test.annotation.ProfileValueUtils - Retrieved @ProfileValueSourceConfiguration [null] for test class [com.example.demo.SareetaApplicationTests]
17:26:09.163 [main] DEBUG org.springframework.test.annotation.ProfileValueUtils - Retrieved ProfileValueSource type [class org.springframework.test.annotation.SystemProfileValueSource] for class [com.example.demo.SareetaApplicationTests]
17:26:09.164 [main] DEBUG org.springframework.test.annotation.ProfileValueUtils - Retrieved @ProfileValueSourceConfiguration [null] for test class [com.example.demo.SareetaApplicationTests]
17:26:09.164 [main] DEBUG org.springframework.test.annotation.ProfileValueUtils - Retrieved ProfileValueSource type [class org.springframework.test.annotation.SystemProfileValueSource] for class [com.example.demo.SareetaApplicationTests]
17:26:09.170 [main] DEBUG org.springframework.test.context.support.AbstractDirtiesContextTestExecutionListener - Before test class: context [DefaultTestContext@47605f2f testClass = SareetaApplicationTests, testInstance = [null], testMethod = [null], testException = [null], mergedContextConfiguration = [WebMergedContextConfiguration@2ece4966 testClass = SareetaApplicationTests, locations = '{}', classes = '{class com.example.demo.SareetaApplication}', contextInitializerClasses = '[]', activeProfiles = '{}', propertySourceLocations = '{}', propertySourceProperties = '{org.springframework.boot.test.context.SpringBootTestContextBootstrapper=true}', contextCustomizers = set[org.springframework.boot.test.context.filter.ExcludeFilterContextCustomizer@3c9c0d96, org.springframework.boot.test.json.DuplicateJsonObjectContextCustomizerFactory$DuplicateJsonObjectContextCustomizer@4ed5eb72, org.springframework.boot.test.mock.mockito.MockitoContextCustomizer@0, org.springframework.boot.test.web.client.TestRestTemplateContextCustomizer@3d1848cc, org.springframework.boot.test.autoconfigure.properties.PropertyMappingContextCustomizer@0, org.springframework.boot.test.autoconfigure.web.servlet.WebDriverContextCustomizerFactory$Customizer@2dcd168a], resourceBasePath = 'src/main/webapp', contextLoader = 'org.springframework.boot.test.context.SpringBootContextLoader', parent = [null]], attributes = map['org.springframework.test.context.web.ServletTestExecutionListener.activateListener' -> true]], class annotated with @DirtiesContext [false] with mode [null].
17:26:09.173 [main] DEBUG org.springframework.test.annotation.ProfileValueUtils - Retrieved @ProfileValueSourceConfiguration [null] for test class [com.example.demo.SareetaApplicationTests]
17:26:09.175 [main] DEBUG org.springframework.test.annotation.ProfileValueUtils - Retrieved ProfileValueSource type [class org.springframework.test.annotation.SystemProfileValueSource] for class [com.example.demo.SareetaApplicationTests]
17:26:09.214 [main] DEBUG org.springframework.test.context.support.TestPropertySourceUtils - Adding inlined properties to environment: {spring.jmx.enabled=false, org.springframework.boot.test.context.SpringBootTestContextBootstrapper=true, server.port=-1}

  .   ____          _            __ _ _
 /\\ / ___'_ __ _ _(_)_ __  __ _ \ \ \ \
( ( )\___ | '_ | '_| | '_ \/ _` | \ \ \ \
 \\/  ___)| |_)| | | | | || (_| |  ) ) ) )
  '  |____| .__|_| |_|_| |_\__, | / / / /
 =========|_|==============|___/=/_/_/_/
 :: Spring Boot ::        (v2.1.5.RELEASE)

2021-02-18 17:26:10.101  INFO 2494 --- [           main] c.example.demo.SareetaApplicationTests   : Starting SareetaApplicationTests on 7c52c5da8b07 with PID 2494 (started by root in /var/jenkins_home/workspace/my_first_job)
2021-02-18 17:26:10.109  INFO 2494 --- [           main] c.example.demo.SareetaApplicationTests   : No active profile set, falling back to default profiles: default
2021-02-18 17:26:11.942  INFO 2494 --- [           main] .s.d.r.c.RepositoryConfigurationDelegate : Bootstrapping Spring Data repositories in DEFAULT mode.
2021-02-18 17:26:12.191  INFO 2494 --- [           main] .s.d.r.c.RepositoryConfigurationDelegate : Finished Spring Data repository scanning in 141ms. Found 4 repository interfaces.
2021-02-18 17:26:13.535  INFO 2494 --- [           main] trationDelegate$BeanPostProcessorChecker : Bean 'org.springframework.transaction.annotation.ProxyTransactionManagementConfiguration' of type [org.springframework.transaction.annotation.ProxyTransactionManagementConfiguration$$EnhancerBySpringCGLIB$$de8f0f6c] is not eligible for getting processed by all BeanPostProcessors (for example: not eligible for auto-proxying)
2021-02-18 17:26:14.069  INFO 2494 --- [           main] com.zaxxer.hikari.HikariDataSource       : HikariPool-1 - Starting...
2021-02-18 17:26:14.434  INFO 2494 --- [           main] com.zaxxer.hikari.HikariDataSource       : HikariPool-1 - Start completed.
2021-02-18 17:26:14.635  INFO 2494 --- [           main] o.hibernate.jpa.internal.util.LogHelper  : HHH000204: Processing PersistenceUnitInfo [
	name: default
	...]
2021-02-18 17:26:14.895  INFO 2494 --- [           main] org.hibernate.Version                    : HHH000412: Hibernate Core {5.3.10.Final}
2021-02-18 17:26:14.899  INFO 2494 --- [           main] org.hibernate.cfg.Environment            : HHH000206: hibernate.properties not found
2021-02-18 17:26:15.027  INFO 2494 --- [           main] o.hibernate.annotations.common.Version   : HCANN000001: Hibernate Commons Annotations {5.0.4.Final}
2021-02-18 17:26:15.314  INFO 2494 --- [           main] org.hibernate.dialect.Dialect            : HHH000400: Using dialect: org.hibernate.dialect.H2Dialect
2021-02-18 17:26:16.666  INFO 2494 --- [           main] j.LocalContainerEntityManagerFactoryBean : Initialized JPA EntityManagerFactory for persistence unit 'default'
2021-02-18 17:26:18.530  WARN 2494 --- [           main] aWebConfiguration$JpaWebMvcConfiguration : spring.jpa.open-in-view is enabled by default. Therefore, database queries may be performed during view rendering. Explicitly configure spring.jpa.open-in-view to disable this warning
2021-02-18 17:26:18.846  INFO 2494 --- [           main] o.s.s.web.DefaultSecurityFilterChain     : Creating filter chain: any request, [org.springframework.security.web.context.request.async.WebAsyncManagerIntegrationFilter@7742a276, org.springframework.security.web.context.SecurityContextPersistenceFilter@3c71cf3e, org.springframework.security.web.header.HeaderWriterFilter@fee881, org.springframework.web.filter.CorsFilter@1f48fa72, org.springframework.security.web.authentication.logout.LogoutFilter@797f97e3, com.example.demo.security.JWTAuthenticationFilter@35b3c1f6, com.example.demo.security.JWTAuthenticationVerificationFilter@495da9a7, org.springframework.security.web.savedrequest.RequestCacheAwareFilter@5af38a4a, org.springframework.security.web.servletapi.SecurityContextHolderAwareRequestFilter@25f7cc38, org.springframework.security.web.authentication.AnonymousAuthenticationFilter@2beee3e8, org.springframework.security.web.session.SessionManagementFilter@3b9c9b8b, org.springframework.security.web.access.ExceptionTranslationFilter@37806be6, org.springframework.security.web.access.intercept.FilterSecurityInterceptor@2c1ea7be]
2021-02-18 17:26:19.963  INFO 2494 --- [           main] o.s.s.concurrent.ThreadPoolTaskExecutor  : Initializing ExecutorService 'applicationTaskExecutor'
2021-02-18 17:26:20.649  INFO 2494 --- [           main] c.example.demo.SareetaApplicationTests   : Started SareetaApplicationTests in 11.395 seconds (JVM running for 14.794)
[INFO] Tests run: 1, Failures: 0, Errors: 0, Skipped: 0, Time elapsed: 12.286 s - in com.example.demo.SareetaApplicationTests
2021-02-18 17:26:20.756  INFO 2494 --- [       Thread-3] o.s.s.concurrent.ThreadPoolTaskExecutor  : Shutting down ExecutorService 'applicationTaskExecutor'
2021-02-18 17:26:20.763  INFO 2494 --- [       Thread-3] j.LocalContainerEntityManagerFactoryBean : Closing JPA EntityManagerFactory for persistence unit 'default'
2021-02-18 17:26:20.770  INFO 2494 --- [       Thread-3] com.zaxxer.hikari.HikariDataSource       : HikariPool-1 - Shutdown initiated...
2021-02-18 17:26:20.775  INFO 2494 --- [       Thread-3] com.zaxxer.hikari.HikariDataSource       : HikariPool-1 - Shutdown completed.
[INFO] 
[INFO] Results:
[INFO] 
[INFO] Tests run: 21, Failures: 0, Errors: 0, Skipped: 0
[INFO] 
[INFO] 
[INFO] --- maven-jar-plugin:3.1.1:jar (default-jar) @ auth-course ---
Downloading from central: https://repo.maven.apache.org/maven2/org/apache/maven/maven-archiver/3.3.0/maven-archiver-3.3.0.pom
Progress (1): 2.7/4.4 kBProgress (1): 4.4 kB                        Downloaded from central: https://repo.maven.apache.org/maven2/org/apache/maven/maven-archiver/3.3.0/maven-archiver-3.3.0.pom (4.4 kB at 6.3 kB/s)
Downloading from central: https://repo.maven.apache.org/maven2/org/apache/maven/shared/maven-shared-components/33/maven-shared-components-33.pom
Progress (1): 2.7/5.1 kBProgress (1): 5.1 kB                        Downloaded from central: https://repo.maven.apache.org/maven2/org/apache/maven/shared/maven-shared-components/33/maven-shared-components-33.pom (5.1 kB at 124 kB/s)
Downloading from central: https://repo.maven.apache.org/maven2/org/codehaus/plexus/plexus-archiver/3.6.0/plexus-archiver-3.6.0.pom
Progress (1): 2.7/4.8 kBProgress (1): 4.8 kB                        Downloaded from central: https://repo.maven.apache.org/maven2/org/codehaus/plexus/plexus-archiver/3.6.0/plexus-archiver-3.6.0.pom (4.8 kB at 107 kB/s)
Downloading from central: https://repo.maven.apache.org/maven2/org/codehaus/plexus/plexus/5.0/plexus-5.0.pom
Progress (1): 2.7/21 kBProgress (1): 5.5/21 kBProgress (1): 8.2/21 kBProgress (1): 11/21 kB Progress (1): 14/21 kBProgress (1): 16/21 kBProgress (1): 19/21 kBProgress (1): 21 kB                      Downloaded from central: https://repo.maven.apache.org/maven2/org/codehaus/plexus/plexus/5.0/plexus-5.0.pom (21 kB at 356 kB/s)
Downloading from central: https://repo.maven.apache.org/maven2/org/codehaus/plexus/plexus-io/3.0.1/plexus-io-3.0.1.pom
Progress (1): 2.7/4.5 kBProgress (1): 4.5 kB                        Downloaded from central: https://repo.maven.apache.org/maven2/org/codehaus/plexus/plexus-io/3.0.1/plexus-io-3.0.1.pom (4.5 kB at 120 kB/s)
Downloading from central: https://repo.maven.apache.org/maven2/commons-io/commons-io/2.6/commons-io-2.6.pom
Progress (1): 2.7/14 kBProgress (1): 5.5/14 kBProgress (1): 8.2/14 kBProgress (1): 11/14 kB Progress (1): 14/14 kBProgress (1): 14 kB                      Downloaded from central: https://repo.maven.apache.org/maven2/commons-io/commons-io/2.6/commons-io-2.6.pom (14 kB at 339 kB/s)
Downloading from central: https://repo.maven.apache.org/maven2/org/apache/commons/commons-compress/1.16.1/commons-compress-1.16.1.pom
Progress (1): 2.7/16 kBProgress (1): 5.5/16 kBProgress (1): 8.2/16 kBProgress (1): 11/16 kB Progress (1): 14/16 kBProgress (1): 16 kB                      Downloaded from central: https://repo.maven.apache.org/maven2/org/apache/commons/commons-compress/1.16.1/commons-compress-1.16.1.pom (16 kB at 307 kB/s)
Downloading from central: https://repo.maven.apache.org/maven2/org/apache/commons/commons-parent/43/commons-parent-43.pom
Progress (1): 2.7/70 kBProgress (1): 5.5/70 kBProgress (1): 8.2/70 kBProgress (1): 11/70 kB Progress (1): 14/70 kBProgress (1): 16/70 kBProgress (1): 19/70 kBProgress (1): 22/70 kBProgress (1): 25/70 kBProgress (1): 27/70 kBProgress (1): 30/70 kBProgress (1): 33/70 kBProgress (1): 36/70 kBProgress (1): 38/70 kBProgress (1): 41/70 kBProgress (1): 44/70 kBProgress (1): 47/70 kBProgress (1): 49/70 kBProgress (1): 52/70 kBProgress (1): 55/70 kBProgress (1): 58/70 kBProgress (1): 60/70 kBProgress (1): 63/70 kBProgress (1): 66/70 kBProgress (1): 69/70 kBProgress (1): 70 kB                      Downloaded from central: https://repo.maven.apache.org/maven2/org/apache/commons/commons-parent/43/commons-parent-43.pom (70 kB at 910 kB/s)
Downloading from central: https://repo.maven.apache.org/maven2/org/iq80/snappy/snappy/0.4/snappy-0.4.pom
Progress (1): 2.7/15 kBProgress (1): 5.5/15 kBProgress (1): 8.2/15 kBProgress (1): 11/15 kB Progress (1): 14/15 kBProgress (1): 15 kB                      Downloaded from central: https://repo.maven.apache.org/maven2/org/iq80/snappy/snappy/0.4/snappy-0.4.pom (15 kB at 291 kB/s)
Downloading from central: https://repo.maven.apache.org/maven2/org/tukaani/xz/1.8/xz-1.8.pom
Progress (1): 1.9 kB                    Downloaded from central: https://repo.maven.apache.org/maven2/org/tukaani/xz/1.8/xz-1.8.pom (1.9 kB at 66 kB/s)
Downloading from central: https://repo.maven.apache.org/maven2/org/codehaus/plexus/plexus-interpolation/1.25/plexus-interpolation-1.25.pom
Progress (1): 2.6 kB                    Downloaded from central: https://repo.maven.apache.org/maven2/org/codehaus/plexus/plexus-interpolation/1.25/plexus-interpolation-1.25.pom (2.6 kB at 68 kB/s)
Downloading from central: https://repo.maven.apache.org/maven2/org/codehaus/plexus/plexus/5.1/plexus-5.1.pom
Progress (1): 2.7/23 kBProgress (1): 5.5/23 kBProgress (1): 8.2/23 kBProgress (1): 11/23 kB Progress (1): 14/23 kBProgress (1): 16/23 kBProgress (1): 19/23 kBProgress (1): 22/23 kBProgress (1): 23 kB                      Downloaded from central: https://repo.maven.apache.org/maven2/org/codehaus/plexus/plexus/5.1/plexus-5.1.pom (23 kB at 433 kB/s)
Downloading from central: https://repo.maven.apache.org/maven2/org/codehaus/plexus/plexus-archiver/3.7.0/plexus-archiver-3.7.0.pom
Progress (1): 2.7/4.8 kBProgress (1): 4.8 kB                        Downloaded from central: https://repo.maven.apache.org/maven2/org/codehaus/plexus/plexus-archiver/3.7.0/plexus-archiver-3.7.0.pom (4.8 kB at 147 kB/s)
Downloading from central: https://repo.maven.apache.org/maven2/org/codehaus/plexus/plexus-io/3.1.0/plexus-io-3.1.0.pom
Progress (1): 2.7/4.5 kBProgress (1): 4.5 kB                        Downloaded from central: https://repo.maven.apache.org/maven2/org/codehaus/plexus/plexus-io/3.1.0/plexus-io-3.1.0.pom (4.5 kB at 152 kB/s)
Downloading from central: https://repo.maven.apache.org/maven2/org/apache/commons/commons-compress/1.18/commons-compress-1.18.pom
Progress (1): 4.1/18 kBProgress (1): 8.2/18 kBProgress (1): 12/18 kB Progress (1): 16/18 kBProgress (1): 18 kB                      Downloaded from central: https://repo.maven.apache.org/maven2/org/apache/commons/commons-compress/1.18/commons-compress-1.18.pom (18 kB at 414 kB/s)
Downloading from central: https://repo.maven.apache.org/maven2/org/apache/commons/commons-parent/47/commons-parent-47.pom
Progress (1): 4.1/78 kBProgress (1): 8.2/78 kBProgress (1): 12/78 kB Progress (1): 16/78 kBProgress (1): 20/78 kBProgress (1): 25/78 kBProgress (1): 29/78 kBProgress (1): 33/78 kBProgress (1): 37/78 kBProgress (1): 41/78 kBProgress (1): 45/78 kBProgress (1): 49/78 kBProgress (1): 53/78 kBProgress (1): 57/78 kBProgress (1): 61/78 kBProgress (1): 66/78 kBProgress (1): 70/78 kBProgress (1): 74/78 kBProgress (1): 78 kB                      Downloaded from central: https://repo.maven.apache.org/maven2/org/apache/commons/commons-parent/47/commons-parent-47.pom (78 kB at 1.2 MB/s)
Downloading from central: https://repo.maven.apache.org/maven2/org/apache/maven/maven-archiver/3.3.0/maven-archiver-3.3.0.jar
Downloading from central: https://repo.maven.apache.org/maven2/org/codehaus/plexus/plexus-archiver/3.7.0/plexus-archiver-3.7.0.jar
Downloading from central: https://repo.maven.apache.org/maven2/org/codehaus/plexus/plexus-io/3.1.0/plexus-io-3.1.0.jar
Downloading from central: https://repo.maven.apache.org/maven2/org/apache/commons/commons-compress/1.18/commons-compress-1.18.jar
Downloading from central: https://repo.maven.apache.org/maven2/org/iq80/snappy/snappy/0.4/snappy-0.4.jar
Progress (1): 4.1/24 kBProgress (1): 8.2/24 kBProgress (1): 12/24 kB Progress (1): 16/24 kBProgress (1): 20/24 kBProgress (1): 24 kB                      Downloaded from central: https://repo.maven.apache.org/maven2/org/apache/maven/maven-archiver/3.3.0/maven-archiver-3.3.0.jar (24 kB at 323 kB/s)
Downloading from central: https://repo.maven.apache.org/maven2/org/tukaani/xz/1.8/xz-1.8.jar
Progress (1): 2.7/75 kBProgress (1): 5.5/75 kBProgress (1): 8.2/75 kBProgress (2): 8.2/75 kB | 2.7/592 kBProgress (2): 8.2/75 kB | 5.5/592 kBProgress (3): 8.2/75 kB | 5.5/592 kB | 2.7/192 kBProgress (3): 8.2/75 kB | 5.5/592 kB | 5.5/192 kBProgress (3): 8.2/75 kB | 5.5/592 kB | 8.2/192 kBProgress (3): 8.2/75 kB | 5.5/592 kB | 11/192 kB Progress (4): 8.2/75 kB | 5.5/592 kB | 11/192 kB | 2.7/58 kBProgress (4): 8.2/75 kB | 5.5/592 kB | 11/192 kB | 5.5/58 kBProgress (4): 8.2/75 kB | 5.5/592 kB | 11/192 kB | 8.2/58 kBProgress (4): 8.2/75 kB | 5.5/592 kB | 11/192 kB | 11/58 kB Progress (4): 8.2/75 kB | 5.5/592 kB | 11/192 kB | 14/58 kBProgress (4): 8.2/75 kB | 5.5/592 kB | 11/192 kB | 16/58 kBProgress (4): 11/75 kB | 5.5/592 kB | 11/192 kB | 16/58 kB Progress (4): 14/75 kB | 5.5/592 kB | 11/192 kB | 16/58 kBProgress (4): 14/75 kB | 8.2/592 kB | 11/192 kB | 16/58 kBProgress (4): 14/75 kB | 11/592 kB | 11/192 kB | 16/58 kB Progress (4): 14/75 kB | 14/592 kB | 11/192 kB | 16/58 kBProgress (4): 14/75 kB | 16/592 kB | 11/192 kB | 16/58 kBProgress (4): 14/75 kB | 19/592 kB | 11/192 kB | 16/58 kBProgress (4): 14/75 kB | 19/592 kB | 14/192 kB | 16/58 kBProgress (5): 14/75 kB | 19/592 kB | 14/192 kB | 16/58 kB | 4.1/109 kBProgress (5): 14/75 kB | 19/592 kB | 14/192 kB | 16/58 kB | 8.2/109 kBProgress (5): 14/75 kB | 19/592 kB | 14/192 kB | 16/58 kB | 12/109 kB Progress (5): 14/75 kB | 19/592 kB | 14/192 kB | 16/58 kB | 16/109 kBProgress (5): 14/75 kB | 19/592 kB | 14/192 kB | 16/58 kB | 20/109 kBProgress (5): 14/75 kB | 19/592 kB | 14/192 kB | 16/58 kB | 25/109 kBProgress (5): 14/75 kB | 19/592 kB | 14/192 kB | 16/58 kB | 29/109 kBProgress (5): 14/75 kB | 19/592 kB | 14/192 kB | 16/58 kB | 33/109 kBProgress (5): 14/75 kB | 19/592 kB | 14/192 kB | 16/58 kB | 37/109 kBProgress (5): 14/75 kB | 22/592 kB | 14/192 kB | 16/58 kB | 37/109 kBProgress (5): 14/75 kB | 25/592 kB | 14/192 kB | 16/58 kB | 37/109 kBProgress (5): 14/75 kB | 25/592 kB | 14/192 kB | 19/58 kB | 37/109 kBProgress (5): 16/75 kB | 25/592 kB | 14/192 kB | 19/58 kB | 37/109 kBProgress (5): 19/75 kB | 25/592 kB | 14/192 kB | 19/58 kB | 37/109 kBProgress (5): 22/75 kB | 25/592 kB | 14/192 kB | 19/58 kB | 37/109 kBProgress (5): 25/75 kB | 25/592 kB | 14/192 kB | 19/58 kB | 37/109 kBProgress (5): 27/75 kB | 25/592 kB | 14/192 kB | 19/58 kB | 37/109 kBProgress (5): 30/75 kB | 25/592 kB | 14/192 kB | 19/58 kB | 37/109 kBProgress (5): 33/75 kB | 25/592 kB | 14/192 kB | 19/58 kB | 37/109 kBProgress (5): 33/75 kB | 25/592 kB | 16/192 kB | 19/58 kB | 37/109 kBProgress (5): 33/75 kB | 25/592 kB | 19/192 kB | 19/58 kB | 37/109 kBProgress (5): 33/75 kB | 25/592 kB | 22/192 kB | 19/58 kB | 37/109 kBProgress (5): 33/75 kB | 25/592 kB | 25/192 kB | 19/58 kB | 37/109 kBProgress (5): 33/75 kB | 25/592 kB | 27/192 kB | 19/58 kB | 37/109 kBProgress (5): 33/75 kB | 25/592 kB | 30/192 kB | 19/58 kB | 37/109 kBProgress (5): 33/75 kB | 25/592 kB | 33/192 kB | 19/58 kB | 37/109 kBProgress (5): 33/75 kB | 25/592 kB | 33/192 kB | 22/58 kB | 37/109 kBProgress (5): 33/75 kB | 25/592 kB | 33/192 kB | 25/58 kB | 37/109 kBProgress (5): 33/75 kB | 25/592 kB | 33/192 kB | 27/58 kB | 37/109 kBProgress (5): 33/75 kB | 25/592 kB | 33/192 kB | 30/58 kB | 37/109 kBProgress (5): 33/75 kB | 25/592 kB | 33/192 kB | 33/58 kB | 37/109 kBProgress (5): 33/75 kB | 25/592 kB | 33/192 kB | 33/58 kB | 41/109 kBProgress (5): 33/75 kB | 27/592 kB | 33/192 kB | 33/58 kB | 41/109 kBProgress (5): 33/75 kB | 30/592 kB | 33/192 kB | 33/58 kB | 41/109 kBProgress (5): 33/75 kB | 33/592 kB | 33/192 kB | 33/58 kB | 41/109 kBProgress (5): 33/75 kB | 36/592 kB | 33/192 kB | 33/58 kB | 41/109 kBProgress (5): 33/75 kB | 38/592 kB | 33/192 kB | 33/58 kB | 41/109 kBProgress (5): 33/75 kB | 41/592 kB | 33/192 kB | 33/58 kB | 41/109 kBProgress (5): 33/75 kB | 44/592 kB | 33/192 kB | 33/58 kB | 41/109 kBProgress (5): 33/75 kB | 47/592 kB | 33/192 kB | 33/58 kB | 41/109 kBProgress (5): 33/75 kB | 49/592 kB | 33/192 kB | 33/58 kB | 41/109 kBProgress (5): 33/75 kB | 49/592 kB | 36/192 kB | 33/58 kB | 41/109 kBProgress (5): 33/75 kB | 49/592 kB | 38/192 kB | 33/58 kB | 41/109 kBProgress (5): 36/75 kB | 49/592 kB | 38/192 kB | 33/58 kB | 41/109 kBProgress (5): 38/75 kB | 49/592 kB | 38/192 kB | 33/58 kB | 41/109 kBProgress (5): 41/75 kB | 49/592 kB | 38/192 kB | 33/58 kB | 41/109 kBProgress (5): 41/75 kB | 49/592 kB | 38/192 kB | 36/58 kB | 41/109 kBProgress (5): 41/75 kB | 49/592 kB | 38/192 kB | 38/58 kB | 41/109 kBProgress (5): 41/75 kB | 49/592 kB | 38/192 kB | 41/58 kB | 41/109 kBProgress (5): 41/75 kB | 49/592 kB | 38/192 kB | 44/58 kB | 41/109 kBProgress (5): 41/75 kB | 49/592 kB | 38/192 kB | 47/58 kB | 41/109 kBProgress (5): 41/75 kB | 49/592 kB | 38/192 kB | 49/58 kB | 41/109 kBProgress (5): 41/75 kB | 49/592 kB | 38/192 kB | 49/58 kB | 45/109 kBProgress (5): 41/75 kB | 49/592 kB | 38/192 kB | 49/58 kB | 49/109 kBProgress (5): 41/75 kB | 49/592 kB | 38/192 kB | 49/58 kB | 53/109 kBProgress (5): 41/75 kB | 49/592 kB | 38/192 kB | 49/58 kB | 57/109 kBProgress (5): 41/75 kB | 49/592 kB | 38/192 kB | 49/58 kB | 61/109 kBProgress (5): 41/75 kB | 49/592 kB | 38/192 kB | 49/58 kB | 66/109 kBProgress (5): 41/75 kB | 49/592 kB | 38/192 kB | 49/58 kB | 70/109 kBProgress (5): 41/75 kB | 49/592 kB | 38/192 kB | 49/58 kB | 74/109 kBProgress (5): 41/75 kB | 49/592 kB | 38/192 kB | 49/58 kB | 78/109 kBProgress (5): 41/75 kB | 52/592 kB | 38/192 kB | 49/58 kB | 78/109 kBProgress (5): 44/75 kB | 52/592 kB | 38/192 kB | 49/58 kB | 78/109 kBProgress (5): 47/75 kB | 52/592 kB | 38/192 kB | 49/58 kB | 78/109 kBProgress (5): 49/75 kB | 52/592 kB | 38/192 kB | 49/58 kB | 78/109 kBProgress (5): 52/75 kB | 52/592 kB | 38/192 kB | 49/58 kB | 78/109 kBProgress (5): 55/75 kB | 52/592 kB | 38/192 kB | 49/58 kB | 78/109 kBProgress (5): 55/75 kB | 52/592 kB | 41/192 kB | 49/58 kB | 78/109 kBProgress (5): 55/75 kB | 52/592 kB | 44/192 kB | 49/58 kB | 78/109 kBProgress (5): 55/75 kB | 52/592 kB | 47/192 kB | 49/58 kB | 78/109 kBProgress (5): 55/75 kB | 52/592 kB | 49/192 kB | 49/58 kB | 78/109 kBProgress (5): 55/75 kB | 52/592 kB | 52/192 kB | 49/58 kB | 78/109 kBProgress (5): 55/75 kB | 52/592 kB | 55/192 kB | 49/58 kB | 78/109 kBProgress (5): 55/75 kB | 52/592 kB | 58/192 kB | 49/58 kB | 78/109 kBProgress (5): 55/75 kB | 55/592 kB | 58/192 kB | 49/58 kB | 78/109 kBProgress (5): 55/75 kB | 58/592 kB | 58/192 kB | 49/58 kB | 78/109 kBProgress (5): 55/75 kB | 58/592 kB | 58/192 kB | 52/58 kB | 78/109 kBProgress (5): 55/75 kB | 58/592 kB | 58/192 kB | 55/58 kB | 78/109 kBProgress (5): 55/75 kB | 58/592 kB | 58/192 kB | 58/58 kB | 78/109 kBProgress (5): 55/75 kB | 58/592 kB | 58/192 kB | 58 kB | 78/109 kB   Progress (5): 55/75 kB | 58/592 kB | 58/192 kB | 58 kB | 82/109 kBProgress (5): 55/75 kB | 58/592 kB | 58/192 kB | 58 kB | 86/109 kBProgress (5): 58/75 kB | 58/592 kB | 58/192 kB | 58 kB | 86/109 kBProgress (5): 60/75 kB | 58/592 kB | 58/192 kB | 58 kB | 86/109 kBProgress (5): 60/75 kB | 58/592 kB | 60/192 kB | 58 kB | 86/109 kBProgress (5): 60/75 kB | 58/592 kB | 63/192 kB | 58 kB | 86/109 kBProgress (5): 60/75 kB | 58/592 kB | 66/192 kB | 58 kB | 86/109 kBProgress (5): 60/75 kB | 60/592 kB | 66/192 kB | 58 kB | 86/109 kBProgress (5): 60/75 kB | 63/592 kB | 66/192 kB | 58 kB | 86/109 kBProgress (5): 60/75 kB | 66/592 kB | 66/192 kB | 58 kB | 86/109 kBProgress (5): 60/75 kB | 69/592 kB | 66/192 kB | 58 kB | 86/109 kBProgress (5): 60/75 kB | 69/592 kB | 66/192 kB | 58 kB | 90/109 kBProgress (5): 60/75 kB | 69/592 kB | 66/192 kB | 58 kB | 94/109 kBProgress (5): 63/75 kB | 69/592 kB | 66/192 kB | 58 kB | 94/109 kBProgress (5): 66/75 kB | 69/592 kB | 66/192 kB | 58 kB | 94/109 kBProgress (5): 69/75 kB | 69/592 kB | 66/192 kB | 58 kB | 94/109 kBProgress (5): 71/75 kB | 69/592 kB | 66/192 kB | 58 kB | 94/109 kBProgress (5): 74/75 kB | 69/592 kB | 66/192 kB | 58 kB | 94/109 kBProgress (5): 75 kB | 69/592 kB | 66/192 kB | 58 kB | 94/109 kB   Progress (5): 75 kB | 69/592 kB | 69/192 kB | 58 kB | 94/109 kBProgress (5): 75 kB | 69/592 kB | 71/192 kB | 58 kB | 94/109 kBProgress (5): 75 kB | 69/592 kB | 74/192 kB | 58 kB | 94/109 kBProgress (5): 75 kB | 69/592 kB | 77/192 kB | 58 kB | 94/109 kBProgress (5): 75 kB | 71/592 kB | 77/192 kB | 58 kB | 94/109 kBProgress (5): 75 kB | 74/592 kB | 77/192 kB | 58 kB | 94/109 kBProgress (5): 75 kB | 77/592 kB | 77/192 kB | 58 kB | 94/109 kBProgress (5): 75 kB | 80/592 kB | 77/192 kB | 58 kB | 94/109 kBProgress (5): 75 kB | 82/592 kB | 77/192 kB | 58 kB | 94/109 kBProgress (5): 75 kB | 85/592 kB | 77/192 kB | 58 kB | 94/109 kBProgress (5): 75 kB | 88/592 kB | 77/192 kB | 58 kB | 94/109 kBProgress (5): 75 kB | 90/592 kB | 77/192 kB | 58 kB | 94/109 kBProgress (5): 75 kB | 93/592 kB | 77/192 kB | 58 kB | 94/109 kBProgress (5): 75 kB | 93/592 kB | 77/192 kB | 58 kB | 98/109 kBProgress (5): 75 kB | 93/592 kB | 77/192 kB | 58 kB | 102/109 kBProgress (5): 75 kB | 93/592 kB | 77/192 kB | 58 kB | 106/109 kBProgress (5): 75 kB | 93/592 kB | 77/192 kB | 58 kB | 109 kB    Progress (5): 75 kB | 93/592 kB | 80/192 kB | 58 kB | 109 kBProgress (5): 75 kB | 93/592 kB | 82/192 kB | 58 kB | 109 kBProgress (5): 75 kB | 93/592 kB | 85/192 kB | 58 kB | 109 kBProgress (5): 75 kB | 93/592 kB | 88/192 kB | 58 kB | 109 kBProgress (5): 75 kB | 93/592 kB | 90/192 kB | 58 kB | 109 kBProgress (5): 75 kB | 93/592 kB | 93/192 kB | 58 kB | 109 kBProgress (5): 75 kB | 93/592 kB | 96/192 kB | 58 kB | 109 kBProgress (5): 75 kB | 93/592 kB | 99/192 kB | 58 kB | 109 kBProgress (5): 75 kB | 96/592 kB | 99/192 kB | 58 kB | 109 kB                                                            Downloaded from central: https://repo.maven.apache.org/maven2/org/tukaani/xz/1.8/xz-1.8.jar (109 kB at 524 kB/s)
Downloaded from central: https://repo.maven.apache.org/maven2/org/codehaus/plexus/plexus-io/3.1.0/plexus-io-3.1.0.jar (75 kB at 350 kB/s)
Progress (3): 99/592 kB | 99/192 kB | 58 kBProgress (3): 101/592 kB | 99/192 kB | 58 kBProgress (3): 104/592 kB | 99/192 kB | 58 kBProgress (3): 107/592 kB | 99/192 kB | 58 kBProgress (3): 110/592 kB | 99/192 kB | 58 kBProgress (3): 112/592 kB | 99/192 kB | 58 kBProgress (3): 115/592 kB | 99/192 kB | 58 kBProgress (3): 115/592 kB | 101/192 kB | 58 kBProgress (3): 115/592 kB | 104/192 kB | 58 kBProgress (3): 115/592 kB | 107/192 kB | 58 kBProgress (3): 115/592 kB | 110/192 kB | 58 kBProgress (3): 115/592 kB | 112/192 kB | 58 kBProgress (3): 115/592 kB | 115/192 kB | 58 kBProgress (3): 115/592 kB | 118/192 kB | 58 kBProgress (3): 115/592 kB | 121/192 kB | 58 kBProgress (3): 118/592 kB | 121/192 kB | 58 kBProgress (3): 121/592 kB | 121/192 kB | 58 kBProgress (3): 123/592 kB | 121/192 kB | 58 kBProgress (3): 126/592 kB | 121/192 kB | 58 kBProgress (3): 129/592 kB | 121/192 kB | 58 kBProgress (3): 132/592 kB | 121/192 kB | 58 kBProgress (3): 134/592 kB | 121/192 kB | 58 kBProgress (3): 137/592 kB | 121/192 kB | 58 kBProgress (3): 137/592 kB | 123/192 kB | 58 kBProgress (3): 137/592 kB | 126/192 kB | 58 kBProgress (3): 137/592 kB | 129/192 kB | 58 kBProgress (3): 137/592 kB | 132/192 kB | 58 kBProgress (3): 137/592 kB | 134/192 kB | 58 kBProgress (3): 137/592 kB | 137/192 kB | 58 kBProgress (3): 137/592 kB | 140/192 kB | 58 kBProgress (3): 137/592 kB | 143/192 kB | 58 kBProgress (3): 140/592 kB | 143/192 kB | 58 kBProgress (3): 143/592 kB | 143/192 kB | 58 kBProgress (3): 145/592 kB | 143/192 kB | 58 kBProgress (3): 148/592 kB | 143/192 kB | 58 kBProgress (3): 151/592 kB | 143/192 kB | 58 kBProgress (3): 151/592 kB | 145/192 kB | 58 kBProgress (3): 151/592 kB | 148/192 kB | 58 kBProgress (3): 151/592 kB | 151/192 kB | 58 kBProgress (3): 151/592 kB | 154/192 kB | 58 kBProgress (3): 151/592 kB | 156/192 kB | 58 kBProgress (3): 154/592 kB | 156/192 kB | 58 kBProgress (3): 156/592 kB | 156/192 kB | 58 kBProgress (3): 159/592 kB | 156/192 kB | 58 kBProgress (3): 162/592 kB | 156/192 kB | 58 kBProgress (3): 165/592 kB | 156/192 kB | 58 kBProgress (3): 167/592 kB | 156/192 kB | 58 kBProgress (3): 170/592 kB | 156/192 kB | 58 kBProgress (3): 173/592 kB | 156/192 kB | 58 kBProgress (3): 173/592 kB | 159/192 kB | 58 kBProgress (3): 173/592 kB | 162/192 kB | 58 kBProgress (3): 173/592 kB | 165/192 kB | 58 kBProgress (3): 173/592 kB | 167/192 kB | 58 kBProgress (3): 173/592 kB | 170/192 kB | 58 kBProgress (3): 173/592 kB | 173/192 kB | 58 kBProgress (3): 173/592 kB | 175/192 kB | 58 kBProgress (3): 175/592 kB | 175/192 kB | 58 kBProgress (3): 178/592 kB | 175/192 kB | 58 kBProgress (3): 181/592 kB | 175/192 kB | 58 kBProgress (3): 184/592 kB | 175/192 kB | 58 kBProgress (3): 186/592 kB | 175/192 kB | 58 kBProgress (3): 189/592 kB | 175/192 kB | 58 kBProgress (3): 192/592 kB | 175/192 kB | 58 kBProgress (3): 192/592 kB | 178/192 kB | 58 kBProgress (3): 192/592 kB | 181/192 kB | 58 kBProgress (3): 192/592 kB | 184/192 kB | 58 kBProgress (3): 192/592 kB | 186/192 kB | 58 kBProgress (3): 192/592 kB | 189/192 kB | 58 kBProgress (3): 192/592 kB | 192 kB | 58 kB    Progress (3): 195/592 kB | 192 kB | 58 kBProgress (3): 197/592 kB | 192 kB | 58 kBProgress (3): 200/592 kB | 192 kB | 58 kBProgress (3): 203/592 kB | 192 kB | 58 kBProgress (3): 206/592 kB | 192 kB | 58 kBProgress (3): 208/592 kB | 192 kB | 58 kBProgress (3): 211/592 kB | 192 kB | 58 kBProgress (3): 214/592 kB | 192 kB | 58 kBProgress (3): 217/592 kB | 192 kB | 58 kBProgress (3): 219/592 kB | 192 kB | 58 kBProgress (3): 222/592 kB | 192 kB | 58 kBProgress (3): 225/592 kB | 192 kB | 58 kB                                         Downloaded from central: https://repo.maven.apache.org/maven2/org/codehaus/plexus/plexus-archiver/3.7.0/plexus-archiver-3.7.0.jar (192 kB at 632 kB/s)
Progress (2): 228/592 kB | 58 kBProgress (2): 230/592 kB | 58 kBProgress (2): 233/592 kB | 58 kBProgress (2): 236/592 kB | 58 kBProgress (2): 239/592 kB | 58 kBProgress (2): 241/592 kB | 58 kBProgress (2): 244/592 kB | 58 kBProgress (2): 247/592 kB | 58 kBProgress (2): 250/592 kB | 58 kBProgress (2): 252/592 kB | 58 kBProgress (2): 255/592 kB | 58 kBProgress (2): 259/592 kB | 58 kBProgress (2): 263/592 kB | 58 kBProgress (2): 267/592 kB | 58 kBProgress (2): 271/592 kB | 58 kBProgress (2): 275/592 kB | 58 kBProgress (2): 280/592 kB | 58 kBProgress (2): 284/592 kB | 58 kBProgress (2): 288/592 kB | 58 kBProgress (2): 292/592 kB | 58 kBProgress (2): 296/592 kB | 58 kBProgress (2): 300/592 kB | 58 kBProgress (2): 304/592 kB | 58 kBProgress (2): 308/592 kB | 58 kBProgress (2): 312/592 kB | 58 kBProgress (2): 316/592 kB | 58 kBProgress (2): 321/592 kB | 58 kBProgress (2): 325/592 kB | 58 kBProgress (2): 329/592 kB | 58 kBProgress (2): 333/592 kB | 58 kBProgress (2): 337/592 kB | 58 kBProgress (2): 341/592 kB | 58 kBProgress (2): 345/592 kB | 58 kBProgress (2): 349/592 kB | 58 kBProgress (2): 353/592 kB | 58 kBProgress (2): 357/592 kB | 58 kBProgress (2): 362/592 kB | 58 kBProgress (2): 366/592 kB | 58 kBProgress (2): 370/592 kB | 58 kBProgress (2): 374/592 kB | 58 kBProgress (2): 378/592 kB | 58 kBProgress (2): 382/592 kB | 58 kBProgress (2): 386/592 kB | 58 kBProgress (2): 390/592 kB | 58 kBProgress (2): 394/592 kB | 58 kBProgress (2): 398/592 kB | 58 kBProgress (2): 402/592 kB | 58 kBProgress (2): 407/592 kB | 58 kBProgress (2): 411/592 kB | 58 kBProgress (2): 415/592 kB | 58 kBProgress (2): 419/592 kB | 58 kBProgress (2): 423/592 kB | 58 kBProgress (2): 427/592 kB | 58 kBProgress (2): 431/592 kB | 58 kBProgress (2): 435/592 kB | 58 kBProgress (2): 439/592 kB | 58 kBProgress (2): 443/592 kB | 58 kBProgress (2): 448/592 kB | 58 kBProgress (2): 452/592 kB | 58 kBProgress (2): 456/592 kB | 58 kBProgress (2): 460/592 kB | 58 kBProgress (2): 464/592 kB | 58 kBProgress (2): 468/592 kB | 58 kBProgress (2): 472/592 kB | 58 kBProgress (2): 476/592 kB | 58 kBProgress (2): 480/592 kB | 58 kBProgress (2): 484/592 kB | 58 kBProgress (2): 488/592 kB | 58 kBProgress (2): 493/592 kB | 58 kBProgress (2): 497/592 kB | 58 kBProgress (2): 501/592 kB | 58 kBProgress (2): 505/592 kB | 58 kBProgress (2): 509/592 kB | 58 kBProgress (2): 513/592 kB | 58 kBProgress (2): 517/592 kB | 58 kBProgress (2): 521/592 kB | 58 kBProgress (2): 525/592 kB | 58 kBProgress (2): 529/592 kB | 58 kBProgress (2): 534/592 kB | 58 kBProgress (2): 538/592 kB | 58 kBProgress (2): 542/592 kB | 58 kBProgress (2): 546/592 kB | 58 kBProgress (2): 550/592 kB | 58 kBProgress (2): 554/592 kB | 58 kBProgress (2): 558/592 kB | 58 kBProgress (2): 562/592 kB | 58 kBProgress (2): 566/592 kB | 58 kBProgress (2): 570/592 kB | 58 kBProgress (2): 574/592 kB | 58 kBProgress (2): 579/592 kB | 58 kBProgress (2): 583/592 kB | 58 kBProgress (2): 587/592 kB | 58 kBProgress (2): 591/592 kB | 58 kBProgress (2): 592 kB | 58 kB                                Downloaded from central: https://repo.maven.apache.org/maven2/org/apache/commons/commons-compress/1.18/commons-compress-1.18.jar (592 kB at 1.2 MB/s)
Downloaded from central: https://repo.maven.apache.org/maven2/org/iq80/snappy/snappy/0.4/snappy-0.4.jar (58 kB at 85 kB/s)
[INFO] Building jar: /var/jenkins_home/workspace/my_first_job/target/auth-course-0.0.1-SNAPSHOT.jar
[INFO] 
[INFO] --- spring-boot-maven-plugin:2.1.5.RELEASE:repackage (repackage) @ auth-course ---
Downloading from central: https://repo.maven.apache.org/maven2/org/springframework/boot/spring-boot-loader-tools/2.1.5.RELEASE/spring-boot-loader-tools-2.1.5.RELEASE.pom
Progress (1): 2.7 kB                    Downloaded from central: https://repo.maven.apache.org/maven2/org/springframework/boot/spring-boot-loader-tools/2.1.5.RELEASE/spring-boot-loader-tools-2.1.5.RELEASE.pom (2.7 kB at 68 kB/s)
Downloading from central: https://repo.maven.apache.org/maven2/org/apache/maven/maven-archiver/3.2.0/maven-archiver-3.2.0.pom
Progress (1): 2.7/4.3 kBProgress (1): 4.3 kB                        Downloaded from central: https://repo.maven.apache.org/maven2/org/apache/maven/maven-archiver/3.2.0/maven-archiver-3.2.0.pom (4.3 kB at 116 kB/s)
Downloading from central: https://repo.maven.apache.org/maven2/org/codehaus/plexus/plexus-component-annotations/1.5.5/plexus-component-annotations-1.5.5.pom
Progress (1): 815 B                   Downloaded from central: https://repo.maven.apache.org/maven2/org/codehaus/plexus/plexus-component-annotations/1.5.5/plexus-component-annotations-1.5.5.pom (815 B at 27 kB/s)
Downloading from central: https://repo.maven.apache.org/maven2/org/codehaus/plexus/plexus-containers/1.5.5/plexus-containers-1.5.5.pom
Progress (1): 2.7/4.2 kBProgress (1): 4.2 kB                        Downloaded from central: https://repo.maven.apache.org/maven2/org/codehaus/plexus/plexus-containers/1.5.5/plexus-containers-1.5.5.pom (4.2 kB at 151 kB/s)
Downloading from central: https://repo.maven.apache.org/maven2/org/codehaus/plexus/plexus-component-annotations/1.5.4/plexus-component-annotations-1.5.4.pom
Progress (1): 815 B                   Downloaded from central: https://repo.maven.apache.org/maven2/org/codehaus/plexus/plexus-component-annotations/1.5.4/plexus-component-annotations-1.5.4.pom (815 B at 18 kB/s)
Downloading from central: https://repo.maven.apache.org/maven2/org/codehaus/plexus/plexus-containers/1.5.4/plexus-containers-1.5.4.pom
Progress (1): 2.7/4.2 kBProgress (1): 4.2 kB                        Downloaded from central: https://repo.maven.apache.org/maven2/org/codehaus/plexus/plexus-containers/1.5.4/plexus-containers-1.5.4.pom (4.2 kB at 125 kB/s)
Downloading from central: https://repo.maven.apache.org/maven2/org/codehaus/plexus/plexus/2.0.5/plexus-2.0.5.pom
Progress (1): 2.7/17 kBProgress (1): 5.5/17 kBProgress (1): 8.2/17 kBProgress (1): 11/17 kB Progress (1): 14/17 kBProgress (1): 16/17 kBProgress (1): 17 kB                      Downloaded from central: https://repo.maven.apache.org/maven2/org/codehaus/plexus/plexus/2.0.5/plexus-2.0.5.pom (17 kB at 413 kB/s)
Downloading from central: https://repo.maven.apache.org/maven2/org/apache/maven/shared/maven-shared-utils/3.2.0/maven-shared-utils-3.2.0.pom
Progress (1): 2.7/4.9 kBProgress (1): 4.9 kB                        Downloaded from central: https://repo.maven.apache.org/maven2/org/apache/maven/shared/maven-shared-utils/3.2.0/maven-shared-utils-3.2.0.pom (4.9 kB at 114 kB/s)
Downloading from central: https://repo.maven.apache.org/maven2/org/codehaus/plexus/plexus-archiver/3.5/plexus-archiver-3.5.pom
Progress (1): 2.7/4.8 kBProgress (1): 4.8 kB                        Downloaded from central: https://repo.maven.apache.org/maven2/org/codehaus/plexus/plexus-archiver/3.5/plexus-archiver-3.5.pom (4.8 kB at 134 kB/s)
Downloading from central: https://repo.maven.apache.org/maven2/org/codehaus/plexus/plexus-io/3.0.0/plexus-io-3.0.0.pom
Progress (1): 2.7/4.5 kBProgress (1): 4.5 kB                        Downloaded from central: https://repo.maven.apache.org/maven2/org/codehaus/plexus/plexus-io/3.0.0/plexus-io-3.0.0.pom (4.5 kB at 134 kB/s)
Downloading from central: https://repo.maven.apache.org/maven2/org/apache/commons/commons-compress/1.14/commons-compress-1.14.pom
Progress (1): 2.7/13 kBProgress (1): 5.5/13 kBProgress (1): 8.2/13 kBProgress (1): 11/13 kB Progress (1): 13 kB                      Downloaded from central: https://repo.maven.apache.org/maven2/org/apache/commons/commons-compress/1.14/commons-compress-1.14.pom (13 kB at 280 kB/s)
Downloading from central: https://repo.maven.apache.org/maven2/org/tukaani/xz/1.6/xz-1.6.pom
Progress (1): 1.9 kB                    Downloaded from central: https://repo.maven.apache.org/maven2/org/tukaani/xz/1.6/xz-1.6.pom (1.9 kB at 54 kB/s)
Downloading from central: https://repo.maven.apache.org/maven2/org/apache/maven/maven-artifact/3.3.9/maven-artifact-3.3.9.pom
Progress (1): 2.1 kB                    Downloaded from central: https://repo.maven.apache.org/maven2/org/apache/maven/maven-artifact/3.3.9/maven-artifact-3.3.9.pom (2.1 kB at 69 kB/s)
Downloading from central: https://repo.maven.apache.org/maven2/org/apache/maven/maven/3.3.9/maven-3.3.9.pom
Progress (1): 2.7/24 kBProgress (1): 5.5/24 kBProgress (1): 8.2/24 kBProgress (1): 11/24 kB Progress (1): 14/24 kBProgress (1): 16/24 kBProgress (1): 19/24 kBProgress (1): 22/24 kBProgress (1): 24 kB                      Downloaded from central: https://repo.maven.apache.org/maven2/org/apache/maven/maven/3.3.9/maven-3.3.9.pom (24 kB at 598 kB/s)
Downloading from central: https://repo.maven.apache.org/maven2/org/apache/maven/maven-parent/27/maven-parent-27.pom
Progress (1): 2.7/41 kBProgress (1): 5.5/41 kBProgress (1): 8.2/41 kBProgress (1): 11/41 kB Progress (1): 14/41 kBProgress (1): 16/41 kBProgress (1): 19/41 kBProgress (1): 22/41 kBProgress (1): 25/41 kBProgress (1): 27/41 kBProgress (1): 30/41 kBProgress (1): 33/41 kBProgress (1): 36/41 kBProgress (1): 38/41 kBProgress (1): 41 kB                      Downloaded from central: https://repo.maven.apache.org/maven2/org/apache/maven/maven-parent/27/maven-parent-27.pom (41 kB at 885 kB/s)
Downloading from central: https://repo.maven.apache.org/maven2/org/apache/apache/17/apache-17.pom
Progress (1): 4.1/16 kBProgress (1): 8.2/16 kBProgress (1): 12/16 kB Progress (1): 16 kB                      Downloaded from central: https://repo.maven.apache.org/maven2/org/apache/apache/17/apache-17.pom (16 kB at 373 kB/s)
Downloading from central: https://repo.maven.apache.org/maven2/org/apache/commons/commons-lang3/3.8.1/commons-lang3-3.8.1.pom
Progress (1): 4.1/28 kBProgress (1): 8.2/28 kBProgress (1): 12/28 kB Progress (1): 16/28 kBProgress (1): 20/28 kBProgress (1): 25/28 kBProgress (1): 28 kB                      Downloaded from central: https://repo.maven.apache.org/maven2/org/apache/commons/commons-lang3/3.8.1/commons-lang3-3.8.1.pom (28 kB at 664 kB/s)
Downloading from central: https://repo.maven.apache.org/maven2/org/apache/maven/maven-core/3.3.9/maven-core-3.3.9.pom
Progress (1): 4.1/8.3 kBProgress (1): 8.2/8.3 kBProgress (1): 8.3 kB                        Downloaded from central: https://repo.maven.apache.org/maven2/org/apache/maven/maven-core/3.3.9/maven-core-3.3.9.pom (8.3 kB at 296 kB/s)
Downloading from central: https://repo.maven.apache.org/maven2/org/apache/maven/maven-model/3.3.9/maven-model-3.3.9.pom
Progress (1): 4.0 kB                    Downloaded from central: https://repo.maven.apache.org/maven2/org/apache/maven/maven-model/3.3.9/maven-model-3.3.9.pom (4.0 kB at 106 kB/s)
Downloading from central: https://repo.maven.apache.org/maven2/org/apache/maven/maven-settings/3.3.9/maven-settings-3.3.9.pom
Progress (1): 1.8 kB                    Downloaded from central: https://repo.maven.apache.org/maven2/org/apache/maven/maven-settings/3.3.9/maven-settings-3.3.9.pom (1.8 kB at 56 kB/s)
Downloading from central: https://repo.maven.apache.org/maven2/org/apache/maven/maven-settings-builder/3.3.9/maven-settings-builder-3.3.9.pom
Progress (1): 2.6 kB                    Downloaded from central: https://repo.maven.apache.org/maven2/org/apache/maven/maven-settings-builder/3.3.9/maven-settings-builder-3.3.9.pom (2.6 kB at 64 kB/s)
Downloading from central: https://repo.maven.apache.org/maven2/org/apache/maven/maven-builder-support/3.3.9/maven-builder-support-3.3.9.pom
Progress (1): 1.7 kB                    Downloaded from central: https://repo.maven.apache.org/maven2/org/apache/maven/maven-builder-support/3.3.9/maven-builder-support-3.3.9.pom (1.7 kB at 57 kB/s)
Downloading from central: https://repo.maven.apache.org/maven2/org/codehaus/plexus/plexus-interpolation/1.21/plexus-interpolation-1.21.pom
Progress (1): 1.5 kB                    Downloaded from central: https://repo.maven.apache.org/maven2/org/codehaus/plexus/plexus-interpolation/1.21/plexus-interpolation-1.21.pom (1.5 kB at 30 kB/s)
Downloading from central: https://repo.maven.apache.org/maven2/org/codehaus/plexus/plexus-component-annotations/1.6/plexus-component-annotations-1.6.pom
Progress (1): 748 B                   Downloaded from central: https://repo.maven.apache.org/maven2/org/codehaus/plexus/plexus-component-annotations/1.6/plexus-component-annotations-1.6.pom (748 B at 17 kB/s)
Downloading from central: https://repo.maven.apache.org/maven2/org/codehaus/plexus/plexus-containers/1.6/plexus-containers-1.6.pom
Progress (1): 3.8 kB                    Downloaded from central: https://repo.maven.apache.org/maven2/org/codehaus/plexus/plexus-containers/1.6/plexus-containers-1.6.pom (3.8 kB at 139 kB/s)
Downloading from central: https://repo.maven.apache.org/maven2/org/codehaus/plexus/plexus/3.3.2/plexus-3.3.2.pom
Progress (1): 4.1/22 kBProgress (1): 8.2/22 kBProgress (1): 12/22 kB Progress (1): 16/22 kBProgress (1): 20/22 kBProgress (1): 22 kB                      Downloaded from central: https://repo.maven.apache.org/maven2/org/codehaus/plexus/plexus/3.3.2/plexus-3.3.2.pom (22 kB at 598 kB/s)
Downloading from central: https://repo.maven.apache.org/maven2/org/apache/maven/maven-repository-metadata/3.3.9/maven-repository-metadata-3.3.9.pom
Progress (1): 1.9 kB                    Downloaded from central: https://repo.maven.apache.org/maven2/org/apache/maven/maven-repository-metadata/3.3.9/maven-repository-metadata-3.3.9.pom (1.9 kB at 57 kB/s)
Downloading from central: https://repo.maven.apache.org/maven2/org/apache/maven/maven-plugin-api/3.3.9/maven-plugin-api-3.3.9.pom
Progress (1): 2.7 kB                    Downloaded from central: https://repo.maven.apache.org/maven2/org/apache/maven/maven-plugin-api/3.3.9/maven-plugin-api-3.3.9.pom (2.7 kB at 84 kB/s)
Downloading from central: https://repo.maven.apache.org/maven2/org/eclipse/sisu/org.eclipse.sisu.plexus/0.3.2/org.eclipse.sisu.plexus-0.3.2.pom
Progress (1): 4.1/4.2 kBProgress (1): 4.2 kB                        Downloaded from central: https://repo.maven.apache.org/maven2/org/eclipse/sisu/org.eclipse.sisu.plexus/0.3.2/org.eclipse.sisu.plexus-0.3.2.pom (4.2 kB at 119 kB/s)
Downloading from central: https://repo.maven.apache.org/maven2/org/eclipse/sisu/sisu-plexus/0.3.2/sisu-plexus-0.3.2.pom
Progress (1): 4.1/14 kBProgress (1): 8.2/14 kBProgress (1): 12/14 kB Progress (1): 14 kB                      Downloaded from central: https://repo.maven.apache.org/maven2/org/eclipse/sisu/sisu-plexus/0.3.2/sisu-plexus-0.3.2.pom (14 kB at 392 kB/s)
Downloading from central: https://repo.maven.apache.org/maven2/javax/enterprise/cdi-api/1.0/cdi-api-1.0.pom
Progress (1): 1.4 kB                    Downloaded from central: https://repo.maven.apache.org/maven2/javax/enterprise/cdi-api/1.0/cdi-api-1.0.pom (1.4 kB at 36 kB/s)
Downloading from central: https://repo.maven.apache.org/maven2/org/jboss/weld/weld-api-parent/1.0/weld-api-parent-1.0.pom
Progress (1): 2.4 kB                    Downloaded from central: https://repo.maven.apache.org/maven2/org/jboss/weld/weld-api-parent/1.0/weld-api-parent-1.0.pom (2.4 kB at 74 kB/s)
Downloading from central: https://repo.maven.apache.org/maven2/org/jboss/weld/weld-api-bom/1.0/weld-api-bom-1.0.pom
Progress (1): 4.1/7.9 kBProgress (1): 7.9 kB                        Downloaded from central: https://repo.maven.apache.org/maven2/org/jboss/weld/weld-api-bom/1.0/weld-api-bom-1.0.pom (7.9 kB at 203 kB/s)
Downloading from central: https://repo.maven.apache.org/maven2/org/jboss/weld/weld-parent/6/weld-parent-6.pom
Progress (1): 4.1/21 kBProgress (1): 8.2/21 kBProgress (1): 12/21 kB Progress (1): 16/21 kBProgress (1): 20/21 kBProgress (1): 21 kB                      Downloaded from central: https://repo.maven.apache.org/maven2/org/jboss/weld/weld-parent/6/weld-parent-6.pom (21 kB at 559 kB/s)
Downloading from central: https://repo.maven.apache.org/maven2/javax/annotation/jsr250-api/1.0/jsr250-api-1.0.pom
Progress (1): 1.0 kB                    Downloaded from central: https://repo.maven.apache.org/maven2/javax/annotation/jsr250-api/1.0/jsr250-api-1.0.pom (1.0 kB at 34 kB/s)
Downloading from central: https://repo.maven.apache.org/maven2/javax/inject/javax.inject/1/javax.inject-1.pom
Progress (1): 612 B                   Downloaded from central: https://repo.maven.apache.org/maven2/javax/inject/javax.inject/1/javax.inject-1.pom (612 B at 12 kB/s)
Downloading from central: https://repo.maven.apache.org/maven2/org/eclipse/sisu/org.eclipse.sisu.inject/0.3.2/org.eclipse.sisu.inject-0.3.2.pom
Progress (1): 2.6 kB                    Downloaded from central: https://repo.maven.apache.org/maven2/org/eclipse/sisu/org.eclipse.sisu.inject/0.3.2/org.eclipse.sisu.inject-0.3.2.pom (2.6 kB at 60 kB/s)
Downloading from central: https://repo.maven.apache.org/maven2/org/eclipse/sisu/sisu-inject/0.3.2/sisu-inject-0.3.2.pom
Progress (1): 4.1/14 kBProgress (1): 8.2/14 kBProgress (1): 12/14 kB Progress (1): 14 kB                      Downloaded from central: https://repo.maven.apache.org/maven2/org/eclipse/sisu/sisu-inject/0.3.2/sisu-inject-0.3.2.pom (14 kB at 497 kB/s)
Downloading from central: https://repo.maven.apache.org/maven2/org/codehaus/plexus/plexus-classworlds/2.5.2/plexus-classworlds-2.5.2.pom
Progress (1): 4.1/7.3 kBProgress (1): 7.3 kB                        Downloaded from central: https://repo.maven.apache.org/maven2/org/codehaus/plexus/plexus-classworlds/2.5.2/plexus-classworlds-2.5.2.pom (7.3 kB at 244 kB/s)
Downloading from central: https://repo.maven.apache.org/maven2/org/codehaus/plexus/plexus-utils/3.0.17/plexus-utils-3.0.17.pom
Progress (1): 3.4 kB                    Downloaded from central: https://repo.maven.apache.org/maven2/org/codehaus/plexus/plexus-utils/3.0.17/plexus-utils-3.0.17.pom (3.4 kB at 100 kB/s)
Downloading from central: https://repo.maven.apache.org/maven2/org/apache/maven/maven-model-builder/3.3.9/maven-model-builder-3.3.9.pom
Progress (1): 3.1 kB                    Downloaded from central: https://repo.maven.apache.org/maven2/org/apache/maven/maven-model-builder/3.3.9/maven-model-builder-3.3.9.pom (3.1 kB at 95 kB/s)
Downloading from central: https://repo.maven.apache.org/maven2/com/google/guava/guava/18.0/guava-18.0.pom
Progress (1): 4.1/5.7 kBProgress (1): 5.7 kB                        Downloaded from central: https://repo.maven.apache.org/maven2/com/google/guava/guava/18.0/guava-18.0.pom (5.7 kB at 145 kB/s)
Downloading from central: https://repo.maven.apache.org/maven2/com/google/guava/guava-parent/18.0/guava-parent-18.0.pom
Progress (1): 4.1/7.7 kBProgress (1): 7.7 kB                        Downloaded from central: https://repo.maven.apache.org/maven2/com/google/guava/guava-parent/18.0/guava-parent-18.0.pom (7.7 kB at 226 kB/s)
Downloading from central: https://repo.maven.apache.org/maven2/org/apache/maven/maven-aether-provider/3.3.9/maven-aether-provider-3.3.9.pom
Progress (1): 4.0 kB                    Downloaded from central: https://repo.maven.apache.org/maven2/org/apache/maven/maven-aether-provider/3.3.9/maven-aether-provider-3.3.9.pom (4.0 kB at 130 kB/s)
Downloading from central: https://repo.maven.apache.org/maven2/org/eclipse/aether/aether-api/1.0.2.v20150114/aether-api-1.0.2.v20150114.pom
Progress (1): 1.8 kB                    Downloaded from central: https://repo.maven.apache.org/maven2/org/eclipse/aether/aether-api/1.0.2.v20150114/aether-api-1.0.2.v20150114.pom (1.8 kB at 56 kB/s)
Downloading from central: https://repo.maven.apache.org/maven2/org/eclipse/aether/aether/1.0.2.v20150114/aether-1.0.2.v20150114.pom
Progress (1): 4.1/29 kBProgress (1): 8.2/29 kBProgress (1): 12/29 kB Progress (1): 16/29 kBProgress (1): 20/29 kBProgress (1): 25/29 kBProgress (1): 29/29 kBProgress (1): 29 kB                      Downloaded from central: https://repo.maven.apache.org/maven2/org/eclipse/aether/aether/1.0.2.v20150114/aether-1.0.2.v20150114.pom (29 kB at 978 kB/s)
Downloading from central: https://repo.maven.apache.org/maven2/org/eclipse/aether/aether-spi/1.0.2.v20150114/aether-spi-1.0.2.v20150114.pom
Progress (1): 2.0 kB                    Downloaded from central: https://repo.maven.apache.org/maven2/org/eclipse/aether/aether-spi/1.0.2.v20150114/aether-spi-1.0.2.v20150114.pom (2.0 kB at 64 kB/s)
Downloading from central: https://repo.maven.apache.org/maven2/org/eclipse/aether/aether-util/1.0.2.v20150114/aether-util-1.0.2.v20150114.pom
Progress (1): 2.1 kB                    Downloaded from central: https://repo.maven.apache.org/maven2/org/eclipse/aether/aether-util/1.0.2.v20150114/aether-util-1.0.2.v20150114.pom (2.1 kB at 73 kB/s)
Downloading from central: https://repo.maven.apache.org/maven2/org/eclipse/aether/aether-impl/1.0.2.v20150114/aether-impl-1.0.2.v20150114.pom
Progress (1): 3.4 kB                    Downloaded from central: https://repo.maven.apache.org/maven2/org/eclipse/aether/aether-impl/1.0.2.v20150114/aether-impl-1.0.2.v20150114.pom (3.4 kB at 99 kB/s)
Downloading from central: https://repo.maven.apache.org/maven2/com/google/inject/guice/4.0/guice-4.0.pom
Progress (1): 4.1/11 kBProgress (1): 8.2/11 kBProgress (1): 11 kB                       Downloaded from central: https://repo.maven.apache.org/maven2/com/google/inject/guice/4.0/guice-4.0.pom (11 kB at 367 kB/s)
Downloading from central: https://repo.maven.apache.org/maven2/com/google/inject/guice-parent/4.0/guice-parent-4.0.pom
Progress (1): 4.1/15 kBProgress (1): 8.2/15 kBProgress (1): 12/15 kB Progress (1): 15 kB                      Downloaded from central: https://repo.maven.apache.org/maven2/com/google/inject/guice-parent/4.0/guice-parent-4.0.pom (15 kB at 484 kB/s)
Downloading from central: https://repo.maven.apache.org/maven2/com/google/google/5/google-5.pom
Progress (1): 2.5 kB                    Downloaded from central: https://repo.maven.apache.org/maven2/com/google/google/5/google-5.pom (2.5 kB at 91 kB/s)
Downloading from central: https://repo.maven.apache.org/maven2/aopalliance/aopalliance/1.0/aopalliance-1.0.pom
Progress (1): 363 B                   Downloaded from central: https://repo.maven.apache.org/maven2/aopalliance/aopalliance/1.0/aopalliance-1.0.pom (363 B at 10 kB/s)
Downloading from central: https://repo.maven.apache.org/maven2/com/google/guava/guava/16.0.1/guava-16.0.1.pom
Progress (1): 4.1/6.1 kBProgress (1): 6.1 kB                        Downloaded from central: https://repo.maven.apache.org/maven2/com/google/guava/guava/16.0.1/guava-16.0.1.pom (6.1 kB at 203 kB/s)
Downloading from central: https://repo.maven.apache.org/maven2/com/google/guava/guava-parent/16.0.1/guava-parent-16.0.1.pom
Progress (1): 4.1/7.3 kBProgress (1): 7.3 kB                        Downloaded from central: https://repo.maven.apache.org/maven2/com/google/guava/guava-parent/16.0.1/guava-parent-16.0.1.pom (7.3 kB at 229 kB/s)
Downloading from central: https://repo.maven.apache.org/maven2/org/apache/maven/shared/maven-common-artifact-filters/3.0.1/maven-common-artifact-filters-3.0.1.pom
Progress (1): 4.1/4.8 kBProgress (1): 4.8 kB                        Downloaded from central: https://repo.maven.apache.org/maven2/org/apache/maven/shared/maven-common-artifact-filters/3.0.1/maven-common-artifact-filters-3.0.1.pom (4.8 kB at 173 kB/s)
Downloading from central: https://repo.maven.apache.org/maven2/org/apache/maven/shared/maven-shared-utils/3.1.0/maven-shared-utils-3.1.0.pom
Progress (1): 4.1/5.0 kBProgress (1): 5.0 kB                        Downloaded from central: https://repo.maven.apache.org/maven2/org/apache/maven/shared/maven-shared-utils/3.1.0/maven-shared-utils-3.1.0.pom (5.0 kB at 166 kB/s)
Downloading from central: https://repo.maven.apache.org/maven2/org/apache/maven/plugins/maven-shade-plugin/3.2.1/maven-shade-plugin-3.2.1.pom
Progress (1): 4.1/9.3 kBProgress (1): 8.2/9.3 kBProgress (1): 9.3 kB                        Downloaded from central: https://repo.maven.apache.org/maven2/org/apache/maven/plugins/maven-shade-plugin/3.2.1/maven-shade-plugin-3.2.1.pom (9.3 kB at 274 kB/s)
Downloading from central: https://repo.maven.apache.org/maven2/org/apache/maven/shared/maven-artifact-transfer/0.10.0/maven-artifact-transfer-0.10.0.pom
Progress (1): 4.1/12 kBProgress (1): 8.2/12 kBProgress (1): 12 kB                       Downloaded from central: https://repo.maven.apache.org/maven2/org/apache/maven/shared/maven-artifact-transfer/0.10.0/maven-artifact-transfer-0.10.0.pom (12 kB at 313 kB/s)
Downloading from central: https://repo.maven.apache.org/maven2/org/apache/maven/shared/maven-shared-components/31/maven-shared-components-31.pom
Progress (1): 4.1/5.1 kBProgress (1): 5.1 kB                        Downloaded from central: https://repo.maven.apache.org/maven2/org/apache/maven/shared/maven-shared-components/31/maven-shared-components-31.pom (5.1 kB at 182 kB/s)
Downloading from central: https://repo.maven.apache.org/maven2/org/ow2/asm/asm/7.0/asm-7.0.pom
Progress (1): 2.9 kB                    Downloaded from central: https://repo.maven.apache.org/maven2/org/ow2/asm/asm/7.0/asm-7.0.pom (2.9 kB at 101 kB/s)
Downloading from central: https://repo.maven.apache.org/maven2/org/ow2/asm/asm-commons/7.0/asm-commons-7.0.pom
Progress (1): 3.7 kB                    Downloaded from central: https://repo.maven.apache.org/maven2/org/ow2/asm/asm-commons/7.0/asm-commons-7.0.pom (3.7 kB at 99 kB/s)
Downloading from central: https://repo.maven.apache.org/maven2/org/ow2/asm/asm-tree/7.0/asm-tree-7.0.pom
Progress (1): 3.1 kB                    Downloaded from central: https://repo.maven.apache.org/maven2/org/ow2/asm/asm-tree/7.0/asm-tree-7.0.pom (3.1 kB at 112 kB/s)
Downloading from central: https://repo.maven.apache.org/maven2/org/ow2/asm/asm-analysis/7.0/asm-analysis-7.0.pom
Progress (1): 3.2 kB                    Downloaded from central: https://repo.maven.apache.org/maven2/org/ow2/asm/asm-analysis/7.0/asm-analysis-7.0.pom (3.2 kB at 109 kB/s)
Downloading from central: https://repo.maven.apache.org/maven2/org/jdom/jdom2/2.0.6/jdom2-2.0.6.pom
Progress (1): 4.1/4.6 kBProgress (1): 4.6 kB                        Downloaded from central: https://repo.maven.apache.org/maven2/org/jdom/jdom2/2.0.6/jdom2-2.0.6.pom (4.6 kB at 135 kB/s)
Downloading from central: https://repo.maven.apache.org/maven2/org/apache/maven/shared/maven-dependency-tree/3.0.1/maven-dependency-tree-3.0.1.pom
Progress (1): 4.1/7.5 kBProgress (1): 7.5 kB                        Downloaded from central: https://repo.maven.apache.org/maven2/org/apache/maven/shared/maven-dependency-tree/3.0.1/maven-dependency-tree-3.0.1.pom (7.5 kB at 187 kB/s)
Downloading from central: https://repo.maven.apache.org/maven2/org/eclipse/aether/aether-util/0.9.0.M2/aether-util-0.9.0.M2.pom
Progress (1): 2.0 kB                    Downloaded from central: https://repo.maven.apache.org/maven2/org/eclipse/aether/aether-util/0.9.0.M2/aether-util-0.9.0.M2.pom (2.0 kB at 64 kB/s)
Downloading from central: https://repo.maven.apache.org/maven2/org/eclipse/aether/aether/0.9.0.M2/aether-0.9.0.M2.pom
Progress (1): 4.1/28 kBProgress (1): 8.2/28 kBProgress (1): 12/28 kB Progress (1): 16/28 kBProgress (1): 20/28 kBProgress (1): 25/28 kBProgress (1): 28 kB                      Downloaded from central: https://repo.maven.apache.org/maven2/org/eclipse/aether/aether/0.9.0.M2/aether-0.9.0.M2.pom (28 kB at 929 kB/s)
Downloading from central: https://repo.maven.apache.org/maven2/org/vafer/jdependency/2.1.1/jdependency-2.1.1.pom
Progress (1): 4.1/11 kBProgress (1): 8.2/11 kBProgress (1): 11 kB                       Downloaded from central: https://repo.maven.apache.org/maven2/org/vafer/jdependency/2.1.1/jdependency-2.1.1.pom (11 kB at 363 kB/s)
Downloading from central: https://repo.maven.apache.org/maven2/org/ow2/asm/asm/7.0-beta/asm-7.0-beta.pom
Progress (1): 2.9 kB                    Downloaded from central: https://repo.maven.apache.org/maven2/org/ow2/asm/asm/7.0-beta/asm-7.0-beta.pom (2.9 kB at 102 kB/s)
Downloading from central: https://repo.maven.apache.org/maven2/org/ow2/asm/asm-analysis/7.0-beta/asm-analysis-7.0-beta.pom
Progress (1): 3.2 kB                    Downloaded from central: https://repo.maven.apache.org/maven2/org/ow2/asm/asm-analysis/7.0-beta/asm-analysis-7.0-beta.pom (3.2 kB at 109 kB/s)
Downloading from central: https://repo.maven.apache.org/maven2/org/ow2/asm/asm-tree/7.0-beta/asm-tree-7.0-beta.pom
Progress (1): 3.1 kB                    Downloaded from central: https://repo.maven.apache.org/maven2/org/ow2/asm/asm-tree/7.0-beta/asm-tree-7.0-beta.pom (3.1 kB at 85 kB/s)
Downloading from central: https://repo.maven.apache.org/maven2/org/ow2/asm/asm-commons/7.0-beta/asm-commons-7.0-beta.pom
Progress (1): 3.7 kB                    Downloaded from central: https://repo.maven.apache.org/maven2/org/ow2/asm/asm-commons/7.0-beta/asm-commons-7.0-beta.pom (3.7 kB at 112 kB/s)
Downloading from central: https://repo.maven.apache.org/maven2/org/ow2/asm/asm-util/7.0-beta/asm-util-7.0-beta.pom
Progress (1): 3.7 kB                    Downloaded from central: https://repo.maven.apache.org/maven2/org/ow2/asm/asm-util/7.0-beta/asm-util-7.0-beta.pom (3.7 kB at 108 kB/s)
Downloading from central: https://repo.maven.apache.org/maven2/com/google/guava/guava/19.0/guava-19.0.pom
Progress (1): 4.1/6.8 kBProgress (1): 6.8 kB                        Downloaded from central: https://repo.maven.apache.org/maven2/com/google/guava/guava/19.0/guava-19.0.pom (6.8 kB at 174 kB/s)
Downloading from central: https://repo.maven.apache.org/maven2/com/google/guava/guava-parent/19.0/guava-parent-19.0.pom
Progress (1): 4.1/9.9 kBProgress (1): 8.2/9.9 kBProgress (1): 9.9 kB                        Downloaded from central: https://repo.maven.apache.org/maven2/com/google/guava/guava-parent/19.0/guava-parent-19.0.pom (9.9 kB at 341 kB/s)
Downloading from central: https://repo.maven.apache.org/maven2/org/springframework/boot/spring-boot-loader-tools/2.1.5.RELEASE/spring-boot-loader-tools-2.1.5.RELEASE.jar
Downloading from central: https://repo.maven.apache.org/maven2/org/apache/maven/maven-archiver/3.2.0/maven-archiver-3.2.0.jar
Downloading from central: https://repo.maven.apache.org/maven2/org/apache/maven/shared/maven-shared-utils/3.2.0/maven-shared-utils-3.2.0.jar
Downloading from central: https://repo.maven.apache.org/maven2/org/codehaus/plexus/plexus-interpolation/1.22/plexus-interpolation-1.22.jar
Downloading from central: https://repo.maven.apache.org/maven2/org/apache/maven/maven-artifact/3.3.9/maven-artifact-3.3.9.jar
Progress (1): 2.7/165 kBProgress (1): 5.5/165 kBProgress (1): 8.2/165 kBProgress (1): 11/165 kB Progress (1): 14/165 kBProgress (1): 16/165 kBProgress (1): 19/165 kBProgress (1): 22/165 kBProgress (1): 25/165 kBProgress (1): 27/165 kBProgress (1): 30/165 kBProgress (1): 33/165 kBProgress (1): 36/165 kBProgress (1): 38/165 kBProgress (1): 41/165 kBProgress (1): 44/165 kBProgress (1): 47/165 kBProgress (2): 47/165 kB | 4.1/77 kBProgress (3): 47/165 kB | 4.1/77 kB | 4.1/24 kBProgress (3): 47/165 kB | 4.1/77 kB | 8.2/24 kBProgress (3): 47/165 kB | 4.1/77 kB | 12/24 kB Progress (3): 47/165 kB | 4.1/77 kB | 16/24 kBProgress (3): 47/165 kB | 4.1/77 kB | 20/24 kBProgress (3): 47/165 kB | 4.1/77 kB | 24 kB   Progress (4): 47/165 kB | 4.1/77 kB | 24 kB | 4.1/149 kBProgress (4): 47/165 kB | 4.1/77 kB | 24 kB | 8.2/149 kBProgress (4): 47/165 kB | 4.1/77 kB | 24 kB | 12/149 kB Progress (4): 47/165 kB | 4.1/77 kB | 24 kB | 16/149 kBProgress (4): 47/165 kB | 4.1/77 kB | 24 kB | 20/149 kBProgress (4): 47/165 kB | 4.1/77 kB | 24 kB | 25/149 kBProgress (4): 47/165 kB | 4.1/77 kB | 24 kB | 29/149 kBProgress (4): 47/165 kB | 4.1/77 kB | 24 kB | 33/149 kBProgress (4): 47/165 kB | 4.1/77 kB | 24 kB | 37/149 kBProgress (4): 47/165 kB | 4.1/77 kB | 24 kB | 41/149 kBProgress (4): 47/165 kB | 4.1/77 kB | 24 kB | 45/149 kBProgress (4): 47/165 kB | 4.1/77 kB | 24 kB | 49/149 kBProgress (4): 47/165 kB | 4.1/77 kB | 24 kB | 53/149 kBProgress (4): 47/165 kB | 8.2/77 kB | 24 kB | 53/149 kBProgress (4): 47/165 kB | 12/77 kB | 24 kB | 53/149 kB Progress (4): 47/165 kB | 16/77 kB | 24 kB | 53/149 kBProgress (4): 47/165 kB | 20/77 kB | 24 kB | 53/149 kBProgress (4): 47/165 kB | 25/77 kB | 24 kB | 53/149 kBProgress (4): 47/165 kB | 29/77 kB | 24 kB | 53/149 kBProgress (4): 47/165 kB | 33/77 kB | 24 kB | 53/149 kBProgress (4): 47/165 kB | 37/77 kB | 24 kB | 53/149 kBProgress (4): 47/165 kB | 41/77 kB | 24 kB | 53/149 kBProgress (4): 47/165 kB | 45/77 kB | 24 kB | 53/149 kBProgress (4): 47/165 kB | 49/77 kB | 24 kB | 53/149 kBProgress (5): 47/165 kB | 49/77 kB | 24 kB | 53/149 kB | 2.7/55 kBProgress (5): 47/165 kB | 49/77 kB | 24 kB | 53/149 kB | 5.5/55 kBProgress (5): 47/165 kB | 49/77 kB | 24 kB | 53/149 kB | 8.2/55 kBProgress (5): 47/165 kB | 49/77 kB | 24 kB | 53/149 kB | 11/55 kB Progress (5): 49/165 kB | 49/77 kB | 24 kB | 53/149 kB | 11/55 kBProgress (5): 52/165 kB | 49/77 kB | 24 kB | 53/149 kB | 11/55 kBProgress (5): 55/165 kB | 49/77 kB | 24 kB | 53/149 kB | 11/55 kBProgress (5): 58/165 kB | 49/77 kB | 24 kB | 53/149 kB | 11/55 kBProgress (5): 60/165 kB | 49/77 kB | 24 kB | 53/149 kB | 11/55 kBProgress (5): 63/165 kB | 49/77 kB | 24 kB | 53/149 kB | 11/55 kBProgress (5): 66/165 kB | 49/77 kB | 24 kB | 53/149 kB | 11/55 kBProgress (5): 66/165 kB | 53/77 kB | 24 kB | 53/149 kB | 11/55 kBProgress (5): 66/165 kB | 57/77 kB | 24 kB | 53/149 kB | 11/55 kBProgress (5): 66/165 kB | 57/77 kB | 24 kB | 57/149 kB | 11/55 kBProgress (5): 66/165 kB | 57/77 kB | 24 kB | 61/149 kB | 11/55 kBProgress (5): 66/165 kB | 57/77 kB | 24 kB | 66/149 kB | 11/55 kBProgress (5): 66/165 kB | 57/77 kB | 24 kB | 70/149 kB | 11/55 kBProgress (5): 66/165 kB | 57/77 kB | 24 kB | 74/149 kB | 11/55 kBProgress (5): 66/165 kB | 57/77 kB | 24 kB | 78/149 kB | 11/55 kBProgress (5): 66/165 kB | 57/77 kB | 24 kB | 82/149 kB | 11/55 kBProgress (5): 66/165 kB | 57/77 kB | 24 kB | 86/149 kB | 11/55 kBProgress (5): 66/165 kB | 57/77 kB | 24 kB | 90/149 kB | 11/55 kBProgress (5): 66/165 kB | 57/77 kB | 24 kB | 94/149 kB | 11/55 kBProgress (5): 66/165 kB | 57/77 kB | 24 kB | 98/149 kB | 11/55 kBProgress (5): 69/165 kB | 57/77 kB | 24 kB | 98/149 kB | 11/55 kBProgress (5): 71/165 kB | 57/77 kB | 24 kB | 98/149 kB | 11/55 kBProgress (5): 74/165 kB | 57/77 kB | 24 kB | 98/149 kB | 11/55 kBProgress (5): 77/165 kB | 57/77 kB | 24 kB | 98/149 kB | 11/55 kBProgress (5): 80/165 kB | 57/77 kB | 24 kB | 98/149 kB | 11/55 kBProgress (5): 80/165 kB | 57/77 kB | 24 kB | 98/149 kB | 14/55 kBProgress (5): 80/165 kB | 57/77 kB | 24 kB | 98/149 kB | 16/55 kBProgress (5): 80/165 kB | 57/77 kB | 24 kB | 98/149 kB | 19/55 kBProgress (5): 80/165 kB | 57/77 kB | 24 kB | 98/149 kB | 22/55 kBProgress (5): 80/165 kB | 57/77 kB | 24 kB | 98/149 kB | 25/55 kBProgress (5): 80/165 kB | 57/77 kB | 24 kB | 98/149 kB | 27/55 kBProgress (5): 80/165 kB | 57/77 kB | 24 kB | 98/149 kB | 30/55 kBProgress (5): 80/165 kB | 57/77 kB | 24 kB | 98/149 kB | 33/55 kBProgress (5): 80/165 kB | 57/77 kB | 24 kB | 98/149 kB | 36/55 kBProgress (5): 80/165 kB | 61/77 kB | 24 kB | 98/149 kB | 36/55 kB                                                                 Downloaded from central: https://repo.maven.apache.org/maven2/org/apache/maven/maven-archiver/3.2.0/maven-archiver-3.2.0.jar (24 kB at 376 kB/s)
Downloading from central: https://repo.maven.apache.org/maven2/org/apache/commons/commons-lang3/3.8.1/commons-lang3-3.8.1.jar
Progress (4): 80/165 kB | 66/77 kB | 98/149 kB | 36/55 kBProgress (4): 80/165 kB | 70/77 kB | 98/149 kB | 36/55 kBProgress (4): 80/165 kB | 74/77 kB | 98/149 kB | 36/55 kBProgress (4): 80/165 kB | 77 kB | 98/149 kB | 36/55 kB   Progress (4): 82/165 kB | 77 kB | 98/149 kB | 36/55 kBProgress (4): 85/165 kB | 77 kB | 98/149 kB | 36/55 kBProgress (4): 88/165 kB | 77 kB | 98/149 kB | 36/55 kBProgress (4): 90/165 kB | 77 kB | 98/149 kB | 36/55 kBProgress (4): 93/165 kB | 77 kB | 98/149 kB | 36/55 kBProgress (4): 96/165 kB | 77 kB | 98/149 kB | 36/55 kBProgress (4): 99/165 kB | 77 kB | 98/149 kB | 36/55 kBProgress (4): 101/165 kB | 77 kB | 98/149 kB | 36/55 kBProgress (4): 104/165 kB | 77 kB | 98/149 kB | 36/55 kBProgress (4): 107/165 kB | 77 kB | 98/149 kB | 36/55 kBProgress (4): 110/165 kB | 77 kB | 98/149 kB | 36/55 kBProgress (4): 112/165 kB | 77 kB | 98/149 kB | 36/55 kBProgress (4): 115/165 kB | 77 kB | 98/149 kB | 36/55 kBProgress (4): 118/165 kB | 77 kB | 98/149 kB | 36/55 kBProgress (4): 121/165 kB | 77 kB | 98/149 kB | 36/55 kBProgress (4): 123/165 kB | 77 kB | 98/149 kB | 36/55 kBProgress (4): 123/165 kB | 77 kB | 98/149 kB | 38/55 kBProgress (4): 123/165 kB | 77 kB | 98/149 kB | 41/55 kBProgress (4): 123/165 kB | 77 kB | 98/149 kB | 44/55 kBProgress (4): 123/165 kB | 77 kB | 98/149 kB | 47/55 kBProgress (4): 123/165 kB | 77 kB | 98/149 kB | 49/55 kBProgress (4): 123/165 kB | 77 kB | 102/149 kB | 49/55 kBProgress (4): 123/165 kB | 77 kB | 106/149 kB | 49/55 kBProgress (4): 123/165 kB | 77 kB | 111/149 kB | 49/55 kBProgress (4): 123/165 kB | 77 kB | 115/149 kB | 49/55 kBProgress (4): 123/165 kB | 77 kB | 119/149 kB | 49/55 kBProgress (4): 123/165 kB | 77 kB | 123/149 kB | 49/55 kBProgress (4): 123/165 kB | 77 kB | 127/149 kB | 49/55 kBProgress (4): 123/165 kB | 77 kB | 131/149 kB | 49/55 kBProgress (4): 123/165 kB | 77 kB | 135/149 kB | 49/55 kBProgress (4): 123/165 kB | 77 kB | 139/149 kB | 49/55 kBProgress (4): 123/165 kB | 77 kB | 143/149 kB | 49/55 kBProgress (4): 123/165 kB | 77 kB | 147/149 kB | 49/55 kBProgress (4): 123/165 kB | 77 kB | 149 kB | 49/55 kB    Progress (4): 123/165 kB | 77 kB | 149 kB | 52/55 kBProgress (4): 123/165 kB | 77 kB | 149 kB | 55/55 kBProgress (4): 123/165 kB | 77 kB | 149 kB | 55 kB   Progress (4): 126/165 kB | 77 kB | 149 kB | 55 kBProgress (4): 129/165 kB | 77 kB | 149 kB | 55 kB                                                 Downloaded from central: https://repo.maven.apache.org/maven2/org/codehaus/plexus/plexus-interpolation/1.22/plexus-interpolation-1.22.jar (77 kB at 1.0 MB/s)
Downloading from central: https://repo.maven.apache.org/maven2/org/apache/maven/maven-core/3.3.9/maven-core-3.3.9.jar
Progress (4): 129/165 kB | 149 kB | 55 kB | 4.1/502 kBProgress (4): 129/165 kB | 149 kB | 55 kB | 8.2/502 kBProgress (4): 129/165 kB | 149 kB | 55 kB | 12/502 kB Progress (4): 129/165 kB | 149 kB | 55 kB | 16/502 kBProgress (4): 129/165 kB | 149 kB | 55 kB | 20/502 kBProgress (4): 129/165 kB | 149 kB | 55 kB | 25/502 kBProgress (4): 129/165 kB | 149 kB | 55 kB | 29/502 kBProgress (4): 129/165 kB | 149 kB | 55 kB | 33/502 kBProgress (4): 132/165 kB | 149 kB | 55 kB | 33/502 kBProgress (4): 132/165 kB | 149 kB | 55 kB | 37/502 kBProgress (4): 132/165 kB | 149 kB | 55 kB | 41/502 kBProgress (4): 132/165 kB | 149 kB | 55 kB | 45/502 kBProgress (4): 132/165 kB | 149 kB | 55 kB | 49/502 kBProgress (4): 132/165 kB | 149 kB | 55 kB | 53/502 kBProgress (4): 132/165 kB | 149 kB | 55 kB | 57/502 kBProgress (4): 132/165 kB | 149 kB | 55 kB | 61/502 kBProgress (4): 134/165 kB | 149 kB | 55 kB | 61/502 kBProgress (4): 137/165 kB | 149 kB | 55 kB | 61/502 kBProgress (4): 140/165 kB | 149 kB | 55 kB | 61/502 kBProgress (4): 143/165 kB | 149 kB | 55 kB | 61/502 kBProgress (4): 145/165 kB | 149 kB | 55 kB | 61/502 kBProgress (4): 148/165 kB | 149 kB | 55 kB | 61/502 kBProgress (4): 151/165 kB | 149 kB | 55 kB | 61/502 kBProgress (4): 154/165 kB | 149 kB | 55 kB | 61/502 kBProgress (4): 156/165 kB | 149 kB | 55 kB | 61/502 kB                                                     Downloaded from central: https://repo.maven.apache.org/maven2/org/springframework/boot/spring-boot-loader-tools/2.1.5.RELEASE/spring-boot-loader-tools-2.1.5.RELEASE.jar (149 kB at 1.6 MB/s)
Progress (3): 156/165 kB | 55 kB | 66/502 kB                                            Downloaded from central: https://repo.maven.apache.org/maven2/org/apache/maven/maven-artifact/3.3.9/maven-artifact-3.3.9.jar (55 kB at 611 kB/s)
Downloading from central: https://repo.maven.apache.org/maven2/org/apache/maven/maven-settings-builder/3.3.9/maven-settings-builder-3.3.9.jar
Downloading from central: https://repo.maven.apache.org/maven2/org/apache/maven/maven-builder-support/3.3.9/maven-builder-support-3.3.9.jar
Progress (3): 156/165 kB | 66/502 kB | 4.1/638 kBProgress (3): 156/165 kB | 66/502 kB | 8.2/638 kBProgress (3): 156/165 kB | 66/502 kB | 12/638 kB Progress (3): 156/165 kB | 66/502 kB | 16/638 kBProgress (3): 156/165 kB | 70/502 kB | 16/638 kBProgress (3): 156/165 kB | 74/502 kB | 16/638 kBProgress (3): 156/165 kB | 74/502 kB | 20/638 kBProgress (3): 156/165 kB | 74/502 kB | 25/638 kBProgress (3): 156/165 kB | 74/502 kB | 29/638 kBProgress (3): 156/165 kB | 74/502 kB | 33/638 kBProgress (3): 156/165 kB | 78/502 kB | 33/638 kBProgress (3): 156/165 kB | 82/502 kB | 33/638 kBProgress (3): 159/165 kB | 82/502 kB | 33/638 kBProgress (3): 162/165 kB | 82/502 kB | 33/638 kBProgress (3): 165/165 kB | 82/502 kB | 33/638 kBProgress (3): 165 kB | 82/502 kB | 33/638 kB    Progress (3): 165 kB | 86/502 kB | 33/638 kBProgress (3): 165 kB | 90/502 kB | 33/638 kBProgress (3): 165 kB | 94/502 kB | 33/638 kBProgress (3): 165 kB | 94/502 kB | 37/638 kBProgress (3): 165 kB | 94/502 kB | 41/638 kBProgress (3): 165 kB | 94/502 kB | 45/638 kBProgress (3): 165 kB | 94/502 kB | 49/638 kBProgress (3): 165 kB | 94/502 kB | 53/638 kBProgress (3): 165 kB | 94/502 kB | 57/638 kBProgress (3): 165 kB | 94/502 kB | 61/638 kBProgress (3): 165 kB | 94/502 kB | 66/638 kBProgress (3): 165 kB | 94/502 kB | 70/638 kBProgress (3): 165 kB | 94/502 kB | 74/638 kBProgress (3): 165 kB | 94/502 kB | 78/638 kBProgress (3): 165 kB | 94/502 kB | 82/638 kBProgress (4): 165 kB | 94/502 kB | 82/638 kB | 2.7/43 kBProgress (4): 165 kB | 94/502 kB | 82/638 kB | 5.5/43 kBProgress (4): 165 kB | 94/502 kB | 82/638 kB | 8.2/43 kBProgress (4): 165 kB | 94/502 kB | 82/638 kB | 11/43 kB Progress (4): 165 kB | 94/502 kB | 82/638 kB | 14/43 kBProgress (4): 165 kB | 94/502 kB | 82/638 kB | 16/43 kBProgress (4): 165 kB | 94/502 kB | 82/638 kB | 19/43 kBProgress (4): 165 kB | 94/502 kB | 82/638 kB | 22/43 kBProgress (5): 165 kB | 94/502 kB | 82/638 kB | 22/43 kB | 4.1/15 kBProgress (5): 165 kB | 94/502 kB | 82/638 kB | 22/43 kB | 8.2/15 kBProgress (5): 165 kB | 94/502 kB | 82/638 kB | 22/43 kB | 12/15 kB Progress (5): 165 kB | 94/502 kB | 82/638 kB | 22/43 kB | 15 kB   Progress (5): 165 kB | 98/502 kB | 82/638 kB | 22/43 kB | 15 kBProgress (5): 165 kB | 102/502 kB | 82/638 kB | 22/43 kB | 15 kBProgress (5): 165 kB | 106/502 kB | 82/638 kB | 22/43 kB | 15 kBProgress (5): 165 kB | 111/502 kB | 82/638 kB | 22/43 kB | 15 kBProgress (5): 165 kB | 111/502 kB | 82/638 kB | 25/43 kB | 15 kBProgress (5): 165 kB | 111/502 kB | 82/638 kB | 27/43 kB | 15 kBProgress (5): 165 kB | 111/502 kB | 82/638 kB | 30/43 kB | 15 kBProgress (5): 165 kB | 111/502 kB | 82/638 kB | 33/43 kB | 15 kBProgress (5): 165 kB | 111/502 kB | 82/638 kB | 36/43 kB | 15 kBProgress (5): 165 kB | 111/502 kB | 82/638 kB | 38/43 kB | 15 kBProgress (5): 165 kB | 111/502 kB | 82/638 kB | 41/43 kB | 15 kBProgress (5): 165 kB | 111/502 kB | 82/638 kB | 43 kB | 15 kB                                                                Downloaded from central: https://repo.maven.apache.org/maven2/org/apache/maven/shared/maven-shared-utils/3.2.0/maven-shared-utils-3.2.0.jar (165 kB at 1.4 MB/s)
Progress (4): 111/502 kB | 86/638 kB | 43 kB | 15 kBProgress (4): 111/502 kB | 90/638 kB | 43 kB | 15 kBProgress (4): 111/502 kB | 94/638 kB | 43 kB | 15 kBProgress (4): 111/502 kB | 98/638 kB | 43 kB | 15 kBProgress (4): 115/502 kB | 98/638 kB | 43 kB | 15 kBProgress (4): 119/502 kB | 98/638 kB | 43 kB | 15 kBProgress (4): 123/502 kB | 98/638 kB | 43 kB | 15 kBProgress (4): 127/502 kB | 98/638 kB | 43 kB | 15 kBProgress (4): 131/502 kB | 98/638 kB | 43 kB | 15 kBProgress (4): 135/502 kB | 98/638 kB | 43 kB | 15 kBProgress (4): 139/502 kB | 98/638 kB | 43 kB | 15 kBProgress (4): 143/502 kB | 98/638 kB | 43 kB | 15 kBProgress (4): 147/502 kB | 98/638 kB | 43 kB | 15 kBProgress (4): 152/502 kB | 98/638 kB | 43 kB | 15 kBProgress (4): 156/502 kB | 98/638 kB | 43 kB | 15 kBProgress (4): 160/502 kB | 98/638 kB | 43 kB | 15 kBProgress (4): 164/502 kB | 98/638 kB | 43 kB | 15 kBProgress (4): 168/502 kB | 98/638 kB | 43 kB | 15 kBProgress (4): 172/502 kB | 98/638 kB | 43 kB | 15 kBProgress (4): 176/502 kB | 98/638 kB | 43 kB | 15 kBProgress (4): 180/502 kB | 98/638 kB | 43 kB | 15 kB                                                    Downloaded from central: https://repo.maven.apache.org/maven2/org/apache/maven/maven-builder-support/3.3.9/maven-builder-support-3.3.9.jar (15 kB at 117 kB/s)
Downloading from central: https://repo.maven.apache.org/maven2/org/apache/maven/maven-model-builder/3.3.9/maven-model-builder-3.3.9.jar
Downloading from central: https://repo.maven.apache.org/maven2/org/apache/maven/maven-repository-metadata/3.3.9/maven-repository-metadata-3.3.9.jar
Progress (3): 180/502 kB | 102/638 kB | 43 kBProgress (3): 180/502 kB | 106/638 kB | 43 kBProgress (3): 180/502 kB | 111/638 kB | 43 kBProgress (3): 180/502 kB | 115/638 kB | 43 kBProgress (3): 180/502 kB | 119/638 kB | 43 kBProgress (3): 180/502 kB | 123/638 kB | 43 kBProgress (3): 180/502 kB | 127/638 kB | 43 kBProgress (3): 180/502 kB | 131/638 kB | 43 kBProgress (3): 180/502 kB | 135/638 kB | 43 kBProgress (3): 180/502 kB | 139/638 kB | 43 kBProgress (3): 180/502 kB | 143/638 kB | 43 kBProgress (3): 180/502 kB | 147/638 kB | 43 kB                                             Downloaded from central: https://repo.maven.apache.org/maven2/org/apache/maven/maven-settings-builder/3.3.9/maven-settings-builder-3.3.9.jar (43 kB at 314 kB/s)
Downloading from central: https://repo.maven.apache.org/maven2/org/apache/maven/maven-aether-provider/3.3.9/maven-aether-provider-3.3.9.jar
Progress (2): 184/502 kB | 147/638 kBProgress (2): 188/502 kB | 147/638 kBProgress (2): 193/502 kB | 147/638 kBProgress (2): 197/502 kB | 147/638 kBProgress (2): 201/502 kB | 147/638 kBProgress (2): 205/502 kB | 147/638 kBProgress (2): 209/502 kB | 147/638 kBProgress (2): 213/502 kB | 147/638 kBProgress (2): 213/502 kB | 152/638 kBProgress (2): 213/502 kB | 156/638 kBProgress (2): 213/502 kB | 160/638 kBProgress (2): 213/502 kB | 164/638 kBProgress (2): 213/502 kB | 168/638 kBProgress (2): 213/502 kB | 172/638 kBProgress (2): 213/502 kB | 176/638 kBProgress (2): 213/502 kB | 180/638 kBProgress (2): 213/502 kB | 184/638 kBProgress (2): 213/502 kB | 188/638 kBProgress (2): 213/502 kB | 193/638 kBProgress (2): 213/502 kB | 197/638 kBProgress (2): 217/502 kB | 197/638 kBProgress (2): 221/502 kB | 197/638 kBProgress (2): 225/502 kB | 197/638 kBProgress (2): 229/502 kB | 197/638 kBProgress (2): 233/502 kB | 197/638 kBProgress (2): 238/502 kB | 197/638 kBProgress (2): 242/502 kB | 197/638 kBProgress (2): 246/502 kB | 197/638 kBProgress (2): 246/502 kB | 201/638 kBProgress (3): 246/502 kB | 201/638 kB | 2.7/177 kBProgress (3): 246/502 kB | 201/638 kB | 5.5/177 kBProgress (3): 246/502 kB | 201/638 kB | 8.2/177 kBProgress (3): 246/502 kB | 201/638 kB | 11/177 kB Progress (3): 246/502 kB | 201/638 kB | 14/177 kBProgress (3): 246/502 kB | 201/638 kB | 16/177 kBProgress (3): 246/502 kB | 201/638 kB | 19/177 kBProgress (3): 246/502 kB | 201/638 kB | 22/177 kBProgress (3): 246/502 kB | 201/638 kB | 25/177 kBProgress (3): 246/502 kB | 201/638 kB | 27/177 kBProgress (3): 246/502 kB | 201/638 kB | 30/177 kBProgress (3): 246/502 kB | 201/638 kB | 33/177 kBProgress (4): 246/502 kB | 201/638 kB | 33/177 kB | 4.1/27 kBProgress (4): 246/502 kB | 201/638 kB | 33/177 kB | 8.2/27 kBProgress (4): 246/502 kB | 201/638 kB | 33/177 kB | 12/27 kB Progress (4): 246/502 kB | 201/638 kB | 33/177 kB | 16/27 kBProgress (4): 246/502 kB | 201/638 kB | 33/177 kB | 20/27 kBProgress (4): 246/502 kB | 201/638 kB | 33/177 kB | 25/27 kBProgress (4): 246/502 kB | 201/638 kB | 33/177 kB | 27 kB   Progress (5): 246/502 kB | 201/638 kB | 33/177 kB | 27 kB | 4.1/67 kBProgress (5): 246/502 kB | 201/638 kB | 33/177 kB | 27 kB | 8.2/67 kBProgress (5): 246/502 kB | 201/638 kB | 33/177 kB | 27 kB | 12/67 kB Progress (5): 246/502 kB | 201/638 kB | 33/177 kB | 27 kB | 16/67 kBProgress (5): 246/502 kB | 201/638 kB | 33/177 kB | 27 kB | 20/67 kBProgress (5): 246/502 kB | 201/638 kB | 33/177 kB | 27 kB | 25/67 kBProgress (5): 246/502 kB | 201/638 kB | 33/177 kB | 27 kB | 29/67 kBProgress (5): 246/502 kB | 201/638 kB | 33/177 kB | 27 kB | 33/67 kBProgress (5): 246/502 kB | 201/638 kB | 33/177 kB | 27 kB | 37/67 kBProgress (5): 246/502 kB | 201/638 kB | 33/177 kB | 27 kB | 41/67 kBProgress (5): 246/502 kB | 201/638 kB | 33/177 kB | 27 kB | 45/67 kBProgress (5): 246/502 kB | 201/638 kB | 33/177 kB | 27 kB | 49/67 kBProgress (5): 246/502 kB | 205/638 kB | 33/177 kB | 27 kB | 49/67 kBProgress (5): 246/502 kB | 209/638 kB | 33/177 kB | 27 kB | 49/67 kBProgress (5): 246/502 kB | 213/638 kB | 33/177 kB | 27 kB | 49/67 kBProgress (5): 246/502 kB | 217/638 kB | 33/177 kB | 27 kB | 49/67 kBProgress (5): 246/502 kB | 221/638 kB | 33/177 kB | 27 kB | 49/67 kBProgress (5): 246/502 kB | 225/638 kB | 33/177 kB | 27 kB | 49/67 kBProgress (5): 246/502 kB | 229/638 kB | 33/177 kB | 27 kB | 49/67 kBProgress (5): 246/502 kB | 233/638 kB | 33/177 kB | 27 kB | 49/67 kBProgress (5): 246/502 kB | 238/638 kB | 33/177 kB | 27 kB | 49/67 kBProgress (5): 246/502 kB | 242/638 kB | 33/177 kB | 27 kB | 49/67 kBProgress (5): 246/502 kB | 246/638 kB | 33/177 kB | 27 kB | 49/67 kBProgress (5): 246/502 kB | 250/638 kB | 33/177 kB | 27 kB | 49/67 kBProgress (5): 246/502 kB | 254/638 kB | 33/177 kB | 27 kB | 49/67 kBProgress (5): 246/502 kB | 258/638 kB | 33/177 kB | 27 kB | 49/67 kBProgress (5): 246/502 kB | 262/638 kB | 33/177 kB | 27 kB | 49/67 kBProgress (5): 246/502 kB | 266/638 kB | 33/177 kB | 27 kB | 49/67 kBProgress (5): 246/502 kB | 266/638 kB | 36/177 kB | 27 kB | 49/67 kBProgress (5): 246/502 kB | 266/638 kB | 38/177 kB | 27 kB | 49/67 kBProgress (5): 246/502 kB | 266/638 kB | 41/177 kB | 27 kB | 49/67 kBProgress (5): 246/502 kB | 266/638 kB | 41/177 kB | 27 kB | 53/67 kBProgress (5): 246/502 kB | 266/638 kB | 41/177 kB | 27 kB | 57/67 kBProgress (5): 246/502 kB | 266/638 kB | 41/177 kB | 27 kB | 61/67 kBProgress (5): 246/502 kB | 266/638 kB | 41/177 kB | 27 kB | 66/67 kBProgress (5): 246/502 kB | 266/638 kB | 41/177 kB | 27 kB | 67 kB   Progress (5): 250/502 kB | 266/638 kB | 41/177 kB | 27 kB | 67 kBProgress (5): 254/502 kB | 266/638 kB | 41/177 kB | 27 kB | 67 kBProgress (5): 258/502 kB | 266/638 kB | 41/177 kB | 27 kB | 67 kBProgress (5): 262/502 kB | 266/638 kB | 41/177 kB | 27 kB | 67 kBProgress (5): 266/502 kB | 266/638 kB | 41/177 kB | 27 kB | 67 kBProgress (5): 270/502 kB | 266/638 kB | 41/177 kB | 27 kB | 67 kBProgress (5): 274/502 kB | 266/638 kB | 41/177 kB | 27 kB | 67 kBProgress (5): 279/502 kB | 266/638 kB | 41/177 kB | 27 kB | 67 kB                                                                 Downloaded from central: https://repo.maven.apache.org/maven2/org/apache/maven/maven-repository-metadata/3.3.9/maven-repository-metadata-3.3.9.jar (27 kB at 160 kB/s)
Downloading from central: https://repo.maven.apache.org/maven2/org/eclipse/aether/aether-spi/1.0.2.v20150114/aether-spi-1.0.2.v20150114.jar
Progress (4): 279/502 kB | 266/638 kB | 44/177 kB | 67 kBProgress (4): 279/502 kB | 266/638 kB | 47/177 kB | 67 kBProgress (4): 279/502 kB | 266/638 kB | 49/177 kB | 67 kBProgress (4): 279/502 kB | 266/638 kB | 52/177 kB | 67 kBProgress (4): 279/502 kB | 266/638 kB | 55/177 kB | 67 kBProgress (4): 279/502 kB | 266/638 kB | 58/177 kB | 67 kBProgress (4): 279/502 kB | 266/638 kB | 60/177 kB | 67 kBProgress (4): 279/502 kB | 266/638 kB | 63/177 kB | 67 kBProgress (4): 279/502 kB | 266/638 kB | 66/177 kB | 67 kBProgress (4): 283/502 kB | 266/638 kB | 66/177 kB | 67 kBProgress (4): 287/502 kB | 266/638 kB | 66/177 kB | 67 kBProgress (4): 291/502 kB | 266/638 kB | 66/177 kB | 67 kBProgress (4): 295/502 kB | 266/638 kB | 66/177 kB | 67 kBProgress (4): 299/502 kB | 266/638 kB | 66/177 kB | 67 kBProgress (4): 299/502 kB | 266/638 kB | 69/177 kB | 67 kBProgress (4): 299/502 kB | 266/638 kB | 71/177 kB | 67 kBProgress (4): 299/502 kB | 266/638 kB | 74/177 kB | 67 kBProgress (4): 299/502 kB | 266/638 kB | 77/177 kB | 67 kBProgress (4): 299/502 kB | 266/638 kB | 80/177 kB | 67 kBProgress (4): 299/502 kB | 270/638 kB | 80/177 kB | 67 kBProgress (4): 299/502 kB | 274/638 kB | 80/177 kB | 67 kBProgress (4): 299/502 kB | 279/638 kB | 80/177 kB | 67 kBProgress (4): 299/502 kB | 283/638 kB | 80/177 kB | 67 kBProgress (4): 299/502 kB | 287/638 kB | 80/177 kB | 67 kBProgress (4): 299/502 kB | 291/638 kB | 80/177 kB | 67 kBProgress (4): 299/502 kB | 295/638 kB | 80/177 kB | 67 kBProgress (4): 299/502 kB | 299/638 kB | 80/177 kB | 67 kBProgress (4): 299/502 kB | 303/638 kB | 80/177 kB | 67 kBProgress (4): 299/502 kB | 307/638 kB | 80/177 kB | 67 kBProgress (4): 299/502 kB | 311/638 kB | 80/177 kB | 67 kBProgress (4): 299/502 kB | 315/638 kB | 80/177 kB | 67 kBProgress (5): 299/502 kB | 315/638 kB | 80/177 kB | 67 kB | 4.1/31 kBProgress (5): 299/502 kB | 315/638 kB | 80/177 kB | 67 kB | 8.2/31 kBProgress (5): 299/502 kB | 315/638 kB | 80/177 kB | 67 kB | 12/31 kB Progress (5): 299/502 kB | 315/638 kB | 80/177 kB | 67 kB | 16/31 kBProgress (5): 299/502 kB | 315/638 kB | 80/177 kB | 67 kB | 20/31 kBProgress (5): 299/502 kB | 315/638 kB | 80/177 kB | 67 kB | 25/31 kBProgress (5): 299/502 kB | 315/638 kB | 80/177 kB | 67 kB | 29/31 kBProgress (5): 299/502 kB | 315/638 kB | 80/177 kB | 67 kB | 31 kB   Progress (5): 303/502 kB | 315/638 kB | 80/177 kB | 67 kB | 31 kB                                                                 Downloaded from central: https://repo.maven.apache.org/maven2/org/apache/maven/maven-aether-provider/3.3.9/maven-aether-provider-3.3.9.jar (67 kB at 356 kB/s)
Downloading from central: https://repo.maven.apache.org/maven2/org/eclipse/aether/aether-impl/1.0.2.v20150114/aether-impl-1.0.2.v20150114.jar
Progress (4): 307/502 kB | 315/638 kB | 80/177 kB | 31 kBProgress (4): 311/502 kB | 315/638 kB | 80/177 kB | 31 kBProgress (4): 315/502 kB | 315/638 kB | 80/177 kB | 31 kBProgress (4): 319/502 kB | 315/638 kB | 80/177 kB | 31 kBProgress (4): 324/502 kB | 315/638 kB | 80/177 kB | 31 kBProgress (4): 328/502 kB | 315/638 kB | 80/177 kB | 31 kBProgress (4): 332/502 kB | 315/638 kB | 80/177 kB | 31 kBProgress (4): 336/502 kB | 315/638 kB | 80/177 kB | 31 kBProgress (4): 340/502 kB | 315/638 kB | 80/177 kB | 31 kBProgress (4): 344/502 kB | 315/638 kB | 80/177 kB | 31 kBProgress (4): 348/502 kB | 315/638 kB | 80/177 kB | 31 kBProgress (4): 348/502 kB | 315/638 kB | 82/177 kB | 31 kBProgress (4): 348/502 kB | 315/638 kB | 85/177 kB | 31 kBProgress (4): 348/502 kB | 315/638 kB | 88/177 kB | 31 kBProgress (4): 348/502 kB | 315/638 kB | 90/177 kB | 31 kBProgress (4): 348/502 kB | 315/638 kB | 93/177 kB | 31 kBProgress (4): 348/502 kB | 315/638 kB | 96/177 kB | 31 kBProgress (4): 348/502 kB | 315/638 kB | 99/177 kB | 31 kBProgress (4): 348/502 kB | 315/638 kB | 101/177 kB | 31 kBProgress (4): 348/502 kB | 315/638 kB | 104/177 kB | 31 kBProgress (4): 348/502 kB | 319/638 kB | 104/177 kB | 31 kBProgress (4): 348/502 kB | 324/638 kB | 104/177 kB | 31 kBProgress (4): 348/502 kB | 328/638 kB | 104/177 kB | 31 kBProgress (4): 348/502 kB | 332/638 kB | 104/177 kB | 31 kBProgress (4): 348/502 kB | 336/638 kB | 104/177 kB | 31 kBProgress (4): 348/502 kB | 340/638 kB | 104/177 kB | 31 kBProgress (4): 348/502 kB | 344/638 kB | 104/177 kB | 31 kBProgress (4): 348/502 kB | 348/638 kB | 104/177 kB | 31 kBProgress (4): 348/502 kB | 352/638 kB | 104/177 kB | 31 kB                                                          Downloaded from central: https://repo.maven.apache.org/maven2/org/eclipse/aether/aether-spi/1.0.2.v20150114/aether-spi-1.0.2.v20150114.jar (31 kB at 154 kB/s)
Downloading from central: https://repo.maven.apache.org/maven2/org/eclipse/aether/aether-api/1.0.2.v20150114/aether-api-1.0.2.v20150114.jar
Progress (4): 348/502 kB | 352/638 kB | 104/177 kB | 4.1/173 kBProgress (4): 348/502 kB | 352/638 kB | 104/177 kB | 8.2/173 kBProgress (4): 348/502 kB | 352/638 kB | 104/177 kB | 12/173 kB Progress (4): 348/502 kB | 352/638 kB | 104/177 kB | 16/173 kBProgress (4): 348/502 kB | 352/638 kB | 104/177 kB | 20/173 kBProgress (4): 348/502 kB | 352/638 kB | 104/177 kB | 25/173 kBProgress (4): 348/502 kB | 352/638 kB | 104/177 kB | 29/173 kBProgress (4): 348/502 kB | 352/638 kB | 104/177 kB | 33/173 kBProgress (4): 348/502 kB | 352/638 kB | 104/177 kB | 37/173 kBProgress (4): 348/502 kB | 352/638 kB | 104/177 kB | 41/173 kBProgress (4): 348/502 kB | 352/638 kB | 104/177 kB | 45/173 kBProgress (4): 348/502 kB | 352/638 kB | 104/177 kB | 49/173 kBProgress (4): 348/502 kB | 352/638 kB | 104/177 kB | 53/173 kBProgress (4): 348/502 kB | 352/638 kB | 104/177 kB | 57/173 kBProgress (4): 348/502 kB | 352/638 kB | 104/177 kB | 61/173 kBProgress (4): 348/502 kB | 352/638 kB | 104/177 kB | 66/173 kBProgress (4): 348/502 kB | 352/638 kB | 104/177 kB | 70/173 kBProgress (4): 348/502 kB | 352/638 kB | 104/177 kB | 74/173 kBProgress (4): 348/502 kB | 352/638 kB | 104/177 kB | 78/173 kBProgress (4): 348/502 kB | 352/638 kB | 104/177 kB | 82/173 kBProgress (4): 348/502 kB | 352/638 kB | 104/177 kB | 86/173 kBProgress (4): 348/502 kB | 352/638 kB | 104/177 kB | 90/173 kBProgress (4): 348/502 kB | 352/638 kB | 104/177 kB | 94/173 kBProgress (4): 348/502 kB | 352/638 kB | 104/177 kB | 98/173 kBProgress (4): 348/502 kB | 352/638 kB | 104/177 kB | 102/173 kBProgress (4): 348/502 kB | 352/638 kB | 104/177 kB | 106/173 kBProgress (4): 348/502 kB | 352/638 kB | 104/177 kB | 111/173 kBProgress (4): 348/502 kB | 352/638 kB | 104/177 kB | 115/173 kBProgress (4): 348/502 kB | 352/638 kB | 104/177 kB | 119/173 kBProgress (4): 348/502 kB | 352/638 kB | 104/177 kB | 123/173 kBProgress (4): 348/502 kB | 352/638 kB | 104/177 kB | 127/173 kBProgress (4): 348/502 kB | 352/638 kB | 104/177 kB | 131/173 kBProgress (4): 352/502 kB | 352/638 kB | 104/177 kB | 131/173 kBProgress (4): 356/502 kB | 352/638 kB | 104/177 kB | 131/173 kBProgress (4): 360/502 kB | 352/638 kB | 104/177 kB | 131/173 kBProgress (4): 365/502 kB | 352/638 kB | 104/177 kB | 131/173 kBProgress (4): 369/502 kB | 352/638 kB | 104/177 kB | 131/173 kBProgress (4): 373/502 kB | 352/638 kB | 104/177 kB | 131/173 kBProgress (4): 377/502 kB | 352/638 kB | 104/177 kB | 131/173 kBProgress (4): 381/502 kB | 352/638 kB | 104/177 kB | 131/173 kBProgress (4): 385/502 kB | 352/638 kB | 104/177 kB | 131/173 kBProgress (4): 389/502 kB | 352/638 kB | 104/177 kB | 131/173 kBProgress (4): 393/502 kB | 352/638 kB | 104/177 kB | 131/173 kBProgress (4): 397/502 kB | 352/638 kB | 104/177 kB | 131/173 kBProgress (4): 401/502 kB | 352/638 kB | 104/177 kB | 131/173 kBProgress (4): 406/502 kB | 352/638 kB | 104/177 kB | 131/173 kBProgress (4): 410/502 kB | 352/638 kB | 104/177 kB | 131/173 kBProgress (4): 414/502 kB | 352/638 kB | 104/177 kB | 131/173 kBProgress (4): 418/502 kB | 352/638 kB | 104/177 kB | 131/173 kBProgress (4): 422/502 kB | 352/638 kB | 104/177 kB | 131/173 kBProgress (4): 426/502 kB | 352/638 kB | 104/177 kB | 131/173 kBProgress (4): 430/502 kB | 352/638 kB | 104/177 kB | 131/173 kBProgress (4): 430/502 kB | 352/638 kB | 107/177 kB | 131/173 kBProgress (4): 430/502 kB | 352/638 kB | 110/177 kB | 131/173 kBProgress (4): 430/502 kB | 352/638 kB | 112/177 kB | 131/173 kBProgress (4): 430/502 kB | 352/638 kB | 115/177 kB | 131/173 kBProgress (4): 430/502 kB | 352/638 kB | 118/177 kB | 131/173 kBProgress (4): 430/502 kB | 352/638 kB | 121/177 kB | 131/173 kBProgress (4): 430/502 kB | 352/638 kB | 123/177 kB | 131/173 kBProgress (4): 430/502 kB | 352/638 kB | 126/177 kB | 131/173 kBProgress (4): 430/502 kB | 352/638 kB | 129/177 kB | 131/173 kBProgress (4): 430/502 kB | 352/638 kB | 132/177 kB | 131/173 kBProgress (4): 430/502 kB | 352/638 kB | 134/177 kB | 131/173 kBProgress (4): 430/502 kB | 352/638 kB | 137/177 kB | 131/173 kBProgress (4): 430/502 kB | 352/638 kB | 140/177 kB | 131/173 kBProgress (4): 430/502 kB | 352/638 kB | 143/177 kB | 131/173 kBProgress (4): 430/502 kB | 352/638 kB | 145/177 kB | 131/173 kBProgress (4): 430/502 kB | 352/638 kB | 148/177 kB | 131/173 kBProgress (4): 430/502 kB | 352/638 kB | 151/177 kB | 131/173 kBProgress (4): 430/502 kB | 352/638 kB | 154/177 kB | 131/173 kBProgress (4): 430/502 kB | 352/638 kB | 156/177 kB | 131/173 kBProgress (4): 430/502 kB | 352/638 kB | 159/177 kB | 131/173 kBProgress (4): 430/502 kB | 352/638 kB | 162/177 kB | 131/173 kBProgress (4): 430/502 kB | 352/638 kB | 165/177 kB | 131/173 kBProgress (4): 430/502 kB | 352/638 kB | 167/177 kB | 131/173 kBProgress (4): 434/502 kB | 352/638 kB | 167/177 kB | 131/173 kBProgress (4): 438/502 kB | 352/638 kB | 167/177 kB | 131/173 kBProgress (4): 442/502 kB | 352/638 kB | 167/177 kB | 131/173 kBProgress (4): 446/502 kB | 352/638 kB | 167/177 kB | 131/173 kBProgress (4): 446/502 kB | 352/638 kB | 167/177 kB | 135/173 kBProgress (5): 446/502 kB | 352/638 kB | 167/177 kB | 135/173 kB | 4.1/136 kBProgress (5): 446/502 kB | 352/638 kB | 167/177 kB | 135/173 kB | 8.2/136 kBProgress (5): 446/502 kB | 352/638 kB | 167/177 kB | 135/173 kB | 12/136 kB Progress (5): 446/502 kB | 352/638 kB | 167/177 kB | 135/173 kB | 16/136 kBProgress (5): 446/502 kB | 352/638 kB | 167/177 kB | 135/173 kB | 20/136 kBProgress (5): 446/502 kB | 352/638 kB | 167/177 kB | 135/173 kB | 25/136 kBProgress (5): 446/502 kB | 352/638 kB | 167/177 kB | 135/173 kB | 29/136 kBProgress (5): 446/502 kB | 352/638 kB | 167/177 kB | 135/173 kB | 33/136 kBProgress (5): 446/502 kB | 352/638 kB | 167/177 kB | 135/173 kB | 37/136 kBProgress (5): 446/502 kB | 352/638 kB | 167/177 kB | 139/173 kB | 37/136 kBProgress (5): 446/502 kB | 352/638 kB | 167/177 kB | 143/173 kB | 37/136 kBProgress (5): 446/502 kB | 352/638 kB | 167/177 kB | 147/173 kB | 37/136 kBProgress (5): 446/502 kB | 352/638 kB | 167/177 kB | 152/173 kB | 37/136 kBProgress (5): 446/502 kB | 352/638 kB | 167/177 kB | 156/173 kB | 37/136 kBProgress (5): 446/502 kB | 352/638 kB | 167/177 kB | 160/173 kB | 37/136 kBProgress (5): 446/502 kB | 352/638 kB | 167/177 kB | 164/173 kB | 37/136 kBProgress (5): 446/502 kB | 352/638 kB | 167/177 kB | 168/173 kB | 37/136 kBProgress (5): 446/502 kB | 352/638 kB | 167/177 kB | 172/173 kB | 37/136 kBProgress (5): 446/502 kB | 352/638 kB | 167/177 kB | 173 kB | 37/136 kB    Progress (5): 446/502 kB | 356/638 kB | 167/177 kB | 173 kB | 37/136 kBProgress (5): 446/502 kB | 360/638 kB | 167/177 kB | 173 kB | 37/136 kBProgress (5): 446/502 kB | 365/638 kB | 167/177 kB | 173 kB | 37/136 kBProgress (5): 446/502 kB | 369/638 kB | 167/177 kB | 173 kB | 37/136 kBProgress (5): 446/502 kB | 373/638 kB | 167/177 kB | 173 kB | 37/136 kBProgress (5): 446/502 kB | 377/638 kB | 167/177 kB | 173 kB | 37/136 kBProgress (5): 446/502 kB | 381/638 kB | 167/177 kB | 173 kB | 37/136 kBProgress (5): 446/502 kB | 385/638 kB | 167/177 kB | 173 kB | 37/136 kBProgress (5): 446/502 kB | 389/638 kB | 167/177 kB | 173 kB | 37/136 kBProgress (5): 446/502 kB | 393/638 kB | 167/177 kB | 173 kB | 37/136 kBProgress (5): 446/502 kB | 397/638 kB | 167/177 kB | 173 kB | 37/136 kBProgress (5): 446/502 kB | 401/638 kB | 167/177 kB | 173 kB | 37/136 kBProgress (5): 446/502 kB | 406/638 kB | 167/177 kB | 173 kB | 37/136 kBProgress (5): 446/502 kB | 410/638 kB | 167/177 kB | 173 kB | 37/136 kBProgress (5): 446/502 kB | 414/638 kB | 167/177 kB | 173 kB | 37/136 kBProgress (5): 446/502 kB | 418/638 kB | 167/177 kB | 173 kB | 37/136 kBProgress (5): 446/502 kB | 422/638 kB | 167/177 kB | 173 kB | 37/136 kBProgress (5): 446/502 kB | 426/638 kB | 167/177 kB | 173 kB | 37/136 kBProgress (5): 446/502 kB | 430/638 kB | 167/177 kB | 173 kB | 37/136 kBProgress (5): 446/502 kB | 434/638 kB | 167/177 kB | 173 kB | 37/136 kBProgress (5): 446/502 kB | 438/638 kB | 167/177 kB | 173 kB | 37/136 kBProgress (5): 446/502 kB | 438/638 kB | 170/177 kB | 173 kB | 37/136 kBProgress (5): 446/502 kB | 438/638 kB | 173/177 kB | 173 kB | 37/136 kBProgress (5): 446/502 kB | 438/638 kB | 175/177 kB | 173 kB | 37/136 kBProgress (5): 450/502 kB | 438/638 kB | 175/177 kB | 173 kB | 37/136 kBProgress (5): 454/502 kB | 438/638 kB | 175/177 kB | 173 kB | 37/136 kBProgress (5): 458/502 kB | 438/638 kB | 175/177 kB | 173 kB | 37/136 kBProgress (5): 463/502 kB | 438/638 kB | 175/177 kB | 173 kB | 37/136 kBProgress (5): 467/502 kB | 438/638 kB | 175/177 kB | 173 kB | 37/136 kBProgress (5): 471/502 kB | 438/638 kB | 175/177 kB | 173 kB | 37/136 kBProgress (5): 475/502 kB | 438/638 kB | 175/177 kB | 173 kB | 37/136 kBProgress (5): 479/502 kB | 438/638 kB | 175/177 kB | 173 kB | 37/136 kBProgress (5): 483/502 kB | 438/638 kB | 175/177 kB | 173 kB | 37/136 kBProgress (5): 487/502 kB | 438/638 kB | 175/177 kB | 173 kB | 37/136 kBProgress (5): 487/502 kB | 438/638 kB | 175/177 kB | 173 kB | 41/136 kBProgress (5): 487/502 kB | 438/638 kB | 175/177 kB | 173 kB | 45/136 kBProgress (5): 487/502 kB | 438/638 kB | 175/177 kB | 173 kB | 49/136 kBProgress (5): 487/502 kB | 438/638 kB | 175/177 kB | 173 kB | 53/136 kBProgress (5): 487/502 kB | 438/638 kB | 175/177 kB | 173 kB | 57/136 kBProgress (5): 487/502 kB | 438/638 kB | 175/177 kB | 173 kB | 61/136 kBProgress (5): 487/502 kB | 438/638 kB | 175/177 kB | 173 kB | 66/136 kBProgress (5): 487/502 kB | 438/638 kB | 175/177 kB | 173 kB | 70/136 kBProgress (5): 487/502 kB | 438/638 kB | 175/177 kB | 173 kB | 74/136 kBProgress (5): 487/502 kB | 438/638 kB | 175/177 kB | 173 kB | 78/136 kBProgress (5): 487/502 kB | 438/638 kB | 175/177 kB | 173 kB | 82/136 kBProgress (5): 487/502 kB | 438/638 kB | 175/177 kB | 173 kB | 86/136 kBProgress (5): 487/502 kB | 438/638 kB | 175/177 kB | 173 kB | 90/136 kBProgress (5): 487/502 kB | 438/638 kB | 175/177 kB | 173 kB | 94/136 kBProgress (5): 487/502 kB | 438/638 kB | 175/177 kB | 173 kB | 98/136 kBProgress (5): 487/502 kB | 438/638 kB | 175/177 kB | 173 kB | 102/136 kBProgress (5): 487/502 kB | 438/638 kB | 175/177 kB | 173 kB | 106/136 kBProgress (5): 487/502 kB | 442/638 kB | 175/177 kB | 173 kB | 106/136 kBProgress (5): 487/502 kB | 446/638 kB | 175/177 kB | 173 kB | 106/136 kBProgress (5): 487/502 kB | 450/638 kB | 175/177 kB | 173 kB | 106/136 kBProgress (5): 487/502 kB | 454/638 kB | 175/177 kB | 173 kB | 106/136 kBProgress (5): 487/502 kB | 458/638 kB | 175/177 kB | 173 kB | 106/136 kBProgress (5): 487/502 kB | 463/638 kB | 175/177 kB | 173 kB | 106/136 kBProgress (5): 487/502 kB | 467/638 kB | 175/177 kB | 173 kB | 106/136 kBProgress (5): 487/502 kB | 471/638 kB | 175/177 kB | 173 kB | 106/136 kBProgress (5): 487/502 kB | 475/638 kB | 175/177 kB | 173 kB | 106/136 kBProgress (5): 487/502 kB | 479/638 kB | 175/177 kB | 173 kB | 106/136 kBProgress (5): 487/502 kB | 483/638 kB | 175/177 kB | 173 kB | 106/136 kBProgress (5): 487/502 kB | 487/638 kB | 175/177 kB | 173 kB | 106/136 kBProgress (5): 487/502 kB | 491/638 kB | 175/177 kB | 173 kB | 106/136 kBProgress (5): 487/502 kB | 495/638 kB | 175/177 kB | 173 kB | 106/136 kBProgress (5): 487/502 kB | 499/638 kB | 175/177 kB | 173 kB | 106/136 kBProgress (5): 487/502 kB | 499/638 kB | 177 kB | 173 kB | 106/136 kB    Progress (5): 487/502 kB | 499/638 kB | 177 kB | 173 kB | 111/136 kBProgress (5): 487/502 kB | 499/638 kB | 177 kB | 173 kB | 115/136 kBProgress (5): 487/502 kB | 499/638 kB | 177 kB | 173 kB | 119/136 kBProgress (5): 487/502 kB | 499/638 kB | 177 kB | 173 kB | 123/136 kBProgress (5): 487/502 kB | 499/638 kB | 177 kB | 173 kB | 127/136 kBProgress (5): 487/502 kB | 499/638 kB | 177 kB | 173 kB | 131/136 kBProgress (5): 487/502 kB | 499/638 kB | 177 kB | 173 kB | 135/136 kBProgress (5): 487/502 kB | 499/638 kB | 177 kB | 173 kB | 136 kB    Progress (5): 491/502 kB | 499/638 kB | 177 kB | 173 kB | 136 kBProgress (5): 495/502 kB | 499/638 kB | 177 kB | 173 kB | 136 kBProgress (5): 499/502 kB | 499/638 kB | 177 kB | 173 kB | 136 kBProgress (5): 502 kB | 499/638 kB | 177 kB | 173 kB | 136 kB                                                                Downloaded from central: https://repo.maven.apache.org/maven2/org/eclipse/aether/aether-impl/1.0.2.v20150114/aether-impl-1.0.2.v20150114.jar (173 kB at 668 kB/s)
Downloading from central: https://repo.maven.apache.org/maven2/org/eclipse/aether/aether-util/1.0.2.v20150114/aether-util-1.0.2.v20150114.jar
Progress (4): 502 kB | 504/638 kB | 177 kB | 136 kBProgress (4): 502 kB | 508/638 kB | 177 kB | 136 kBProgress (4): 502 kB | 512/638 kB | 177 kB | 136 kBProgress (4): 502 kB | 516/638 kB | 177 kB | 136 kBProgress (4): 502 kB | 520/638 kB | 177 kB | 136 kBProgress (4): 502 kB | 524/638 kB | 177 kB | 136 kBProgress (4): 502 kB | 528/638 kB | 177 kB | 136 kBProgress (4): 502 kB | 532/638 kB | 177 kB | 136 kBProgress (4): 502 kB | 536/638 kB | 177 kB | 136 kB                                                   Downloaded from central: https://repo.maven.apache.org/maven2/org/eclipse/aether/aether-api/1.0.2.v20150114/aether-api-1.0.2.v20150114.jar (136 kB at 494 kB/s)
Downloaded from central: https://repo.maven.apache.org/maven2/org/apache/maven/maven-model-builder/3.3.9/maven-model-builder-3.3.9.jar (177 kB at 641 kB/s)
Downloading from central: https://repo.maven.apache.org/maven2/org/eclipse/sisu/org.eclipse.sisu.plexus/0.3.2/org.eclipse.sisu.plexus-0.3.2.jar
Downloading from central: https://repo.maven.apache.org/maven2/javax/enterprise/cdi-api/1.0/cdi-api-1.0.jar
Progress (2): 502 kB | 540/638 kBProgress (2): 502 kB | 544/638 kBProgress (2): 502 kB | 549/638 kBProgress (2): 502 kB | 553/638 kB                                 Downloaded from central: https://repo.maven.apache.org/maven2/org/apache/commons/commons-lang3/3.8.1/commons-lang3-3.8.1.jar (502 kB at 1.8 MB/s)
Downloading from central: https://repo.maven.apache.org/maven2/javax/annotation/jsr250-api/1.0/jsr250-api-1.0.jar
Progress (2): 553/638 kB | 4.1/147 kBProgress (2): 553/638 kB | 8.2/147 kBProgress (2): 553/638 kB | 12/147 kB Progress (2): 553/638 kB | 16/147 kBProgress (2): 553/638 kB | 20/147 kBProgress (2): 553/638 kB | 25/147 kBProgress (2): 553/638 kB | 29/147 kBProgress (2): 553/638 kB | 33/147 kBProgress (2): 553/638 kB | 37/147 kBProgress (2): 553/638 kB | 41/147 kBProgress (2): 553/638 kB | 45/147 kBProgress (2): 553/638 kB | 49/147 kBProgress (2): 553/638 kB | 53/147 kBProgress (2): 553/638 kB | 57/147 kBProgress (2): 553/638 kB | 61/147 kBProgress (2): 553/638 kB | 66/147 kBProgress (2): 553/638 kB | 70/147 kBProgress (2): 553/638 kB | 74/147 kBProgress (2): 553/638 kB | 78/147 kBProgress (2): 553/638 kB | 82/147 kBProgress (2): 553/638 kB | 86/147 kBProgress (2): 557/638 kB | 86/147 kBProgress (2): 561/638 kB | 86/147 kBProgress (2): 565/638 kB | 86/147 kBProgress (2): 569/638 kB | 86/147 kBProgress (2): 573/638 kB | 86/147 kBProgress (3): 573/638 kB | 86/147 kB | 4.1/205 kBProgress (3): 573/638 kB | 86/147 kB | 8.2/205 kBProgress (3): 573/638 kB | 86/147 kB | 12/205 kB Progress (3): 573/638 kB | 86/147 kB | 16/205 kBProgress (3): 573/638 kB | 86/147 kB | 20/205 kBProgress (3): 573/638 kB | 86/147 kB | 25/205 kBProgress (3): 573/638 kB | 86/147 kB | 29/205 kBProgress (3): 573/638 kB | 86/147 kB | 33/205 kBProgress (3): 573/638 kB | 86/147 kB | 37/205 kBProgress (3): 573/638 kB | 86/147 kB | 41/205 kBProgress (4): 573/638 kB | 86/147 kB | 41/205 kB | 4.1/45 kBProgress (4): 573/638 kB | 86/147 kB | 41/205 kB | 8.2/45 kBProgress (4): 573/638 kB | 86/147 kB | 41/205 kB | 12/45 kB Progress (4): 573/638 kB | 86/147 kB | 41/205 kB | 16/45 kBProgress (4): 573/638 kB | 86/147 kB | 41/205 kB | 20/45 kBProgress (4): 573/638 kB | 86/147 kB | 41/205 kB | 25/45 kBProgress (4): 573/638 kB | 86/147 kB | 41/205 kB | 29/45 kBProgress (4): 573/638 kB | 86/147 kB | 41/205 kB | 33/45 kBProgress (4): 573/638 kB | 86/147 kB | 41/205 kB | 37/45 kBProgress (4): 573/638 kB | 86/147 kB | 41/205 kB | 41/45 kBProgress (4): 573/638 kB | 86/147 kB | 41/205 kB | 45 kB   Progress (4): 573/638 kB | 86/147 kB | 45/205 kB | 45 kBProgress (4): 573/638 kB | 86/147 kB | 49/205 kB | 45 kBProgress (4): 573/638 kB | 86/147 kB | 53/205 kB | 45 kBProgress (4): 573/638 kB | 86/147 kB | 57/205 kB | 45 kBProgress (4): 573/638 kB | 86/147 kB | 61/205 kB | 45 kBProgress (4): 573/638 kB | 86/147 kB | 66/205 kB | 45 kBProgress (4): 573/638 kB | 90/147 kB | 66/205 kB | 45 kBProgress (5): 573/638 kB | 90/147 kB | 66/205 kB | 45 kB | 4.1/5.8 kBProgress (5): 573/638 kB | 90/147 kB | 66/205 kB | 45 kB | 5.8 kB    Progress (5): 573/638 kB | 94/147 kB | 66/205 kB | 45 kB | 5.8 kBProgress (5): 573/638 kB | 98/147 kB | 66/205 kB | 45 kB | 5.8 kBProgress (5): 573/638 kB | 102/147 kB | 66/205 kB | 45 kB | 5.8 kBProgress (5): 573/638 kB | 106/147 kB | 66/205 kB | 45 kB | 5.8 kBProgress (5): 573/638 kB | 111/147 kB | 66/205 kB | 45 kB | 5.8 kBProgress (5): 573/638 kB | 115/147 kB | 66/205 kB | 45 kB | 5.8 kBProgress (5): 573/638 kB | 119/147 kB | 66/205 kB | 45 kB | 5.8 kBProgress (5): 573/638 kB | 123/147 kB | 66/205 kB | 45 kB | 5.8 kBProgress (5): 573/638 kB | 127/147 kB | 66/205 kB | 45 kB | 5.8 kBProgress (5): 573/638 kB | 131/147 kB | 66/205 kB | 45 kB | 5.8 kBProgress (5): 573/638 kB | 135/147 kB | 66/205 kB | 45 kB | 5.8 kBProgress (5): 573/638 kB | 139/147 kB | 66/205 kB | 45 kB | 5.8 kBProgress (5): 573/638 kB | 143/147 kB | 66/205 kB | 45 kB | 5.8 kBProgress (5): 573/638 kB | 147 kB | 66/205 kB | 45 kB | 5.8 kB    Progress (5): 577/638 kB | 147 kB | 66/205 kB | 45 kB | 5.8 kBProgress (5): 581/638 kB | 147 kB | 66/205 kB | 45 kB | 5.8 kBProgress (5): 585/638 kB | 147 kB | 66/205 kB | 45 kB | 5.8 kBProgress (5): 590/638 kB | 147 kB | 66/205 kB | 45 kB | 5.8 kBProgress (5): 594/638 kB | 147 kB | 66/205 kB | 45 kB | 5.8 kBProgress (5): 598/638 kB | 147 kB | 66/205 kB | 45 kB | 5.8 kBProgress (5): 602/638 kB | 147 kB | 66/205 kB | 45 kB | 5.8 kBProgress (5): 606/638 kB | 147 kB | 66/205 kB | 45 kB | 5.8 kBProgress (5): 610/638 kB | 147 kB | 66/205 kB | 45 kB | 5.8 kBProgress (5): 614/638 kB | 147 kB | 66/205 kB | 45 kB | 5.8 kBProgress (5): 618/638 kB | 147 kB | 66/205 kB | 45 kB | 5.8 kBProgress (5): 622/638 kB | 147 kB | 66/205 kB | 45 kB | 5.8 kBProgress (5): 626/638 kB | 147 kB | 66/205 kB | 45 kB | 5.8 kBProgress (5): 631/638 kB | 147 kB | 66/205 kB | 45 kB | 5.8 kBProgress (5): 635/638 kB | 147 kB | 66/205 kB | 45 kB | 5.8 kBProgress (5): 638 kB | 147 kB | 66/205 kB | 45 kB | 5.8 kB    Progress (5): 638 kB | 147 kB | 70/205 kB | 45 kB | 5.8 kBProgress (5): 638 kB | 147 kB | 74/205 kB | 45 kB | 5.8 kBProgress (5): 638 kB | 147 kB | 78/205 kB | 45 kB | 5.8 kBProgress (5): 638 kB | 147 kB | 82/205 kB | 45 kB | 5.8 kBProgress (5): 638 kB | 147 kB | 86/205 kB | 45 kB | 5.8 kBProgress (5): 638 kB | 147 kB | 90/205 kB | 45 kB | 5.8 kB                                                          Downloaded from central: https://repo.maven.apache.org/maven2/javax/annotation/jsr250-api/1.0/jsr250-api-1.0.jar (5.8 kB at 18 kB/s)
Downloading from central: https://repo.maven.apache.org/maven2/org/eclipse/sisu/org.eclipse.sisu.inject/0.3.2/org.eclipse.sisu.inject-0.3.2.jar
Downloaded from central: https://repo.maven.apache.org/maven2/javax/enterprise/cdi-api/1.0/cdi-api-1.0.jar (45 kB at 141 kB/s)
Downloading from central: https://repo.maven.apache.org/maven2/com/google/inject/guice/4.0/guice-4.0-no_aop.jar
Progress (3): 638 kB | 147 kB | 94/205 kBProgress (3): 638 kB | 147 kB | 98/205 kBProgress (3): 638 kB | 147 kB | 102/205 kBProgress (3): 638 kB | 147 kB | 106/205 kBProgress (3): 638 kB | 147 kB | 111/205 kBProgress (3): 638 kB | 147 kB | 115/205 kBProgress (3): 638 kB | 147 kB | 119/205 kBProgress (3): 638 kB | 147 kB | 123/205 kBProgress (3): 638 kB | 147 kB | 127/205 kBProgress (3): 638 kB | 147 kB | 131/205 kBProgress (3): 638 kB | 147 kB | 135/205 kBProgress (3): 638 kB | 147 kB | 139/205 kBProgress (3): 638 kB | 147 kB | 143/205 kBProgress (3): 638 kB | 147 kB | 147/205 kBProgress (3): 638 kB | 147 kB | 152/205 kBProgress (4): 638 kB | 147 kB | 152/205 kB | 4.1/378 kBProgress (4): 638 kB | 147 kB | 152/205 kB | 8.2/378 kBProgress (4): 638 kB | 147 kB | 152/205 kB | 12/378 kB Progress (4): 638 kB | 147 kB | 152/205 kB | 16/378 kBProgress (4): 638 kB | 147 kB | 152/205 kB | 20/378 kBProgress (4): 638 kB | 147 kB | 152/205 kB | 25/378 kBProgress (4): 638 kB | 147 kB | 152/205 kB | 29/378 kBProgress (4): 638 kB | 147 kB | 152/205 kB | 33/378 kBProgress (4): 638 kB | 147 kB | 152/205 kB | 37/378 kBProgress (4): 638 kB | 147 kB | 152/205 kB | 41/378 kBProgress (4): 638 kB | 147 kB | 152/205 kB | 45/378 kBProgress (4): 638 kB | 147 kB | 152/205 kB | 49/378 kBProgress (4): 638 kB | 147 kB | 156/205 kB | 49/378 kBProgress (4): 638 kB | 147 kB | 160/205 kB | 49/378 kB                                                      Downloaded from central: https://repo.maven.apache.org/maven2/org/eclipse/aether/aether-util/1.0.2.v20150114/aether-util-1.0.2.v20150114.jar (147 kB at 433 kB/s)
Downloading from central: https://repo.maven.apache.org/maven2/javax/inject/javax.inject/1/javax.inject-1.jar
Progress (3): 638 kB | 164/205 kB | 49/378 kBProgress (3): 638 kB | 168/205 kB | 49/378 kBProgress (3): 638 kB | 168/205 kB | 53/378 kBProgress (3): 638 kB | 168/205 kB | 57/378 kBProgress (3): 638 kB | 168/205 kB | 61/378 kBProgress (3): 638 kB | 168/205 kB | 66/378 kBProgress (3): 638 kB | 168/205 kB | 70/378 kBProgress (3): 638 kB | 168/205 kB | 74/378 kB                                             Downloaded from central: https://repo.maven.apache.org/maven2/org/apache/maven/maven-core/3.3.9/maven-core-3.3.9.jar (638 kB at 1.9 MB/s)
Progress (3): 168/205 kB | 74/378 kB | 4.1/424 kBProgress (3): 168/205 kB | 74/378 kB | 8.2/424 kBProgress (3): 168/205 kB | 74/378 kB | 12/424 kB Progress (3): 168/205 kB | 74/378 kB | 16/424 kBProgress (3): 168/205 kB | 74/378 kB | 20/424 kBProgress (3): 168/205 kB | 74/378 kB | 25/424 kBProgress (3): 168/205 kB | 74/378 kB | 29/424 kBProgress (3): 168/205 kB | 74/378 kB | 33/424 kBProgress (3): 168/205 kB | 74/378 kB | 37/424 kBProgress (3): 168/205 kB | 74/378 kB | 41/424 kBProgress (3): 168/205 kB | 74/378 kB | 45/424 kBProgress (3): 168/205 kB | 74/378 kB | 49/424 kBProgress (3): 168/205 kB | 74/378 kB | 53/424 kBProgress (3): 168/205 kB | 74/378 kB | 57/424 kBProgress (3): 168/205 kB | 74/378 kB | 61/424 kBProgress (3): 168/205 kB | 74/378 kB | 66/424 kBProgress (3): 168/205 kB | 74/378 kB | 70/424 kBProgress (3): 168/205 kB | 74/378 kB | 74/424 kBProgress (3): 168/205 kB | 74/378 kB | 78/424 kBProgress (3): 168/205 kB | 74/378 kB | 82/424 kBProgress (3): 168/205 kB | 74/378 kB | 86/424 kBProgress (3): 168/205 kB | 74/378 kB | 90/424 kBProgress (3): 172/205 kB | 74/378 kB | 90/424 kBProgress (3): 176/205 kB | 74/378 kB | 90/424 kBProgress (3): 180/205 kB | 74/378 kB | 90/424 kBProgress (3): 184/205 kB | 74/378 kB | 90/424 kBProgress (3): 184/205 kB | 78/378 kB | 90/424 kB                                                Downloading from central: https://repo.maven.apache.org/maven2/aopalliance/aopalliance/1.0/aopalliance-1.0.jar
Progress (3): 184/205 kB | 82/378 kB | 90/424 kBProgress (3): 184/205 kB | 86/378 kB | 90/424 kBProgress (3): 184/205 kB | 90/378 kB | 90/424 kBProgress (3): 184/205 kB | 94/378 kB | 90/424 kBProgress (3): 184/205 kB | 98/378 kB | 90/424 kBProgress (3): 184/205 kB | 102/378 kB | 90/424 kBProgress (3): 184/205 kB | 106/378 kB | 90/424 kBProgress (3): 184/205 kB | 111/378 kB | 90/424 kBProgress (3): 184/205 kB | 115/378 kB | 90/424 kBProgress (3): 184/205 kB | 119/378 kB | 90/424 kBProgress (3): 184/205 kB | 123/378 kB | 90/424 kBProgress (3): 184/205 kB | 127/378 kB | 90/424 kBProgress (3): 184/205 kB | 131/378 kB | 90/424 kBProgress (3): 184/205 kB | 135/378 kB | 90/424 kBProgress (3): 184/205 kB | 139/378 kB | 90/424 kBProgress (3): 184/205 kB | 143/378 kB | 90/424 kBProgress (3): 184/205 kB | 147/378 kB | 90/424 kBProgress (3): 184/205 kB | 152/378 kB | 90/424 kBProgress (3): 184/205 kB | 156/378 kB | 90/424 kBProgress (3): 184/205 kB | 160/378 kB | 90/424 kBProgress (3): 184/205 kB | 164/378 kB | 90/424 kBProgress (3): 184/205 kB | 168/378 kB | 90/424 kBProgress (3): 184/205 kB | 172/378 kB | 90/424 kBProgress (3): 188/205 kB | 172/378 kB | 90/424 kBProgress (3): 193/205 kB | 172/378 kB | 90/424 kBProgress (3): 197/205 kB | 172/378 kB | 90/424 kBProgress (4): 197/205 kB | 172/378 kB | 90/424 kB | 2.5 kBProgress (4): 197/205 kB | 172/378 kB | 94/424 kB | 2.5 kBProgress (4): 197/205 kB | 172/378 kB | 98/424 kB | 2.5 kBProgress (4): 197/205 kB | 172/378 kB | 102/424 kB | 2.5 kBProgress (4): 197/205 kB | 172/378 kB | 106/424 kB | 2.5 kBProgress (4): 197/205 kB | 172/378 kB | 111/424 kB | 2.5 kBProgress (4): 197/205 kB | 172/378 kB | 115/424 kB | 2.5 kBProgress (4): 201/205 kB | 172/378 kB | 115/424 kB | 2.5 kBProgress (5): 201/205 kB | 172/378 kB | 115/424 kB | 2.5 kB | 4.1/4.5 kBProgress (5): 201/205 kB | 172/378 kB | 115/424 kB | 2.5 kB | 4.5 kB    Progress (5): 205/205 kB | 172/378 kB | 115/424 kB | 2.5 kB | 4.5 kBProgress (5): 205 kB | 172/378 kB | 115/424 kB | 2.5 kB | 4.5 kB    Progress (5): 205 kB | 172/378 kB | 119/424 kB | 2.5 kB | 4.5 kBProgress (5): 205 kB | 172/378 kB | 123/424 kB | 2.5 kB | 4.5 kBProgress (5): 205 kB | 172/378 kB | 127/424 kB | 2.5 kB | 4.5 kBProgress (5): 205 kB | 172/378 kB | 131/424 kB | 2.5 kB | 4.5 kBProgress (5): 205 kB | 172/378 kB | 135/424 kB | 2.5 kB | 4.5 kBProgress (5): 205 kB | 172/378 kB | 139/424 kB | 2.5 kB | 4.5 kBProgress (5): 205 kB | 172/378 kB | 143/424 kB | 2.5 kB | 4.5 kBProgress (5): 205 kB | 172/378 kB | 147/424 kB | 2.5 kB | 4.5 kBProgress (5): 205 kB | 172/378 kB | 152/424 kB | 2.5 kB | 4.5 kBProgress (5): 205 kB | 176/378 kB | 152/424 kB | 2.5 kB | 4.5 kB                                                                Downloaded from central: https://repo.maven.apache.org/maven2/javax/inject/javax.inject/1/javax.inject-1.jar (2.5 kB at 6.6 kB/s)
Downloading from central: https://repo.maven.apache.org/maven2/org/codehaus/plexus/plexus-classworlds/2.5.2/plexus-classworlds-2.5.2.jar
Downloaded from central: https://repo.maven.apache.org/maven2/aopalliance/aopalliance/1.0/aopalliance-1.0.jar (4.5 kB at 12 kB/s)
Downloading from central: https://repo.maven.apache.org/maven2/org/codehaus/plexus/plexus-component-annotations/1.6/plexus-component-annotations-1.6.jar
Progress (3): 205 kB | 180/378 kB | 152/424 kBProgress (3): 205 kB | 184/378 kB | 152/424 kBProgress (3): 205 kB | 188/378 kB | 152/424 kBProgress (3): 205 kB | 193/378 kB | 152/424 kB                                              Downloaded from central: https://repo.maven.apache.org/maven2/org/eclipse/sisu/org.eclipse.sisu.plexus/0.3.2/org.eclipse.sisu.plexus-0.3.2.jar (205 kB at 535 kB/s)
Downloading from central: https://repo.maven.apache.org/maven2/org/apache/maven/maven-model/3.3.9/maven-model-3.3.9.jar
Progress (2): 197/378 kB | 152/424 kBProgress (2): 201/378 kB | 152/424 kBProgress (2): 205/378 kB | 152/424 kBProgress (2): 209/378 kB | 152/424 kBProgress (2): 213/378 kB | 152/424 kBProgress (2): 217/378 kB | 152/424 kBProgress (2): 221/378 kB | 152/424 kBProgress (2): 225/378 kB | 152/424 kBProgress (2): 229/378 kB | 152/424 kBProgress (2): 233/378 kB | 152/424 kBProgress (2): 238/378 kB | 152/424 kBProgress (2): 242/378 kB | 152/424 kBProgress (2): 246/378 kB | 152/424 kBProgress (2): 250/378 kB | 152/424 kBProgress (2): 254/378 kB | 152/424 kBProgress (2): 258/378 kB | 152/424 kBProgress (2): 258/378 kB | 156/424 kBProgress (2): 258/378 kB | 160/424 kBProgress (2): 258/378 kB | 164/424 kBProgress (2): 258/378 kB | 168/424 kBProgress (2): 258/378 kB | 172/424 kBProgress (2): 258/378 kB | 176/424 kBProgress (2): 258/378 kB | 180/424 kBProgress (2): 258/378 kB | 184/424 kBProgress (2): 258/378 kB | 188/424 kBProgress (2): 258/378 kB | 193/424 kBProgress (2): 258/378 kB | 197/424 kBProgress (2): 258/378 kB | 201/424 kBProgress (2): 258/378 kB | 205/424 kBProgress (2): 258/378 kB | 209/424 kBProgress (2): 258/378 kB | 213/424 kBProgress (2): 258/378 kB | 217/424 kBProgress (2): 258/378 kB | 221/424 kBProgress (2): 258/378 kB | 225/424 kBProgress (2): 258/378 kB | 229/424 kBProgress (2): 258/378 kB | 233/424 kBProgress (2): 258/378 kB | 238/424 kBProgress (2): 258/378 kB | 242/424 kBProgress (2): 258/378 kB | 246/424 kBProgress (2): 258/378 kB | 250/424 kBProgress (2): 258/378 kB | 254/424 kBProgress (2): 258/378 kB | 258/424 kBProgress (2): 258/378 kB | 262/424 kBProgress (2): 258/378 kB | 266/424 kBProgress (3): 258/378 kB | 266/424 kB | 4.1/164 kBProgress (3): 258/378 kB | 266/424 kB | 8.2/164 kBProgress (3): 258/378 kB | 266/424 kB | 12/164 kB Progress (3): 258/378 kB | 266/424 kB | 16/164 kBProgress (3): 258/378 kB | 266/424 kB | 20/164 kBProgress (4): 258/378 kB | 266/424 kB | 20/164 kB | 4.1/4.3 kBProgress (4): 258/378 kB | 266/424 kB | 20/164 kB | 4.3 kB    Progress (4): 262/378 kB | 266/424 kB | 20/164 kB | 4.3 kBProgress (4): 266/378 kB | 266/424 kB | 20/164 kB | 4.3 kBProgress (4): 270/378 kB | 266/424 kB | 20/164 kB | 4.3 kBProgress (4): 274/378 kB | 266/424 kB | 20/164 kB | 4.3 kBProgress (4): 279/378 kB | 266/424 kB | 20/164 kB | 4.3 kBProgress (4): 283/378 kB | 266/424 kB | 20/164 kB | 4.3 kBProgress (4): 287/378 kB | 266/424 kB | 20/164 kB | 4.3 kBProgress (4): 291/378 kB | 266/424 kB | 20/164 kB | 4.3 kBProgress (4): 295/378 kB | 266/424 kB | 20/164 kB | 4.3 kBProgress (4): 299/378 kB | 266/424 kB | 20/164 kB | 4.3 kBProgress (4): 303/378 kB | 266/424 kB | 20/164 kB | 4.3 kBProgress (4): 307/378 kB | 266/424 kB | 20/164 kB | 4.3 kBProgress (4): 307/378 kB | 270/424 kB | 20/164 kB | 4.3 kBProgress (4): 307/378 kB | 270/424 kB | 25/164 kB | 4.3 kBProgress (4): 307/378 kB | 270/424 kB | 29/164 kB | 4.3 kBProgress (4): 307/378 kB | 270/424 kB | 33/164 kB | 4.3 kBProgress (4): 307/378 kB | 270/424 kB | 37/164 kB | 4.3 kBProgress (4): 307/378 kB | 270/424 kB | 41/164 kB | 4.3 kBProgress (4): 307/378 kB | 270/424 kB | 45/164 kB | 4.3 kBProgress (5): 307/378 kB | 270/424 kB | 45/164 kB | 4.3 kB | 4.1/53 kBProgress (5): 307/378 kB | 270/424 kB | 45/164 kB | 4.3 kB | 8.2/53 kBProgress (5): 307/378 kB | 270/424 kB | 45/164 kB | 4.3 kB | 12/53 kB Progress (5): 307/378 kB | 270/424 kB | 45/164 kB | 4.3 kB | 16/53 kBProgress (5): 307/378 kB | 270/424 kB | 49/164 kB | 4.3 kB | 16/53 kBProgress (5): 307/378 kB | 270/424 kB | 53/164 kB | 4.3 kB | 16/53 kBProgress (5): 307/378 kB | 270/424 kB | 57/164 kB | 4.3 kB | 16/53 kBProgress (5): 307/378 kB | 270/424 kB | 61/164 kB | 4.3 kB | 16/53 kBProgress (5): 307/378 kB | 270/424 kB | 66/164 kB | 4.3 kB | 16/53 kBProgress (5): 307/378 kB | 270/424 kB | 70/164 kB | 4.3 kB | 16/53 kBProgress (5): 307/378 kB | 274/424 kB | 70/164 kB | 4.3 kB | 16/53 kBProgress (5): 307/378 kB | 274/424 kB | 70/164 kB | 4.3 kB | 20/53 kBProgress (5): 307/378 kB | 274/424 kB | 70/164 kB | 4.3 kB | 25/53 kBProgress (5): 307/378 kB | 274/424 kB | 70/164 kB | 4.3 kB | 29/53 kBProgress (5): 307/378 kB | 274/424 kB | 70/164 kB | 4.3 kB | 33/53 kBProgress (5): 307/378 kB | 279/424 kB | 70/164 kB | 4.3 kB | 33/53 kBProgress (5): 307/378 kB | 279/424 kB | 70/164 kB | 4.3 kB | 37/53 kBProgress (5): 307/378 kB | 279/424 kB | 70/164 kB | 4.3 kB | 41/53 kBProgress (5): 307/378 kB | 279/424 kB | 70/164 kB | 4.3 kB | 45/53 kBProgress (5): 307/378 kB | 279/424 kB | 70/164 kB | 4.3 kB | 49/53 kBProgress (5): 307/378 kB | 279/424 kB | 70/164 kB | 4.3 kB | 53 kB   Progress (5): 311/378 kB | 279/424 kB | 70/164 kB | 4.3 kB | 53 kB                                                                  Downloaded from central: https://repo.maven.apache.org/maven2/org/codehaus/plexus/plexus-component-annotations/1.6/plexus-component-annotations-1.6.jar (4.3 kB at 10 kB/s)
Downloading from central: https://repo.maven.apache.org/maven2/org/apache/maven/maven-plugin-api/3.3.9/maven-plugin-api-3.3.9.jar
Progress (4): 315/378 kB | 279/424 kB | 70/164 kB | 53 kBProgress (4): 319/378 kB | 279/424 kB | 70/164 kB | 53 kBProgress (4): 324/378 kB | 279/424 kB | 70/164 kB | 53 kBProgress (4): 328/378 kB | 279/424 kB | 70/164 kB | 53 kBProgress (4): 332/378 kB | 279/424 kB | 70/164 kB | 53 kBProgress (4): 336/378 kB | 279/424 kB | 70/164 kB | 53 kBProgress (4): 340/378 kB | 279/424 kB | 70/164 kB | 53 kBProgress (4): 344/378 kB | 279/424 kB | 70/164 kB | 53 kBProgress (4): 348/378 kB | 279/424 kB | 70/164 kB | 53 kBProgress (4): 352/378 kB | 279/424 kB | 70/164 kB | 53 kBProgress (4): 356/378 kB | 279/424 kB | 70/164 kB | 53 kBProgress (4): 360/378 kB | 279/424 kB | 70/164 kB | 53 kBProgress (4): 365/378 kB | 279/424 kB | 70/164 kB | 53 kBProgress (4): 369/378 kB | 279/424 kB | 70/164 kB | 53 kBProgress (4): 373/378 kB | 279/424 kB | 70/164 kB | 53 kBProgress (4): 377/378 kB | 279/424 kB | 70/164 kB | 53 kBProgress (4): 378 kB | 279/424 kB | 70/164 kB | 53 kB    Progress (4): 378 kB | 283/424 kB | 70/164 kB | 53 kBProgress (4): 378 kB | 287/424 kB | 70/164 kB | 53 kBProgress (4): 378 kB | 291/424 kB | 70/164 kB | 53 kBProgress (4): 378 kB | 295/424 kB | 70/164 kB | 53 kBProgress (4): 378 kB | 299/424 kB | 70/164 kB | 53 kBProgress (4): 378 kB | 303/424 kB | 70/164 kB | 53 kBProgress (4): 378 kB | 307/424 kB | 70/164 kB | 53 kBProgress (4): 378 kB | 311/424 kB | 70/164 kB | 53 kBProgress (4): 378 kB | 315/424 kB | 70/164 kB | 53 kBProgress (4): 378 kB | 319/424 kB | 70/164 kB | 53 kBProgress (4): 378 kB | 324/424 kB | 70/164 kB | 53 kBProgress (4): 378 kB | 328/424 kB | 70/164 kB | 53 kBProgress (4): 378 kB | 332/424 kB | 70/164 kB | 53 kBProgress (4): 378 kB | 336/424 kB | 70/164 kB | 53 kBProgress (4): 378 kB | 340/424 kB | 70/164 kB | 53 kBProgress (4): 378 kB | 344/424 kB | 70/164 kB | 53 kBProgress (4): 378 kB | 348/424 kB | 70/164 kB | 53 kBProgress (4): 378 kB | 352/424 kB | 70/164 kB | 53 kBProgress (4): 378 kB | 356/424 kB | 70/164 kB | 53 kBProgress (4): 378 kB | 360/424 kB | 70/164 kB | 53 kBProgress (4): 378 kB | 365/424 kB | 70/164 kB | 53 kBProgress (4): 378 kB | 369/424 kB | 70/164 kB | 53 kBProgress (4): 378 kB | 373/424 kB | 70/164 kB | 53 kBProgress (4): 378 kB | 377/424 kB | 70/164 kB | 53 kBProgress (4): 378 kB | 381/424 kB | 70/164 kB | 53 kBProgress (4): 378 kB | 385/424 kB | 70/164 kB | 53 kBProgress (4): 378 kB | 389/424 kB | 70/164 kB | 53 kB                                                     Downloaded from central: https://repo.maven.apache.org/maven2/org/codehaus/plexus/plexus-classworlds/2.5.2/plexus-classworlds-2.5.2.jar (53 kB at 121 kB/s)
Downloading from central: https://repo.maven.apache.org/maven2/org/apache/maven/maven-settings/3.3.9/maven-settings-3.3.9.jar
Downloaded from central: https://repo.maven.apache.org/maven2/org/eclipse/sisu/org.eclipse.sisu.inject/0.3.2/org.eclipse.sisu.inject-0.3.2.jar (378 kB at 864 kB/s)
Downloading from central: https://repo.maven.apache.org/maven2/org/apache/maven/shared/maven-common-artifact-filters/3.0.1/maven-common-artifact-filters-3.0.1.jar
Progress (3): 389/424 kB | 70/164 kB | 4.1/47 kBProgress (3): 389/424 kB | 70/164 kB | 8.2/47 kBProgress (3): 389/424 kB | 70/164 kB | 12/47 kB Progress (3): 389/424 kB | 70/164 kB | 16/47 kBProgress (3): 389/424 kB | 70/164 kB | 20/47 kBProgress (3): 389/424 kB | 70/164 kB | 25/47 kBProgress (3): 389/424 kB | 70/164 kB | 29/47 kBProgress (3): 389/424 kB | 70/164 kB | 33/47 kBProgress (3): 389/424 kB | 70/164 kB | 37/47 kBProgress (3): 389/424 kB | 70/164 kB | 41/47 kBProgress (3): 389/424 kB | 74/164 kB | 41/47 kBProgress (3): 389/424 kB | 78/164 kB | 41/47 kBProgress (3): 389/424 kB | 82/164 kB | 41/47 kBProgress (3): 389/424 kB | 86/164 kB | 41/47 kBProgress (3): 389/424 kB | 90/164 kB | 41/47 kBProgress (3): 389/424 kB | 94/164 kB | 41/47 kBProgress (3): 389/424 kB | 98/164 kB | 41/47 kBProgress (3): 389/424 kB | 102/164 kB | 41/47 kBProgress (3): 389/424 kB | 106/164 kB | 41/47 kBProgress (3): 389/424 kB | 111/164 kB | 41/47 kBProgress (3): 389/424 kB | 115/164 kB | 41/47 kBProgress (3): 389/424 kB | 119/164 kB | 41/47 kBProgress (3): 389/424 kB | 123/164 kB | 41/47 kBProgress (3): 389/424 kB | 127/164 kB | 41/47 kBProgress (3): 389/424 kB | 131/164 kB | 41/47 kBProgress (3): 389/424 kB | 135/164 kB | 41/47 kBProgress (3): 389/424 kB | 139/164 kB | 41/47 kBProgress (3): 389/424 kB | 143/164 kB | 41/47 kBProgress (3): 389/424 kB | 147/164 kB | 41/47 kBProgress (3): 389/424 kB | 152/164 kB | 41/47 kBProgress (3): 393/424 kB | 152/164 kB | 41/47 kBProgress (3): 397/424 kB | 152/164 kB | 41/47 kBProgress (3): 401/424 kB | 152/164 kB | 41/47 kBProgress (3): 406/424 kB | 152/164 kB | 41/47 kBProgress (3): 410/424 kB | 152/164 kB | 41/47 kBProgress (3): 414/424 kB | 152/164 kB | 41/47 kBProgress (3): 418/424 kB | 152/164 kB | 41/47 kBProgress (3): 422/424 kB | 152/164 kB | 41/47 kBProgress (3): 424 kB | 152/164 kB | 41/47 kB    Progress (3): 424 kB | 152/164 kB | 45/47 kBProgress (3): 424 kB | 152/164 kB | 47 kB   Progress (4): 424 kB | 152/164 kB | 47 kB | 4.1/44 kBProgress (4): 424 kB | 152/164 kB | 47 kB | 8.2/44 kBProgress (4): 424 kB | 152/164 kB | 47 kB | 12/44 kB Progress (4): 424 kB | 152/164 kB | 47 kB | 16/44 kBProgress (4): 424 kB | 152/164 kB | 47 kB | 20/44 kBProgress (5): 424 kB | 152/164 kB | 47 kB | 20/44 kB | 4.1/61 kBProgress (5): 424 kB | 152/164 kB | 47 kB | 20/44 kB | 8.2/61 kBProgress (5): 424 kB | 152/164 kB | 47 kB | 20/44 kB | 12/61 kB Progress (5): 424 kB | 152/164 kB | 47 kB | 20/44 kB | 16/61 kBProgress (5): 424 kB | 152/164 kB | 47 kB | 20/44 kB | 20/61 kBProgress (5): 424 kB | 152/164 kB | 47 kB | 20/44 kB | 25/61 kBProgress (5): 424 kB | 152/164 kB | 47 kB | 20/44 kB | 29/61 kBProgress (5): 424 kB | 152/164 kB | 47 kB | 20/44 kB | 33/61 kBProgress (5): 424 kB | 152/164 kB | 47 kB | 20/44 kB | 37/61 kBProgress (5): 424 kB | 152/164 kB | 47 kB | 20/44 kB | 41/61 kBProgress (5): 424 kB | 152/164 kB | 47 kB | 20/44 kB | 45/61 kBProgress (5): 424 kB | 152/164 kB | 47 kB | 20/44 kB | 49/61 kB                                                               Downloaded from central: https://repo.maven.apache.org/maven2/org/apache/maven/maven-plugin-api/3.3.9/maven-plugin-api-3.3.9.jar (47 kB at 104 kB/s)
Downloading from central: https://repo.maven.apache.org/maven2/org/codehaus/plexus/plexus-archiver/3.6.0/plexus-archiver-3.6.0.jar
Progress (4): 424 kB | 156/164 kB | 20/44 kB | 49/61 kBProgress (4): 424 kB | 156/164 kB | 25/44 kB | 49/61 kBProgress (4): 424 kB | 156/164 kB | 29/44 kB | 49/61 kBProgress (4): 424 kB | 156/164 kB | 33/44 kB | 49/61 kBProgress (4): 424 kB | 156/164 kB | 37/44 kB | 49/61 kBProgress (4): 424 kB | 156/164 kB | 41/44 kB | 49/61 kBProgress (4): 424 kB | 156/164 kB | 44 kB | 49/61 kB   Progress (4): 424 kB | 160/164 kB | 44 kB | 49/61 kBProgress (4): 424 kB | 164/164 kB | 44 kB | 49/61 kBProgress (4): 424 kB | 164 kB | 44 kB | 49/61 kB    Progress (4): 424 kB | 164 kB | 44 kB | 53/61 kBProgress (4): 424 kB | 164 kB | 44 kB | 57/61 kBProgress (4): 424 kB | 164 kB | 44 kB | 61/61 kBProgress (4): 424 kB | 164 kB | 44 kB | 61 kB                                                Downloaded from central: https://repo.maven.apache.org/maven2/com/google/inject/guice/4.0/guice-4.0-no_aop.jar (424 kB at 905 kB/s)
Downloading from central: https://repo.maven.apache.org/maven2/org/codehaus/plexus/plexus-io/3.0.1/plexus-io-3.0.1.jar
Downloaded from central: https://repo.maven.apache.org/maven2/org/apache/maven/maven-settings/3.3.9/maven-settings-3.3.9.jar (44 kB at 94 kB/s)
Downloading from central: https://repo.maven.apache.org/maven2/org/apache/maven/plugins/maven-shade-plugin/3.2.1/maven-shade-plugin-3.2.1.jar
Progress (3): 164 kB | 61 kB | 4.1/191 kBProgress (3): 164 kB | 61 kB | 8.2/191 kBProgress (3): 164 kB | 61 kB | 12/191 kB Progress (3): 164 kB | 61 kB | 16/191 kBProgress (3): 164 kB | 61 kB | 20/191 kBProgress (3): 164 kB | 61 kB | 25/191 kBProgress (3): 164 kB | 61 kB | 29/191 kB                                        Downloaded from central: https://repo.maven.apache.org/maven2/org/apache/maven/maven-model/3.3.9/maven-model-3.3.9.jar (164 kB at 342 kB/s)
Downloading from central: https://repo.maven.apache.org/maven2/org/apache/maven/shared/maven-artifact-transfer/0.10.0/maven-artifact-transfer-0.10.0.jar
Progress (2): 61 kB | 33/191 kBProgress (3): 61 kB | 33/191 kB | 4.1/74 kBProgress (3): 61 kB | 33/191 kB | 8.2/74 kBProgress (3): 61 kB | 33/191 kB | 12/74 kB Progress (3): 61 kB | 33/191 kB | 16/74 kBProgress (3): 61 kB | 33/191 kB | 20/74 kBProgress (3): 61 kB | 33/191 kB | 25/74 kBProgress (3): 61 kB | 33/191 kB | 29/74 kBProgress (3): 61 kB | 33/191 kB | 33/74 kBProgress (3): 61 kB | 33/191 kB | 37/74 kBProgress (3): 61 kB | 33/191 kB | 41/74 kBProgress (3): 61 kB | 33/191 kB | 45/74 kBProgress (3): 61 kB | 33/191 kB | 49/74 kBProgress (3): 61 kB | 33/191 kB | 53/74 kBProgress (3): 61 kB | 33/191 kB | 57/74 kBProgress (3): 61 kB | 33/191 kB | 61/74 kBProgress (3): 61 kB | 33/191 kB | 66/74 kB                                          Downloaded from central: https://repo.maven.apache.org/maven2/org/apache/maven/shared/maven-common-artifact-filters/3.0.1/maven-common-artifact-filters-3.0.1.jar (61 kB at 124 kB/s)
Downloading from central: https://repo.maven.apache.org/maven2/org/ow2/asm/asm/7.0/asm-7.0.jar
Progress (3): 33/191 kB | 66/74 kB | 4.1/128 kBProgress (3): 33/191 kB | 66/74 kB | 8.2/128 kBProgress (3): 33/191 kB | 66/74 kB | 12/128 kB Progress (3): 33/191 kB | 66/74 kB | 16/128 kBProgress (3): 33/191 kB | 66/74 kB | 20/128 kBProgress (3): 37/191 kB | 66/74 kB | 20/128 kBProgress (4): 37/191 kB | 66/74 kB | 20/128 kB | 4.1/114 kBProgress (4): 37/191 kB | 66/74 kB | 20/128 kB | 8.2/114 kBProgress (4): 37/191 kB | 66/74 kB | 20/128 kB | 12/114 kB Progress (4): 37/191 kB | 66/74 kB | 20/128 kB | 16/114 kBProgress (4): 37/191 kB | 66/74 kB | 20/128 kB | 20/114 kBProgress (4): 37/191 kB | 66/74 kB | 20/128 kB | 25/114 kBProgress (4): 37/191 kB | 66/74 kB | 20/128 kB | 29/114 kBProgress (4): 37/191 kB | 66/74 kB | 20/128 kB | 33/114 kBProgress (4): 37/191 kB | 66/74 kB | 20/128 kB | 37/114 kBProgress (4): 37/191 kB | 66/74 kB | 20/128 kB | 41/114 kBProgress (4): 37/191 kB | 66/74 kB | 20/128 kB | 45/114 kBProgress (4): 37/191 kB | 66/74 kB | 20/128 kB | 49/114 kBProgress (4): 41/191 kB | 66/74 kB | 20/128 kB | 49/114 kBProgress (4): 45/191 kB | 66/74 kB | 20/128 kB | 49/114 kBProgress (4): 49/191 kB | 66/74 kB | 20/128 kB | 49/114 kBProgress (4): 53/191 kB | 66/74 kB | 20/128 kB | 49/114 kBProgress (4): 57/191 kB | 66/74 kB | 20/128 kB | 49/114 kBProgress (4): 61/191 kB | 66/74 kB | 20/128 kB | 49/114 kBProgress (4): 66/191 kB | 66/74 kB | 20/128 kB | 49/114 kBProgress (4): 70/191 kB | 66/74 kB | 20/128 kB | 49/114 kBProgress (4): 74/191 kB | 66/74 kB | 20/128 kB | 49/114 kBProgress (4): 78/191 kB | 66/74 kB | 20/128 kB | 49/114 kBProgress (4): 82/191 kB | 66/74 kB | 20/128 kB | 49/114 kBProgress (4): 86/191 kB | 66/74 kB | 20/128 kB | 49/114 kBProgress (4): 90/191 kB | 66/74 kB | 20/128 kB | 49/114 kBProgress (4): 94/191 kB | 66/74 kB | 20/128 kB | 49/114 kBProgress (4): 98/191 kB | 66/74 kB | 20/128 kB | 49/114 kBProgress (4): 102/191 kB | 66/74 kB | 20/128 kB | 49/114 kBProgress (4): 106/191 kB | 66/74 kB | 20/128 kB | 49/114 kBProgress (4): 111/191 kB | 66/74 kB | 20/128 kB | 49/114 kBProgress (4): 115/191 kB | 66/74 kB | 20/128 kB | 49/114 kBProgress (4): 119/191 kB | 66/74 kB | 20/128 kB | 49/114 kBProgress (4): 123/191 kB | 66/74 kB | 20/128 kB | 49/114 kBProgress (4): 123/191 kB | 70/74 kB | 20/128 kB | 49/114 kBProgress (4): 123/191 kB | 74/74 kB | 20/128 kB | 49/114 kBProgress (4): 123/191 kB | 74 kB | 20/128 kB | 49/114 kB   Progress (5): 123/191 kB | 74 kB | 20/128 kB | 49/114 kB | 4.1/114 kBProgress (5): 123/191 kB | 74 kB | 20/128 kB | 49/114 kB | 8.2/114 kBProgress (5): 123/191 kB | 74 kB | 20/128 kB | 49/114 kB | 12/114 kB Progress (5): 123/191 kB | 74 kB | 20/128 kB | 49/114 kB | 16/114 kBProgress (5): 123/191 kB | 74 kB | 20/128 kB | 49/114 kB | 20/114 kBProgress (5): 123/191 kB | 74 kB | 20/128 kB | 49/114 kB | 25/114 kBProgress (5): 123/191 kB | 74 kB | 20/128 kB | 49/114 kB | 29/114 kBProgress (5): 123/191 kB | 74 kB | 20/128 kB | 49/114 kB | 33/114 kBProgress (5): 123/191 kB | 74 kB | 25/128 kB | 49/114 kB | 33/114 kBProgress (5): 123/191 kB | 74 kB | 29/128 kB | 49/114 kB | 33/114 kBProgress (5): 123/191 kB | 74 kB | 33/128 kB | 49/114 kB | 33/114 kBProgress (5): 123/191 kB | 74 kB | 37/128 kB | 49/114 kB | 33/114 kBProgress (5): 123/191 kB | 74 kB | 41/128 kB | 49/114 kB | 33/114 kBProgress (5): 123/191 kB | 74 kB | 45/128 kB | 49/114 kB | 33/114 kBProgress (5): 123/191 kB | 74 kB | 49/128 kB | 49/114 kB | 33/114 kBProgress (5): 123/191 kB | 74 kB | 53/128 kB | 49/114 kB | 33/114 kBProgress (5): 123/191 kB | 74 kB | 53/128 kB | 53/114 kB | 33/114 kBProgress (5): 123/191 kB | 74 kB | 53/128 kB | 57/114 kB | 33/114 kBProgress (5): 123/191 kB | 74 kB | 53/128 kB | 61/114 kB | 33/114 kBProgress (5): 123/191 kB | 74 kB | 53/128 kB | 66/114 kB | 33/114 kBProgress (5): 123/191 kB | 74 kB | 53/128 kB | 70/114 kB | 33/114 kBProgress (5): 123/191 kB | 74 kB | 53/128 kB | 74/114 kB | 33/114 kBProgress (5): 123/191 kB | 74 kB | 53/128 kB | 78/114 kB | 33/114 kBProgress (5): 123/191 kB | 74 kB | 53/128 kB | 82/114 kB | 33/114 kBProgress (5): 123/191 kB | 74 kB | 53/128 kB | 86/114 kB | 33/114 kBProgress (5): 123/191 kB | 74 kB | 53/128 kB | 90/114 kB | 33/114 kBProgress (5): 123/191 kB | 74 kB | 53/128 kB | 94/114 kB | 33/114 kBProgress (5): 123/191 kB | 74 kB | 53/128 kB | 98/114 kB | 33/114 kBProgress (5): 123/191 kB | 74 kB | 53/128 kB | 102/114 kB | 33/114 kBProgress (5): 123/191 kB | 74 kB | 53/128 kB | 106/114 kB | 33/114 kBProgress (5): 123/191 kB | 74 kB | 53/128 kB | 111/114 kB | 33/114 kBProgress (5): 123/191 kB | 74 kB | 53/128 kB | 114 kB | 33/114 kB    Progress (5): 123/191 kB | 74 kB | 53/128 kB | 114 kB | 37/114 kBProgress (5): 123/191 kB | 74 kB | 57/128 kB | 114 kB | 37/114 kBProgress (5): 123/191 kB | 74 kB | 61/128 kB | 114 kB | 37/114 kBProgress (5): 123/191 kB | 74 kB | 66/128 kB | 114 kB | 37/114 kBProgress (5): 123/191 kB | 74 kB | 70/128 kB | 114 kB | 37/114 kBProgress (5): 123/191 kB | 74 kB | 74/128 kB | 114 kB | 37/114 kBProgress (5): 123/191 kB | 74 kB | 78/128 kB | 114 kB | 37/114 kBProgress (5): 123/191 kB | 74 kB | 78/128 kB | 114 kB | 41/114 kBProgress (5): 123/191 kB | 74 kB | 78/128 kB | 114 kB | 45/114 kBProgress (5): 123/191 kB | 74 kB | 78/128 kB | 114 kB | 49/114 kBProgress (5): 123/191 kB | 74 kB | 78/128 kB | 114 kB | 53/114 kBProgress (5): 123/191 kB | 74 kB | 78/128 kB | 114 kB | 57/114 kBProgress (5): 123/191 kB | 74 kB | 78/128 kB | 114 kB | 61/114 kBProgress (5): 123/191 kB | 74 kB | 78/128 kB | 114 kB | 66/114 kBProgress (5): 123/191 kB | 74 kB | 78/128 kB | 114 kB | 70/114 kBProgress (5): 123/191 kB | 74 kB | 78/128 kB | 114 kB | 74/114 kBProgress (5): 123/191 kB | 74 kB | 78/128 kB | 114 kB | 78/114 kBProgress (5): 123/191 kB | 74 kB | 78/128 kB | 114 kB | 82/114 kBProgress (5): 123/191 kB | 74 kB | 78/128 kB | 114 kB | 86/114 kBProgress (5): 123/191 kB | 74 kB | 78/128 kB | 114 kB | 90/114 kBProgress (5): 123/191 kB | 74 kB | 78/128 kB | 114 kB | 94/114 kBProgress (5): 123/191 kB | 74 kB | 78/128 kB | 114 kB | 98/114 kB                                                                 Downloaded from central: https://repo.maven.apache.org/maven2/org/codehaus/plexus/plexus-io/3.0.1/plexus-io-3.0.1.jar (74 kB at 141 kB/s)
Downloading from central: https://repo.maven.apache.org/maven2/org/ow2/asm/asm-commons/7.0/asm-commons-7.0.jar
Progress (4): 127/191 kB | 78/128 kB | 114 kB | 98/114 kBProgress (4): 131/191 kB | 78/128 kB | 114 kB | 98/114 kBProgress (4): 135/191 kB | 78/128 kB | 114 kB | 98/114 kBProgress (4): 139/191 kB | 78/128 kB | 114 kB | 98/114 kBProgress (4): 143/191 kB | 78/128 kB | 114 kB | 98/114 kBProgress (4): 147/191 kB | 78/128 kB | 114 kB | 98/114 kBProgress (4): 152/191 kB | 78/128 kB | 114 kB | 98/114 kBProgress (4): 156/191 kB | 78/128 kB | 114 kB | 98/114 kBProgress (4): 160/191 kB | 78/128 kB | 114 kB | 98/114 kBProgress (4): 164/191 kB | 78/128 kB | 114 kB | 98/114 kBProgress (4): 168/191 kB | 78/128 kB | 114 kB | 98/114 kBProgress (4): 172/191 kB | 78/128 kB | 114 kB | 98/114 kBProgress (4): 176/191 kB | 78/128 kB | 114 kB | 98/114 kBProgress (4): 180/191 kB | 78/128 kB | 114 kB | 98/114 kBProgress (4): 184/191 kB | 78/128 kB | 114 kB | 98/114 kBProgress (4): 184/191 kB | 82/128 kB | 114 kB | 98/114 kBProgress (4): 184/191 kB | 86/128 kB | 114 kB | 98/114 kBProgress (4): 184/191 kB | 90/128 kB | 114 kB | 98/114 kBProgress (4): 184/191 kB | 94/128 kB | 114 kB | 98/114 kBProgress (4): 184/191 kB | 98/128 kB | 114 kB | 98/114 kBProgress (4): 184/191 kB | 102/128 kB | 114 kB | 98/114 kBProgress (4): 184/191 kB | 106/128 kB | 114 kB | 98/114 kBProgress (4): 184/191 kB | 111/128 kB | 114 kB | 98/114 kBProgress (4): 184/191 kB | 115/128 kB | 114 kB | 98/114 kBProgress (4): 184/191 kB | 119/128 kB | 114 kB | 98/114 kBProgress (4): 184/191 kB | 123/128 kB | 114 kB | 98/114 kBProgress (4): 184/191 kB | 127/128 kB | 114 kB | 98/114 kBProgress (4): 184/191 kB | 128 kB | 114 kB | 98/114 kB    Progress (4): 184/191 kB | 128 kB | 114 kB | 102/114 kB                                                       Downloaded from central: https://repo.maven.apache.org/maven2/org/apache/maven/plugins/maven-shade-plugin/3.2.1/maven-shade-plugin-3.2.1.jar (114 kB at 212 kB/s)
Downloading from central: https://repo.maven.apache.org/maven2/org/ow2/asm/asm-tree/7.0/asm-tree-7.0.jar
Progress (4): 184/191 kB | 128 kB | 102/114 kB | 4.1/80 kBProgress (4): 184/191 kB | 128 kB | 102/114 kB | 8.2/80 kBProgress (4): 184/191 kB | 128 kB | 102/114 kB | 12/80 kB Progress (4): 184/191 kB | 128 kB | 102/114 kB | 16/80 kBProgress (4): 184/191 kB | 128 kB | 102/114 kB | 20/80 kBProgress (4): 184/191 kB | 128 kB | 102/114 kB | 25/80 kBProgress (4): 184/191 kB | 128 kB | 102/114 kB | 29/80 kBProgress (4): 184/191 kB | 128 kB | 102/114 kB | 33/80 kBProgress (4): 184/191 kB | 128 kB | 102/114 kB | 37/80 kBProgress (4): 184/191 kB | 128 kB | 102/114 kB | 41/80 kBProgress (4): 184/191 kB | 128 kB | 102/114 kB | 45/80 kBProgress (4): 184/191 kB | 128 kB | 102/114 kB | 49/80 kBProgress (4): 184/191 kB | 128 kB | 102/114 kB | 53/80 kBProgress (4): 184/191 kB | 128 kB | 102/114 kB | 57/80 kBProgress (4): 184/191 kB | 128 kB | 102/114 kB | 61/80 kBProgress (4): 184/191 kB | 128 kB | 102/114 kB | 66/80 kBProgress (4): 184/191 kB | 128 kB | 102/114 kB | 70/80 kBProgress (4): 184/191 kB | 128 kB | 102/114 kB | 74/80 kBProgress (4): 184/191 kB | 128 kB | 102/114 kB | 78/80 kBProgress (4): 184/191 kB | 128 kB | 102/114 kB | 80 kB   Progress (4): 184/191 kB | 128 kB | 106/114 kB | 80 kBProgress (4): 184/191 kB | 128 kB | 111/114 kB | 80 kBProgress (4): 184/191 kB | 128 kB | 114 kB | 80 kB    Progress (4): 188/191 kB | 128 kB | 114 kB | 80 kBProgress (4): 191 kB | 128 kB | 114 kB | 80 kB                                                  Downloaded from central: https://repo.maven.apache.org/maven2/org/apache/maven/shared/maven-artifact-transfer/0.10.0/maven-artifact-transfer-0.10.0.jar (128 kB at 233 kB/s)
Downloading from central: https://repo.maven.apache.org/maven2/org/ow2/asm/asm-analysis/7.0/asm-analysis-7.0.jar
Progress (4): 191 kB | 114 kB | 80 kB | 4.1/50 kBProgress (4): 191 kB | 114 kB | 80 kB | 8.2/50 kBProgress (4): 191 kB | 114 kB | 80 kB | 12/50 kB Progress (4): 191 kB | 114 kB | 80 kB | 16/50 kBProgress (4): 191 kB | 114 kB | 80 kB | 20/50 kBProgress (4): 191 kB | 114 kB | 80 kB | 25/50 kBProgress (4): 191 kB | 114 kB | 80 kB | 29/50 kBProgress (4): 191 kB | 114 kB | 80 kB | 33/50 kB                                                Downloaded from central: https://repo.maven.apache.org/maven2/org/ow2/asm/asm-commons/7.0/asm-commons-7.0.jar (80 kB at 144 kB/s)
Downloading from central: https://repo.maven.apache.org/maven2/org/jdom/jdom2/2.0.6/jdom2-2.0.6.jar
Progress (3): 191 kB | 114 kB | 37/50 kBProgress (3): 191 kB | 114 kB | 41/50 kBProgress (3): 191 kB | 114 kB | 45/50 kBProgress (3): 191 kB | 114 kB | 49/50 kBProgress (3): 191 kB | 114 kB | 50 kB                                        Downloaded from central: https://repo.maven.apache.org/maven2/org/ow2/asm/asm/7.0/asm-7.0.jar (114 kB at 204 kB/s)
Downloading from central: https://repo.maven.apache.org/maven2/org/apache/maven/shared/maven-dependency-tree/3.0.1/maven-dependency-tree-3.0.1.jar
Downloaded from central: https://repo.maven.apache.org/maven2/org/codehaus/plexus/plexus-archiver/3.6.0/plexus-archiver-3.6.0.jar (191 kB at 342 kB/s)
Downloading from central: https://repo.maven.apache.org/maven2/org/vafer/jdependency/2.1.1/jdependency-2.1.1.jar
Progress (2): 50 kB | 4.1/33 kBProgress (2): 50 kB | 8.2/33 kBProgress (2): 50 kB | 12/33 kB Progress (2): 50 kB | 16/33 kBProgress (2): 50 kB | 20/33 kBProgress (2): 50 kB | 25/33 kBProgress (2): 50 kB | 29/33 kBProgress (2): 50 kB | 33/33 kBProgress (2): 50 kB | 33 kB   Progress (3): 50 kB | 33 kB | 4.1/305 kBProgress (3): 50 kB | 33 kB | 8.2/305 kBProgress (3): 50 kB | 33 kB | 12/305 kB Progress (3): 50 kB | 33 kB | 16/305 kBProgress (3): 50 kB | 33 kB | 20/305 kBProgress (3): 50 kB | 33 kB | 25/305 kBProgress (3): 50 kB | 33 kB | 29/305 kBProgress (3): 50 kB | 33 kB | 33/305 kBProgress (3): 50 kB | 33 kB | 37/305 kBProgress (3): 50 kB | 33 kB | 41/305 kBProgress (3): 50 kB | 33 kB | 45/305 kBProgress (3): 50 kB | 33 kB | 49/305 kBProgress (4): 50 kB | 33 kB | 49/305 kB | 4.1/186 kBProgress (4): 50 kB | 33 kB | 49/305 kB | 8.2/186 kBProgress (4): 50 kB | 33 kB | 49/305 kB | 12/186 kB Progress (4): 50 kB | 33 kB | 49/305 kB | 16/186 kBProgress (4): 50 kB | 33 kB | 49/305 kB | 20/186 kBProgress (4): 50 kB | 33 kB | 49/305 kB | 25/186 kBProgress (4): 50 kB | 33 kB | 49/305 kB | 29/186 kBProgress (4): 50 kB | 33 kB | 49/305 kB | 33/186 kBProgress (4): 50 kB | 33 kB | 49/305 kB | 37/186 kBProgress (4): 50 kB | 33 kB | 49/305 kB | 41/186 kBProgress (4): 50 kB | 33 kB | 49/305 kB | 45/186 kBProgress (4): 50 kB | 33 kB | 49/305 kB | 49/186 kBProgress (4): 50 kB | 33 kB | 49/305 kB | 53/186 kBProgress (4): 50 kB | 33 kB | 49/305 kB | 57/186 kBProgress (4): 50 kB | 33 kB | 49/305 kB | 61/186 kBProgress (4): 50 kB | 33 kB | 49/305 kB | 66/186 kBProgress (4): 50 kB | 33 kB | 49/305 kB | 70/186 kBProgress (4): 50 kB | 33 kB | 53/305 kB | 70/186 kBProgress (5): 50 kB | 33 kB | 53/305 kB | 70/186 kB | 4.1/37 kBProgress (5): 50 kB | 33 kB | 53/305 kB | 70/186 kB | 8.2/37 kBProgress (5): 50 kB | 33 kB | 53/305 kB | 70/186 kB | 12/37 kB Progress (5): 50 kB | 33 kB | 53/305 kB | 70/186 kB | 16/37 kBProgress (5): 50 kB | 33 kB | 53/305 kB | 70/186 kB | 20/37 kBProgress (5): 50 kB | 33 kB | 53/305 kB | 70/186 kB | 25/37 kBProgress (5): 50 kB | 33 kB | 53/305 kB | 70/186 kB | 29/37 kBProgress (5): 50 kB | 33 kB | 53/305 kB | 70/186 kB | 33/37 kBProgress (5): 50 kB | 33 kB | 53/305 kB | 70/186 kB | 37 kB                                                              Downloaded from central: https://repo.maven.apache.org/maven2/org/ow2/asm/asm-analysis/7.0/asm-analysis-7.0.jar (33 kB at 57 kB/s)
Downloading from central: https://repo.maven.apache.org/maven2/org/ow2/asm/asm-util/7.0-beta/asm-util-7.0-beta.jar
Downloaded from central: https://repo.maven.apache.org/maven2/org/ow2/asm/asm-tree/7.0/asm-tree-7.0.jar (50 kB at 85 kB/s)
Downloading from central: https://repo.maven.apache.org/maven2/com/google/guava/guava/19.0/guava-19.0.jar
Progress (3): 57/305 kB | 70/186 kB | 37 kBProgress (3): 61/305 kB | 70/186 kB | 37 kBProgress (3): 66/305 kB | 70/186 kB | 37 kBProgress (3): 70/305 kB | 70/186 kB | 37 kBProgress (3): 74/305 kB | 70/186 kB | 37 kBProgress (3): 78/305 kB | 70/186 kB | 37 kBProgress (3): 82/305 kB | 70/186 kB | 37 kBProgress (3): 86/305 kB | 70/186 kB | 37 kBProgress (3): 90/305 kB | 70/186 kB | 37 kBProgress (3): 94/305 kB | 70/186 kB | 37 kBProgress (3): 98/305 kB | 70/186 kB | 37 kBProgress (3): 102/305 kB | 70/186 kB | 37 kBProgress (3): 102/305 kB | 74/186 kB | 37 kBProgress (3): 102/305 kB | 78/186 kB | 37 kBProgress (3): 102/305 kB | 82/186 kB | 37 kBProgress (3): 102/305 kB | 86/186 kB | 37 kBProgress (3): 102/305 kB | 90/186 kB | 37 kBProgress (3): 102/305 kB | 94/186 kB | 37 kBProgress (3): 102/305 kB | 98/186 kB | 37 kBProgress (3): 102/305 kB | 102/186 kB | 37 kBProgress (3): 102/305 kB | 106/186 kB | 37 kBProgress (3): 102/305 kB | 111/186 kB | 37 kBProgress (3): 102/305 kB | 115/186 kB | 37 kBProgress (3): 102/305 kB | 119/186 kB | 37 kBProgress (3): 102/305 kB | 123/186 kB | 37 kBProgress (3): 102/305 kB | 127/186 kB | 37 kBProgress (3): 102/305 kB | 131/186 kB | 37 kBProgress (3): 102/305 kB | 135/186 kB | 37 kBProgress (3): 102/305 kB | 139/186 kB | 37 kBProgress (3): 102/305 kB | 143/186 kB | 37 kBProgress (3): 102/305 kB | 147/186 kB | 37 kBProgress (3): 102/305 kB | 152/186 kB | 37 kBProgress (3): 106/305 kB | 152/186 kB | 37 kBProgress (3): 111/305 kB | 152/186 kB | 37 kBProgress (4): 111/305 kB | 152/186 kB | 37 kB | 4.1/81 kBProgress (4): 111/305 kB | 152/186 kB | 37 kB | 8.2/81 kBProgress (4): 111/305 kB | 152/186 kB | 37 kB | 12/81 kB Progress (4): 111/305 kB | 152/186 kB | 37 kB | 16/81 kBProgress (4): 115/305 kB | 152/186 kB | 37 kB | 16/81 kBProgress (4): 119/305 kB | 152/186 kB | 37 kB | 16/81 kBProgress (4): 123/305 kB | 152/186 kB | 37 kB | 16/81 kBProgress (4): 127/305 kB | 152/186 kB | 37 kB | 16/81 kBProgress (4): 131/305 kB | 152/186 kB | 37 kB | 16/81 kBProgress (4): 131/305 kB | 152/186 kB | 37 kB | 20/81 kBProgress (4): 131/305 kB | 152/186 kB | 37 kB | 25/81 kBProgress (4): 131/305 kB | 152/186 kB | 37 kB | 29/81 kBProgress (5): 131/305 kB | 152/186 kB | 37 kB | 29/81 kB | 0/2.3 MBProgress (5): 131/305 kB | 152/186 kB | 37 kB | 29/81 kB | 0/2.3 MBProgress (5): 131/305 kB | 152/186 kB | 37 kB | 33/81 kB | 0/2.3 MBProgress (5): 131/305 kB | 152/186 kB | 37 kB | 37/81 kB | 0/2.3 MBProgress (5): 131/305 kB | 152/186 kB | 37 kB | 41/81 kB | 0/2.3 MBProgress (5): 131/305 kB | 152/186 kB | 37 kB | 45/81 kB | 0/2.3 MBProgress (5): 131/305 kB | 152/186 kB | 37 kB | 45/81 kB | 0/2.3 MBProgress (5): 131/305 kB | 152/186 kB | 37 kB | 45/81 kB | 0.1/2.3 MBProgress (5): 131/305 kB | 152/186 kB | 37 kB | 45/81 kB | 0.1/2.3 MBProgress (5): 131/305 kB | 152/186 kB | 37 kB | 45/81 kB | 0.1/2.3 MBProgress (5): 131/305 kB | 152/186 kB | 37 kB | 45/81 kB | 0.1/2.3 MBProgress (5): 131/305 kB | 152/186 kB | 37 kB | 45/81 kB | 0.1/2.3 MBProgress (5): 131/305 kB | 152/186 kB | 37 kB | 45/81 kB | 0.1/2.3 MBProgress (5): 131/305 kB | 152/186 kB | 37 kB | 45/81 kB | 0.2/2.3 MBProgress (5): 135/305 kB | 152/186 kB | 37 kB | 45/81 kB | 0.2/2.3 MBProgress (5): 139/305 kB | 152/186 kB | 37 kB | 45/81 kB | 0.2/2.3 MBProgress (5): 143/305 kB | 152/186 kB | 37 kB | 45/81 kB | 0.2/2.3 MBProgress (5): 147/305 kB | 152/186 kB | 37 kB | 45/81 kB | 0.2/2.3 MBProgress (5): 152/305 kB | 152/186 kB | 37 kB | 45/81 kB | 0.2/2.3 MBProgress (5): 152/305 kB | 156/186 kB | 37 kB | 45/81 kB | 0.2/2.3 MBProgress (5): 152/305 kB | 160/186 kB | 37 kB | 45/81 kB | 0.2/2.3 MBProgress (5): 152/305 kB | 164/186 kB | 37 kB | 45/81 kB | 0.2/2.3 MBProgress (5): 152/305 kB | 168/186 kB | 37 kB | 45/81 kB | 0.2/2.3 MBProgress (5): 152/305 kB | 168/186 kB | 37 kB | 49/81 kB | 0.2/2.3 MBProgress (5): 152/305 kB | 168/186 kB | 37 kB | 53/81 kB | 0.2/2.3 MBProgress (5): 152/305 kB | 168/186 kB | 37 kB | 57/81 kB | 0.2/2.3 MBProgress (5): 152/305 kB | 168/186 kB | 37 kB | 61/81 kB | 0.2/2.3 MBProgress (5): 152/305 kB | 168/186 kB | 37 kB | 66/81 kB | 0.2/2.3 MBProgress (5): 152/305 kB | 168/186 kB | 37 kB | 70/81 kB | 0.2/2.3 MBProgress (5): 152/305 kB | 168/186 kB | 37 kB | 74/81 kB | 0.2/2.3 MBProgress (5): 152/305 kB | 168/186 kB | 37 kB | 78/81 kB | 0.2/2.3 MBProgress (5): 152/305 kB | 168/186 kB | 37 kB | 81 kB | 0.2/2.3 MB   Progress (5): 152/305 kB | 172/186 kB | 37 kB | 81 kB | 0.2/2.3 MBProgress (5): 152/305 kB | 176/186 kB | 37 kB | 81 kB | 0.2/2.3 MBProgress (5): 152/305 kB | 180/186 kB | 37 kB | 81 kB | 0.2/2.3 MBProgress (5): 156/305 kB | 180/186 kB | 37 kB | 81 kB | 0.2/2.3 MBProgress (5): 160/305 kB | 180/186 kB | 37 kB | 81 kB | 0.2/2.3 MBProgress (5): 160/305 kB | 184/186 kB | 37 kB | 81 kB | 0.2/2.3 MBProgress (5): 160/305 kB | 186 kB | 37 kB | 81 kB | 0.2/2.3 MB    Progress (5): 164/305 kB | 186 kB | 37 kB | 81 kB | 0.2/2.3 MBProgress (5): 168/305 kB | 186 kB | 37 kB | 81 kB | 0.2/2.3 MBProgress (5): 172/305 kB | 186 kB | 37 kB | 81 kB | 0.2/2.3 MBProgress (5): 176/305 kB | 186 kB | 37 kB | 81 kB | 0.2/2.3 MBProgress (5): 180/305 kB | 186 kB | 37 kB | 81 kB | 0.2/2.3 MBProgress (5): 184/305 kB | 186 kB | 37 kB | 81 kB | 0.2/2.3 MBProgress (5): 188/305 kB | 186 kB | 37 kB | 81 kB | 0.2/2.3 MBProgress (5): 193/305 kB | 186 kB | 37 kB | 81 kB | 0.2/2.3 MBProgress (5): 197/305 kB | 186 kB | 37 kB | 81 kB | 0.2/2.3 MBProgress (5): 201/305 kB | 186 kB | 37 kB | 81 kB | 0.2/2.3 MBProgress (5): 205/305 kB | 186 kB | 37 kB | 81 kB | 0.2/2.3 MBProgress (5): 209/305 kB | 186 kB | 37 kB | 81 kB | 0.2/2.3 MBProgress (5): 213/305 kB | 186 kB | 37 kB | 81 kB | 0.2/2.3 MBProgress (5): 217/305 kB | 186 kB | 37 kB | 81 kB | 0.2/2.3 MB                                                              Downloaded from central: https://repo.maven.apache.org/maven2/org/apache/maven/shared/maven-dependency-tree/3.0.1/maven-dependency-tree-3.0.1.jar (37 kB at 58 kB/s)
Progress (4): 217/305 kB | 186 kB | 81 kB | 0.2/2.3 MB                                                      Downloaded from central: https://repo.maven.apache.org/maven2/org/vafer/jdependency/2.1.1/jdependency-2.1.1.jar (186 kB at 291 kB/s)
Downloaded from central: https://repo.maven.apache.org/maven2/org/ow2/asm/asm-util/7.0-beta/asm-util-7.0-beta.jar (81 kB at 126 kB/s)
Progress (2): 217/305 kB | 0.2/2.3 MBProgress (2): 217/305 kB | 0.2/2.3 MBProgress (2): 217/305 kB | 0.2/2.3 MBProgress (2): 217/305 kB | 0.2/2.3 MBProgress (2): 217/305 kB | 0.3/2.3 MBProgress (2): 217/305 kB | 0.3/2.3 MBProgress (2): 217/305 kB | 0.3/2.3 MBProgress (2): 221/305 kB | 0.3/2.3 MBProgress (2): 225/305 kB | 0.3/2.3 MBProgress (2): 229/305 kB | 0.3/2.3 MBProgress (2): 233/305 kB | 0.3/2.3 MBProgress (2): 238/305 kB | 0.3/2.3 MBProgress (2): 242/305 kB | 0.3/2.3 MBProgress (2): 246/305 kB | 0.3/2.3 MBProgress (2): 250/305 kB | 0.3/2.3 MBProgress (2): 254/305 kB | 0.3/2.3 MBProgress (2): 258/305 kB | 0.3/2.3 MBProgress (2): 262/305 kB | 0.3/2.3 MBProgress (2): 266/305 kB | 0.3/2.3 MBProgress (2): 270/305 kB | 0.3/2.3 MBProgress (2): 270/305 kB | 0.3/2.3 MBProgress (2): 270/305 kB | 0.3/2.3 MBProgress (2): 270/305 kB | 0.3/2.3 MBProgress (2): 270/305 kB | 0.4/2.3 MBProgress (2): 270/305 kB | 0.4/2.3 MBProgress (2): 270/305 kB | 0.4/2.3 MBProgress (2): 274/305 kB | 0.4/2.3 MBProgress (2): 279/305 kB | 0.4/2.3 MBProgress (2): 283/305 kB | 0.4/2.3 MBProgress (2): 287/305 kB | 0.4/2.3 MBProgress (2): 291/305 kB | 0.4/2.3 MBProgress (2): 295/305 kB | 0.4/2.3 MBProgress (2): 299/305 kB | 0.4/2.3 MBProgress (2): 303/305 kB | 0.4/2.3 MBProgress (2): 305 kB | 0.4/2.3 MB    Progress (2): 305 kB | 0.4/2.3 MBProgress (2): 305 kB | 0.4/2.3 MBProgress (2): 305 kB | 0.4/2.3 MBProgress (2): 305 kB | 0.5/2.3 MBProgress (2): 305 kB | 0.5/2.3 MBProgress (2): 305 kB | 0.5/2.3 MBProgress (2): 305 kB | 0.5/2.3 MBProgress (2): 305 kB | 0.5/2.3 MBProgress (2): 305 kB | 0.5/2.3 MBProgress (2): 305 kB | 0.6/2.3 MBProgress (2): 305 kB | 0.6/2.3 MB                                 Downloaded from central: https://repo.maven.apache.org/maven2/org/jdom/jdom2/2.0.6/jdom2-2.0.6.jar (305 kB at 441 kB/s)
Progress (1): 0.6/2.3 MBProgress (1): 0.6/2.3 MBProgress (1): 0.6/2.3 MBProgress (1): 0.6/2.3 MBProgress (1): 0.7/2.3 MBProgress (1): 0.7/2.3 MBProgress (1): 0.7/2.3 MBProgress (1): 0.7/2.3 MBProgress (1): 0.7/2.3 MBProgress (1): 0.7/2.3 MBProgress (1): 0.7/2.3 MBProgress (1): 0.8/2.3 MBProgress (1): 0.8/2.3 MBProgress (1): 0.8/2.3 MBProgress (1): 0.8/2.3 MBProgress (1): 0.8/2.3 MBProgress (1): 0.8/2.3 MBProgress (1): 0.9/2.3 MBProgress (1): 0.9/2.3 MBProgress (1): 0.9/2.3 MBProgress (1): 0.9/2.3 MBProgress (1): 0.9/2.3 MBProgress (1): 0.9/2.3 MBProgress (1): 1.0/2.3 MBProgress (1): 1.0/2.3 MBProgress (1): 1.0/2.3 MBProgress (1): 1.0/2.3 MBProgress (1): 1.0/2.3 MBProgress (1): 1.0/2.3 MBProgress (1): 1.1/2.3 MBProgress (1): 1.1/2.3 MBProgress (1): 1.1/2.3 MBProgress (1): 1.1/2.3 MBProgress (1): 1.1/2.3 MBProgress (1): 1.1/2.3 MBProgress (1): 1.2/2.3 MBProgress (1): 1.2/2.3 MBProgress (1): 1.2/2.3 MBProgress (1): 1.2/2.3 MBProgress (1): 1.2/2.3 MBProgress (1): 1.2/2.3 MBProgress (1): 1.3/2.3 MBProgress (1): 1.3/2.3 MBProgress (1): 1.3/2.3 MBProgress (1): 1.3/2.3 MBProgress (1): 1.3/2.3 MBProgress (1): 1.3/2.3 MBProgress (1): 1.3/2.3 MBProgress (1): 1.4/2.3 MBProgress (1): 1.4/2.3 MBProgress (1): 1.4/2.3 MBProgress (1): 1.4/2.3 MBProgress (1): 1.4/2.3 MBProgress (1): 1.4/2.3 MBProgress (1): 1.5/2.3 MBProgress (1): 1.5/2.3 MBProgress (1): 1.5/2.3 MBProgress (1): 1.5/2.3 MBProgress (1): 1.5/2.3 MBProgress (1): 1.5/2.3 MBProgress (1): 1.6/2.3 MBProgress (1): 1.6/2.3 MBProgress (1): 1.6/2.3 MBProgress (1): 1.6/2.3 MBProgress (1): 1.6/2.3 MBProgress (1): 1.6/2.3 MBProgress (1): 1.7/2.3 MBProgress (1): 1.7/2.3 MBProgress (1): 1.7/2.3 MBProgress (1): 1.7/2.3 MBProgress (1): 1.7/2.3 MBProgress (1): 1.7/2.3 MBProgress (1): 1.8/2.3 MBProgress (1): 1.8/2.3 MBProgress (1): 1.8/2.3 MBProgress (1): 1.8/2.3 MBProgress (1): 1.8/2.3 MBProgress (1): 1.8/2.3 MBProgress (1): 1.9/2.3 MBProgress (1): 1.9/2.3 MBProgress (1): 1.9/2.3 MBProgress (1): 1.9/2.3 MBProgress (1): 1.9/2.3 MBProgress (1): 1.9/2.3 MBProgress (1): 2.0/2.3 MBProgress (1): 2.0/2.3 MBProgress (1): 2.0/2.3 MBProgress (1): 2.0/2.3 MBProgress (1): 2.0/2.3 MBProgress (1): 2.0/2.3 MBProgress (1): 2.1/2.3 MBProgress (1): 2.1/2.3 MBProgress (1): 2.1/2.3 MBProgress (1): 2.1/2.3 MBProgress (1): 2.1/2.3 MBProgress (1): 2.1/2.3 MBProgress (1): 2.2/2.3 MBProgress (1): 2.2/2.3 MBProgress (1): 2.2/2.3 MBProgress (1): 2.2/2.3 MBProgress (1): 2.2/2.3 MBProgress (1): 2.2/2.3 MBProgress (1): 2.3/2.3 MBProgress (1): 2.3/2.3 MBProgress (1): 2.3/2.3 MBProgress (1): 2.3/2.3 MBProgress (1): 2.3 MB                        Downloaded from central: https://repo.maven.apache.org/maven2/com/google/guava/guava/19.0/guava-19.0.jar (2.3 MB at 2.9 MB/s)
[INFO] Replacing main artifact with repackaged archive
[INFO] ------------------------------------------------------------------------
[INFO] BUILD SUCCESS
[INFO] ------------------------------------------------------------------------
[INFO] Total time:  29.972 s
[INFO] Finished at: 2021-02-18T17:26:29Z
[INFO] ------------------------------------------------------------------------
Finished: SUCCESS
